{"C:\\Users\\ASUS\\OneDrive\\Escritorio\\Proyecto-transporte\\packages\\backend\\src\\config\\database.ts": {"path":"C:\\Users\\ASUS\\OneDrive\\Escritorio\\Proyecto-transporte\\packages\\backend\\src\\config\\database.ts","statementMap":{"0":{"start":{"line":1,"column":0},"end":{"line":1,"column":38}},"1":{"start":{"line":2,"column":0},"end":{"line":2,"column":33}},"2":{"start":{"line":4,"column":0},"end":{"line":4,"column":16}},"3":{"start":{"line":20,"column":4},"end":{"line":36,"column":5}},"4":{"start":{"line":21,"column":37},"end":{"line":27,"column":8}},"5":{"start":{"line":29,"column":6},"end":{"line":29,"column":39}},"6":{"start":{"line":32,"column":6},"end":{"line":35,"column":9}},"7":{"start":{"line":33,"column":8},"end":{"line":33,"column":62}},"8":{"start":{"line":34,"column":8},"end":{"line":34,"column":25}},"9":{"start":{"line":37,"column":4},"end":{"line":37,"column":33}},"10":{"start":{"line":38,"column":0},"end":{"line":38,"column":46}},"11":{"start":{"line":39,"column":0},"end":{"line":39,"column":46}},"12":{"start":{"line":40,"column":0},"end":{"line":40,"column":46}},"13":{"start":{"line":41,"column":0},"end":{"line":41,"column":46}},"14":{"start":{"line":42,"column":4},"end":{"line":42,"column":25}},"15":{"start":{"line":46,"column":17},"end":{"line":46,"column":35}},"16":{"start":{"line":47,"column":4},"end":{"line":54,"column":5}},"17":{"start":{"line":48,"column":21},"end":{"line":48,"column":41}},"18":{"start":{"line":49,"column":6},"end":{"line":49,"column":55}},"19":{"start":{"line":50,"column":6},"end":{"line":50,"column":23}},"20":{"start":{"line":52,"column":6},"end":{"line":52,"column":60}},"21":{"start":{"line":53,"column":6},"end":{"line":53,"column":18}},"22":{"start":{"line":58,"column":17},"end":{"line":58,"column":35}},"23":{"start":{"line":59,"column":4},"end":{"line":59,"column":21}},"24":{"start":{"line":60,"column":4},"end":{"line":60,"column":43}},"25":{"start":{"line":64,"column":9},"end":{"line":64,"column":27}}},"fnMap":{"0":{"name":"(anonymous_9)","decl":{"start":{"line":19,"column":2},"end":{"line":19,"column":8}},"loc":{"start":{"line":19,"column":20},"end":{"line":43,"column":3}}},"1":{"name":"(anonymous_10)","decl":{"start":{"line":32,"column":32},"end":{"line":32,"column":33}},"loc":{"start":{"line":32,"column":47},"end":{"line":35,"column":7}}},"2":{"name":"(anonymous_11)","decl":{"start":{"line":45,"column":2},"end":{"line":45,"column":8}},"loc":{"start":{"line":45,"column":22},"end":{"line":55,"column":3}}},"3":{"name":"(anonymous_12)","decl":{"start":{"line":57,"column":2},"end":{"line":57,"column":8}},"loc":{"start":{"line":57,"column":25},"end":{"line":61,"column":3}}}},"branchMap":{"0":{"loc":{"start":{"line":20,"column":4},"end":{"line":36,"column":5}},"type":"if","locations":[{"start":{"line":20,"column":4},"end":{"line":36,"column":5}}]},"1":{"loc":{"start":{"line":22,"column":14},"end":{"line":22,"column":50}},"type":"binary-expr","locations":[{"start":{"line":22,"column":14},"end":{"line":22,"column":33}},{"start":{"line":22,"column":37},"end":{"line":22,"column":50}}]},"2":{"loc":{"start":{"line":23,"column":18},"end":{"line":23,"column":66}},"type":"binary-expr","locations":[{"start":{"line":23,"column":18},"end":{"line":23,"column":41}},{"start":{"line":23,"column":45},"end":{"line":23,"column":66}}]},"3":{"loc":{"start":{"line":24,"column":14},"end":{"line":24,"column":48}},"type":"binary-expr","locations":[{"start":{"line":24,"column":14},"end":{"line":24,"column":33}},{"start":{"line":24,"column":37},"end":{"line":24,"column":48}}]},"4":{"loc":{"start":{"line":25,"column":23},"end":{"line":25,"column":52}},"type":"binary-expr","locations":[{"start":{"line":25,"column":23},"end":{"line":25,"column":42}},{"start":{"line":25,"column":46},"end":{"line":25,"column":52}}]},"5":{"loc":{"start":{"line":26,"column":18},"end":{"line":26,"column":53}},"type":"binary-expr","locations":[{"start":{"line":26,"column":18},"end":{"line":26,"column":37}},{"start":{"line":26,"column":41},"end":{"line":26,"column":53}}]}},"s":{"0":1,"1":1,"2":1,"3":0,"4":0,"5":0,"6":0,"7":0,"8":0,"9":0,"10":0,"11":0,"12":0,"13":0,"14":0,"15":0,"16":0,"17":0,"18":0,"19":0,"20":0,"21":0,"22":0,"23":0,"24":0,"25":1},"f":{"0":0,"1":0,"2":0,"3":0},"b":{"0":[0],"1":[0,0],"2":[0,0],"3":[0,0],"4":[0,0],"5":[0,0]}}
,"C:\\Users\\ASUS\\OneDrive\\Escritorio\\Proyecto-transporte\\packages\\backend\\src\\modules\\auth\\application\\dtos\\LoginDTO.ts": {"path":"C:\\Users\\ASUS\\OneDrive\\Escritorio\\Proyecto-transporte\\packages\\backend\\src\\modules\\auth\\application\\dtos\\LoginDTO.ts","statementMap":{"0":{"start":{"line":12,"column":4},"end":{"line":12,"column":23}},"1":{"start":{"line":13,"column":4},"end":{"line":13,"column":29}},"2":{"start":{"line":14,"column":4},"end":{"line":14,"column":20}},"3":{"start":{"line":18,"column":4},"end":{"line":20,"column":5}},"4":{"start":{"line":19,"column":6},"end":{"line":19,"column":64}},"5":{"start":{"line":22,"column":4},"end":{"line":24,"column":5}},"6":{"start":{"line":23,"column":6},"end":{"line":23,"column":80}},"7":{"start":{"line":26,"column":4},"end":{"line":28,"column":5}},"8":{"start":{"line":27,"column":6},"end":{"line":27,"column":46}},"9":{"start":{"line":32,"column":23},"end":{"line":32,"column":51}},"10":{"start":{"line":33,"column":4},"end":{"line":33,"column":34}},"11":{"start":{"line":7,"column":0},"end":{"line":7,"column":13}},"12":{"start":{"line":58,"column":4},"end":{"line":58,"column":23}},"13":{"start":{"line":59,"column":4},"end":{"line":59,"column":37}},"14":{"start":{"line":60,"column":4},"end":{"line":60,"column":50}},"15":{"start":{"line":40,"column":0},"end":{"line":40,"column":13}}},"fnMap":{"0":{"name":"(anonymous_0)","decl":{"start":{"line":11,"column":2},"end":{"line":11,"column":14}},"loc":{"start":{"line":11,"column":45},"end":{"line":15,"column":3}}},"1":{"name":"(anonymous_1)","decl":{"start":{"line":17,"column":10},"end":{"line":17,"column":18}},"loc":{"start":{"line":17,"column":18},"end":{"line":29,"column":3}}},"2":{"name":"(anonymous_2)","decl":{"start":{"line":31,"column":10},"end":{"line":31,"column":22}},"loc":{"start":{"line":31,"column":36},"end":{"line":34,"column":3}}},"3":{"name":"(anonymous_3)","decl":{"start":{"line":50,"column":2},"end":{"line":50,"column":null}},"loc":{"start":{"line":56,"column":16},"end":{"line":61,"column":3}}}},"branchMap":{"0":{"loc":{"start":{"line":18,"column":4},"end":{"line":20,"column":5}},"type":"if","locations":[{"start":{"line":18,"column":4},"end":{"line":20,"column":5}}]},"1":{"loc":{"start":{"line":18,"column":8},"end":{"line":18,"column":53}},"type":"binary-expr","locations":[{"start":{"line":18,"column":8},"end":{"line":18,"column":19}},{"start":{"line":18,"column":23},"end":{"line":18,"column":53}}]},"2":{"loc":{"start":{"line":22,"column":4},"end":{"line":24,"column":5}},"type":"if","locations":[{"start":{"line":22,"column":4},"end":{"line":24,"column":5}}]},"3":{"loc":{"start":{"line":22,"column":8},"end":{"line":22,"column":50}},"type":"binary-expr","locations":[{"start":{"line":22,"column":8},"end":{"line":22,"column":22}},{"start":{"line":22,"column":26},"end":{"line":22,"column":50}}]},"4":{"loc":{"start":{"line":26,"column":4},"end":{"line":28,"column":5}},"type":"if","locations":[{"start":{"line":26,"column":4},"end":{"line":28,"column":5}}]}},"s":{"0":4,"1":4,"2":4,"3":4,"4":0,"5":4,"6":0,"7":4,"8":0,"9":4,"10":4,"11":1,"12":1,"13":1,"14":1,"15":1},"f":{"0":4,"1":4,"2":4,"3":1},"b":{"0":[0],"1":[4,4],"2":[0],"3":[4,4],"4":[0]}}
,"C:\\Users\\ASUS\\OneDrive\\Escritorio\\Proyecto-transporte\\packages\\backend\\src\\modules\\auth\\application\\dtos\\RegisterDTO.ts": {"path":"C:\\Users\\ASUS\\OneDrive\\Escritorio\\Proyecto-transporte\\packages\\backend\\src\\modules\\auth\\application\\dtos\\RegisterDTO.ts","statementMap":{"0":{"start":{"line":11,"column":4},"end":{"line":11,"column":44}},"1":{"start":{"line":12,"column":4},"end":{"line":12,"column":21}},"2":{"start":{"line":13,"column":4},"end":{"line":13,"column":29}},"3":{"start":{"line":14,"column":4},"end":{"line":14,"column":20}},"4":{"start":{"line":18,"column":4},"end":{"line":20,"column":5}},"5":{"start":{"line":19,"column":6},"end":{"line":19,"column":62}},"6":{"start":{"line":22,"column":4},"end":{"line":24,"column":5}},"7":{"start":{"line":23,"column":6},"end":{"line":23,"column":78}},"8":{"start":{"line":26,"column":4},"end":{"line":28,"column":5}},"9":{"start":{"line":27,"column":6},"end":{"line":27,"column":68}},"10":{"start":{"line":30,"column":4},"end":{"line":32,"column":5}},"11":{"start":{"line":31,"column":6},"end":{"line":31,"column":112}},"12":{"start":{"line":36,"column":4},"end":{"line":36,"column":66}},"13":{"start":{"line":40,"column":23},"end":{"line":40,"column":54}},"14":{"start":{"line":41,"column":4},"end":{"line":41,"column":34}},"15":{"start":{"line":5,"column":0},"end":{"line":5,"column":13}},"16":{"start":{"line":61,"column":4},"end":{"line":61,"column":25}},"17":{"start":{"line":62,"column":4},"end":{"line":62,"column":23}},"18":{"start":{"line":63,"column":4},"end":{"line":63,"column":21}},"19":{"start":{"line":64,"column":4},"end":{"line":64,"column":45}},"20":{"start":{"line":65,"column":4},"end":{"line":65,"column":51}},"21":{"start":{"line":66,"column":4},"end":{"line":66,"column":45}},"22":{"start":{"line":45,"column":0},"end":{"line":45,"column":13}}},"fnMap":{"0":{"name":"(anonymous_0)","decl":{"start":{"line":10,"column":2},"end":{"line":10,"column":14}},"loc":{"start":{"line":10,"column":59},"end":{"line":15,"column":3}}},"1":{"name":"(anonymous_1)","decl":{"start":{"line":17,"column":10},"end":{"line":17,"column":18}},"loc":{"start":{"line":17,"column":18},"end":{"line":33,"column":3}}},"2":{"name":"(anonymous_2)","decl":{"start":{"line":35,"column":10},"end":{"line":35,"column":26}},"loc":{"start":{"line":35,"column":43},"end":{"line":37,"column":3}}},"3":{"name":"(anonymous_3)","decl":{"start":{"line":39,"column":10},"end":{"line":39,"column":35}},"loc":{"start":{"line":39,"column":49},"end":{"line":42,"column":3}}},"4":{"name":"(anonymous_4)","decl":{"start":{"line":53,"column":2},"end":{"line":53,"column":null}},"loc":{"start":{"line":59,"column":19},"end":{"line":67,"column":3}}}},"branchMap":{"0":{"loc":{"start":{"line":18,"column":4},"end":{"line":20,"column":5}},"type":"if","locations":[{"start":{"line":18,"column":4},"end":{"line":20,"column":5}}]},"1":{"loc":{"start":{"line":18,"column":8},"end":{"line":18,"column":53}},"type":"binary-expr","locations":[{"start":{"line":18,"column":8},"end":{"line":18,"column":19}},{"start":{"line":18,"column":23},"end":{"line":18,"column":53}}]},"2":{"loc":{"start":{"line":22,"column":4},"end":{"line":24,"column":5}},"type":"if","locations":[{"start":{"line":22,"column":4},"end":{"line":24,"column":5}}]},"3":{"loc":{"start":{"line":26,"column":4},"end":{"line":28,"column":5}},"type":"if","locations":[{"start":{"line":26,"column":4},"end":{"line":28,"column":5}}]},"4":{"loc":{"start":{"line":26,"column":8},"end":{"line":26,"column":49}},"type":"binary-expr","locations":[{"start":{"line":26,"column":8},"end":{"line":26,"column":18}},{"start":{"line":26,"column":22},"end":{"line":26,"column":49}}]},"5":{"loc":{"start":{"line":30,"column":4},"end":{"line":32,"column":5}},"type":"if","locations":[{"start":{"line":30,"column":4},"end":{"line":32,"column":5}}]},"6":{"loc":{"start":{"line":30,"column":8},"end":{"line":30,"column":63}},"type":"binary-expr","locations":[{"start":{"line":30,"column":8},"end":{"line":30,"column":22}},{"start":{"line":30,"column":26},"end":{"line":30,"column":63}}]}},"s":{"0":13,"1":13,"2":13,"3":13,"4":13,"5":0,"6":13,"7":2,"8":11,"9":2,"10":9,"11":1,"12":9,"13":13,"14":13,"15":1,"16":6,"17":6,"18":6,"19":6,"20":6,"21":6,"22":1},"f":{"0":13,"1":13,"2":9,"3":13,"4":6},"b":{"0":[0],"1":[13,13],"2":[2],"3":[2],"4":[11,10],"5":[1],"6":[9,9]}}
,"C:\\Users\\ASUS\\OneDrive\\Escritorio\\Proyecto-transporte\\packages\\backend\\src\\modules\\auth\\application\\usecases\\LoginUseCase.ts": {"path":"C:\\Users\\ASUS\\OneDrive\\Escritorio\\Proyecto-transporte\\packages\\backend\\src\\modules\\auth\\application\\usecases\\LoginUseCase.ts","statementMap":{"0":{"start":{"line":2,"column":0},"end":{"line":2,"column":62}},"1":{"start":{"line":4,"column":0},"end":{"line":4,"column":62}},"2":{"start":{"line":5,"column":0},"end":{"line":5,"column":63}},"3":{"start":{"line":22,"column":22},"end":{"line":22,"column":53}},"4":{"start":{"line":26,"column":17},"end":{"line":26,"column":67}},"5":{"start":{"line":28,"column":4},"end":{"line":31,"column":5}},"6":{"start":{"line":30,"column":6},"end":{"line":30,"column":65}},"7":{"start":{"line":34,"column":4},"end":{"line":36,"column":5}},"8":{"start":{"line":35,"column":6},"end":{"line":35,"column":84}},"9":{"start":{"line":39,"column":28},"end":{"line":39,"column":94}},"10":{"start":{"line":41,"column":4},"end":{"line":43,"column":5}},"11":{"start":{"line":42,"column":6},"end":{"line":42,"column":65}},"12":{"start":{"line":46,"column":42},"end":{"line":50,"column":6}},"13":{"start":{"line":53,"column":4},"end":{"line":53,"column":102}},"14":{"start":{"line":21,"column":0},"end":{"line":21,"column":13}}},"fnMap":{"0":{"name":"(anonymous_0)","decl":{"start":{"line":22,"column":2},"end":{"line":22,"column":22}},"loc":{"start":{"line":22,"column":53},"end":{"line":22,"column":57}}},"1":{"name":"(anonymous_1)","decl":{"start":{"line":24,"column":2},"end":{"line":24,"column":7}},"loc":{"start":{"line":24,"column":31},"end":{"line":54,"column":3}}}},"branchMap":{"0":{"loc":{"start":{"line":28,"column":4},"end":{"line":31,"column":5}},"type":"if","locations":[{"start":{"line":28,"column":4},"end":{"line":31,"column":5}}]},"1":{"loc":{"start":{"line":34,"column":4},"end":{"line":36,"column":5}},"type":"if","locations":[{"start":{"line":34,"column":4},"end":{"line":36,"column":5}}]},"2":{"loc":{"start":{"line":41,"column":4},"end":{"line":43,"column":5}},"type":"if","locations":[{"start":{"line":41,"column":4},"end":{"line":43,"column":5}}]}},"s":{"0":1,"1":1,"2":1,"3":4,"4":4,"5":4,"6":1,"7":3,"8":1,"9":2,"10":2,"11":1,"12":1,"13":1,"14":1},"f":{"0":4,"1":4},"b":{"0":[1],"1":[1],"2":[1]}}
,"C:\\Users\\ASUS\\OneDrive\\Escritorio\\Proyecto-transporte\\packages\\backend\\src\\modules\\auth\\application\\usecases\\RegisterUseCase.ts": {"path":"C:\\Users\\ASUS\\OneDrive\\Escritorio\\Proyecto-transporte\\packages\\backend\\src\\modules\\auth\\application\\usecases\\RegisterUseCase.ts","statementMap":{"0":{"start":{"line":7,"column":0},"end":{"line":7,"column":71}},"1":{"start":{"line":9,"column":0},"end":{"line":9,"column":56}},"2":{"start":{"line":10,"column":0},"end":{"line":10,"column":51}},"3":{"start":{"line":11,"column":0},"end":{"line":11,"column":54}},"4":{"start":{"line":12,"column":0},"end":{"line":12,"column":61}},"5":{"start":{"line":15,"column":22},"end":{"line":15,"column":53}},"6":{"start":{"line":18,"column":17},"end":{"line":18,"column":49}},"7":{"start":{"line":19,"column":4},"end":{"line":29,"column":7}},"8":{"start":{"line":33,"column":4},"end":{"line":33,"column":49}},"9":{"start":{"line":36,"column":28},"end":{"line":36,"column":60}},"10":{"start":{"line":37,"column":23},"end":{"line":37,"column":54}},"11":{"start":{"line":38,"column":4},"end":{"line":40,"column":5}},"12":{"start":{"line":39,"column":6},"end":{"line":39,"column":86}},"13":{"start":{"line":43,"column":25},"end":{"line":43,"column":79}},"14":{"start":{"line":44,"column":4},"end":{"line":46,"column":5}},"15":{"start":{"line":45,"column":6},"end":{"line":45,"column":71}},"16":{"start":{"line":49,"column":27},"end":{"line":49,"column":69}},"17":{"start":{"line":52,"column":29},"end":{"line":52,"column":83}},"18":{"start":{"line":53,"column":22},"end":{"line":53,"column":59}},"19":{"start":{"line":56,"column":17},"end":{"line":56,"column":49}},"20":{"start":{"line":57,"column":4},"end":{"line":70,"column":6}},"21":{"start":{"line":73,"column":4},"end":{"line":73,"column":80}},"22":{"start":{"line":76,"column":4},"end":{"line":82,"column":6}},"23":{"start":{"line":14,"column":0},"end":{"line":14,"column":13}}},"fnMap":{"0":{"name":"(anonymous_0)","decl":{"start":{"line":15,"column":2},"end":{"line":15,"column":22}},"loc":{"start":{"line":15,"column":53},"end":{"line":15,"column":57}}},"1":{"name":"(anonymous_1)","decl":{"start":{"line":17,"column":10},"end":{"line":17,"column":15}},"loc":{"start":{"line":17,"column":47},"end":{"line":30,"column":3}}},"2":{"name":"(anonymous_2)","decl":{"start":{"line":32,"column":2},"end":{"line":32,"column":7}},"loc":{"start":{"line":32,"column":34},"end":{"line":83,"column":3}}}},"branchMap":{"0":{"loc":{"start":{"line":38,"column":4},"end":{"line":40,"column":5}},"type":"if","locations":[{"start":{"line":38,"column":4},"end":{"line":40,"column":5}}]},"1":{"loc":{"start":{"line":44,"column":4},"end":{"line":46,"column":5}},"type":"if","locations":[{"start":{"line":44,"column":4},"end":{"line":46,"column":5}}]}},"s":{"0":1,"1":1,"2":1,"3":1,"4":1,"5":13,"6":8,"7":8,"8":8,"9":8,"10":8,"11":8,"12":0,"13":8,"14":8,"15":1,"16":7,"17":7,"18":7,"19":7,"20":7,"21":7,"22":6,"23":1},"f":{"0":13,"1":8,"2":8},"b":{"0":[0],"1":[1]}}
,"C:\\Users\\ASUS\\OneDrive\\Escritorio\\Proyecto-transporte\\packages\\backend\\src\\modules\\auth\\application\\usecases\\RequestPasswordResetUseCase.ts": {"path":"C:\\Users\\ASUS\\OneDrive\\Escritorio\\Proyecto-transporte\\packages\\backend\\src\\modules\\auth\\application\\usecases\\RequestPasswordResetUseCase.ts","statementMap":{"0":{"start":{"line":1,"column":0},"end":{"line":1,"column":28}},"1":{"start":{"line":4,"column":0},"end":{"line":4,"column":54}},"2":{"start":{"line":5,"column":0},"end":{"line":5,"column":61}},"3":{"start":{"line":19,"column":22},"end":{"line":19,"column":53}},"4":{"start":{"line":22,"column":17},"end":{"line":22,"column":49}},"5":{"start":{"line":23,"column":4},"end":{"line":32,"column":7}},"6":{"start":{"line":36,"column":4},"end":{"line":36,"column":49}},"7":{"start":{"line":40,"column":4},"end":{"line":40,"column":67}},"8":{"start":{"line":44,"column":4},"end":{"line":44,"column":42}},"9":{"start":{"line":46,"column":28},"end":{"line":46,"column":60}},"10":{"start":{"line":47,"column":17},"end":{"line":47,"column":71}},"11":{"start":{"line":49,"column":29},"end":{"line":49,"column":31}},"12":{"start":{"line":51,"column":4},"end":{"line":53,"column":5}},"13":{"start":{"line":52,"column":6},"end":{"line":52,"column":51}},"14":{"start":{"line":55,"column":23},"end":{"line":55,"column":61}},"15":{"start":{"line":56,"column":22},"end":{"line":56,"column":71}},"16":{"start":{"line":57,"column":22},"end":{"line":57,"column":73}},"17":{"start":{"line":59,"column":17},"end":{"line":59,"column":49}},"18":{"start":{"line":60,"column":4},"end":{"line":71,"column":6}},"19":{"start":{"line":73,"column":24},"end":{"line":73,"column":75}},"20":{"start":{"line":74,"column":21},"end":{"line":74,"column":72}},"21":{"start":{"line":76,"column":4},"end":{"line":76,"column":73}},"22":{"start":{"line":78,"column":47},"end":{"line":81,"column":6}},"23":{"start":{"line":83,"column":4},"end":{"line":86,"column":5}},"24":{"start":{"line":84,"column":6},"end":{"line":84,"column":37}},"25":{"start":{"line":85,"column":6},"end":{"line":85,"column":33}},"26":{"start":{"line":88,"column":4},"end":{"line":88,"column":18}},"27":{"start":{"line":18,"column":0},"end":{"line":18,"column":13}}},"fnMap":{"0":{"name":"(anonymous_1)","decl":{"start":{"line":19,"column":2},"end":{"line":19,"column":22}},"loc":{"start":{"line":19,"column":53},"end":{"line":19,"column":57}}},"1":{"name":"(anonymous_2)","decl":{"start":{"line":21,"column":10},"end":{"line":21,"column":15}},"loc":{"start":{"line":21,"column":40},"end":{"line":33,"column":3}}},"2":{"name":"(anonymous_3)","decl":{"start":{"line":35,"column":10},"end":{"line":35,"column":16}},"loc":{"start":{"line":35,"column":26},"end":{"line":37,"column":3}}},"3":{"name":"(anonymous_4)","decl":{"start":{"line":39,"column":10},"end":{"line":39,"column":16}},"loc":{"start":{"line":39,"column":40},"end":{"line":41,"column":3}}},"4":{"name":"(anonymous_5)","decl":{"start":{"line":43,"column":2},"end":{"line":43,"column":7}},"loc":{"start":{"line":43,"column":48},"end":{"line":89,"column":3}}}},"branchMap":{"0":{"loc":{"start":{"line":51,"column":4},"end":{"line":53,"column":5}},"type":"if","locations":[{"start":{"line":51,"column":4},"end":{"line":53,"column":5}}]},"1":{"loc":{"start":{"line":73,"column":24},"end":{"line":73,"column":75}},"type":"binary-expr","locations":[{"start":{"line":73,"column":24},"end":{"line":73,"column":48}},{"start":{"line":73,"column":52},"end":{"line":73,"column":75}}]},"2":{"loc":{"start":{"line":83,"column":4},"end":{"line":86,"column":5}},"type":"if","locations":[{"start":{"line":83,"column":4},"end":{"line":86,"column":5}}]}},"s":{"0":1,"1":1,"2":1,"3":2,"4":2,"5":2,"6":1,"7":1,"8":2,"9":2,"10":2,"11":2,"12":2,"13":1,"14":1,"15":1,"16":1,"17":1,"18":1,"19":1,"20":1,"21":1,"22":1,"23":1,"24":1,"25":1,"26":1,"27":1},"f":{"0":2,"1":2,"2":1,"3":1,"4":2},"b":{"0":[1],"1":[1,0],"2":[1]}}
,"C:\\Users\\ASUS\\OneDrive\\Escritorio\\Proyecto-transporte\\packages\\backend\\src\\shared\\errors\\AppError.ts": {"path":"C:\\Users\\ASUS\\OneDrive\\Escritorio\\Proyecto-transporte\\packages\\backend\\src\\shared\\errors\\AppError.ts","statementMap":{"0":{"start":{"line":14,"column":4},"end":{"line":14,"column":19}},"1":{"start":{"line":15,"column":4},"end":{"line":15,"column":54}},"2":{"start":{"line":17,"column":4},"end":{"line":17,"column":33}},"3":{"start":{"line":18,"column":4},"end":{"line":18,"column":39}},"4":{"start":{"line":20,"column":4},"end":{"line":20,"column":52}},"5":{"start":{"line":5,"column":0},"end":{"line":5,"column":13}},"6":{"start":{"line":27,"column":4},"end":{"line":27,"column":24}},"7":{"start":{"line":25,"column":0},"end":{"line":25,"column":13}},"8":{"start":{"line":33,"column":4},"end":{"line":33,"column":24}},"9":{"start":{"line":31,"column":0},"end":{"line":31,"column":13}},"10":{"start":{"line":40,"column":4},"end":{"line":40,"column":19}},"11":{"start":{"line":38,"column":0},"end":{"line":38,"column":13}},"12":{"start":{"line":46,"column":4},"end":{"line":46,"column":24}},"13":{"start":{"line":44,"column":0},"end":{"line":44,"column":13}},"14":{"start":{"line":52,"column":4},"end":{"line":52,"column":24}},"15":{"start":{"line":50,"column":0},"end":{"line":50,"column":13}},"16":{"start":{"line":58,"column":4},"end":{"line":58,"column":24}},"17":{"start":{"line":56,"column":0},"end":{"line":56,"column":13}},"18":{"start":{"line":64,"column":4},"end":{"line":64,"column":31}},"19":{"start":{"line":62,"column":0},"end":{"line":62,"column":13}},"20":{"start":{"line":70,"column":4},"end":{"line":70,"column":24}},"21":{"start":{"line":68,"column":0},"end":{"line":68,"column":13}}},"fnMap":{"0":{"name":"(anonymous_0)","decl":{"start":{"line":9,"column":2},"end":{"line":9,"column":null}},"loc":{"start":{"line":12,"column":33},"end":{"line":21,"column":3}}},"1":{"name":"(anonymous_1)","decl":{"start":{"line":26,"column":2},"end":{"line":26,"column":14}},"loc":{"start":{"line":26,"column":29},"end":{"line":28,"column":3}}},"2":{"name":"(anonymous_2)","decl":{"start":{"line":32,"column":2},"end":{"line":32,"column":14}},"loc":{"start":{"line":32,"column":55},"end":{"line":34,"column":3}}},"3":{"name":"(anonymous_3)","decl":{"start":{"line":39,"column":2},"end":{"line":39,"column":14}},"loc":{"start":{"line":39,"column":46},"end":{"line":41,"column":3}}},"4":{"name":"(anonymous_4)","decl":{"start":{"line":45,"column":2},"end":{"line":45,"column":14}},"loc":{"start":{"line":45,"column":47},"end":{"line":47,"column":3}}},"5":{"name":"(anonymous_5)","decl":{"start":{"line":51,"column":2},"end":{"line":51,"column":14}},"loc":{"start":{"line":51,"column":29},"end":{"line":53,"column":3}}},"6":{"name":"(anonymous_6)","decl":{"start":{"line":57,"column":2},"end":{"line":57,"column":14}},"loc":{"start":{"line":57,"column":29},"end":{"line":59,"column":3}}},"7":{"name":"(anonymous_7)","decl":{"start":{"line":63,"column":2},"end":{"line":63,"column":14}},"loc":{"start":{"line":63,"column":55},"end":{"line":65,"column":3}}},"8":{"name":"(anonymous_8)","decl":{"start":{"line":69,"column":2},"end":{"line":69,"column":14}},"loc":{"start":{"line":69,"column":43},"end":{"line":71,"column":3}}}},"branchMap":{"0":{"loc":{"start":{"line":11,"column":4},"end":{"line":11,"column":28}},"type":"default-arg","locations":[{"start":{"line":11,"column":25},"end":{"line":11,"column":28}}]},"1":{"loc":{"start":{"line":12,"column":4},"end":{"line":12,"column":33}},"type":"default-arg","locations":[{"start":{"line":12,"column":29},"end":{"line":12,"column":33}}]},"2":{"loc":{"start":{"line":32,"column":14},"end":{"line":32,"column":55}},"type":"default-arg","locations":[{"start":{"line":32,"column":32},"end":{"line":32,"column":55}}]},"3":{"loc":{"start":{"line":39,"column":14},"end":{"line":39,"column":46}},"type":"default-arg","locations":[{"start":{"line":39,"column":32},"end":{"line":39,"column":46}}]},"4":{"loc":{"start":{"line":45,"column":14},"end":{"line":45,"column":47}},"type":"default-arg","locations":[{"start":{"line":45,"column":32},"end":{"line":45,"column":47}}]},"5":{"loc":{"start":{"line":63,"column":14},"end":{"line":63,"column":55}},"type":"default-arg","locations":[{"start":{"line":63,"column":32},"end":{"line":63,"column":55}}]},"6":{"loc":{"start":{"line":69,"column":14},"end":{"line":69,"column":43}},"type":"default-arg","locations":[{"start":{"line":69,"column":32},"end":{"line":69,"column":43}}]}},"s":{"0":4,"1":4,"2":4,"3":4,"4":4,"5":2,"6":0,"7":2,"8":3,"9":2,"10":0,"11":2,"12":0,"13":2,"14":0,"15":2,"16":1,"17":2,"18":0,"19":2,"20":0,"21":2},"f":{"0":4,"1":0,"2":3,"3":0,"4":0,"5":0,"6":1,"7":0,"8":0},"b":{"0":[0],"1":[4],"2":[0],"3":[0],"4":[0],"5":[0],"6":[0]}}
,"C:\\Users\\ASUS\\OneDrive\\Escritorio\\Proyecto-transporte\\packages\\backend\\src\\shared\\services\\EmailService.ts": {"path":"C:\\Users\\ASUS\\OneDrive\\Escritorio\\Proyecto-transporte\\packages\\backend\\src\\shared\\services\\EmailService.ts","statementMap":{"0":{"start":{"line":1,"column":0},"end":{"line":1,"column":36}},"1":{"start":{"line":5,"column":4},"end":{"line":5,"column":49}},"2":{"start":{"line":9,"column":22},"end":{"line":9,"column":52}},"3":{"start":{"line":10,"column":22},"end":{"line":10,"column":65}},"4":{"start":{"line":12,"column":4},"end":{"line":19,"column":5}},"5":{"start":{"line":13,"column":6},"end":{"line":15,"column":7}},"6":{"start":{"line":14,"column":8},"end":{"line":14,"column":20}},"7":{"start":{"line":16,"column":6},"end":{"line":18,"column":8}},"8":{"start":{"line":21,"column":21},"end":{"line":21,"column":42}},"9":{"start":{"line":22,"column":21},"end":{"line":22,"column":42}},"10":{"start":{"line":24,"column":4},"end":{"line":34,"column":5}},"11":{"start":{"line":25,"column":6},"end":{"line":33,"column":9}},"12":{"start":{"line":36,"column":4},"end":{"line":42,"column":7}},"13":{"start":{"line":46,"column":24},"end":{"line":46,"column":48}},"14":{"start":{"line":48,"column":4},"end":{"line":51,"column":5}},"15":{"start":{"line":49,"column":6},"end":{"line":49,"column":47}},"16":{"start":{"line":50,"column":6},"end":{"line":50,"column":13}},"17":{"start":{"line":53,"column":4},"end":{"line":59,"column":5}},"18":{"start":{"line":54,"column":6},"end":{"line":54,"column":42}},"19":{"start":{"line":56,"column":6},"end":{"line":58,"column":8}},"20":{"start":{"line":63,"column":4},"end":{"line":73,"column":7}},"21":{"start":{"line":77,"column":4},"end":{"line":87,"column":7}},"22":{"start":{"line":3,"column":0},"end":{"line":3,"column":13}}},"fnMap":{"0":{"name":"(anonymous_1)","decl":{"start":{"line":4,"column":10},"end":{"line":4,"column":16}},"loc":{"start":{"line":4,"column":26},"end":{"line":6,"column":3}}},"1":{"name":"(anonymous_2)","decl":{"start":{"line":8,"column":10},"end":{"line":8,"column":16}},"loc":{"start":{"line":8,"column":34},"end":{"line":43,"column":3}}},"2":{"name":"(anonymous_3)","decl":{"start":{"line":45,"column":10},"end":{"line":45,"column":16}},"loc":{"start":{"line":45,"column":67},"end":{"line":60,"column":3}}},"3":{"name":"(anonymous_4)","decl":{"start":{"line":62,"column":2},"end":{"line":62,"column":8}},"loc":{"start":{"line":62,"column":61},"end":{"line":74,"column":3}}},"4":{"name":"(anonymous_5)","decl":{"start":{"line":76,"column":2},"end":{"line":76,"column":8}},"loc":{"start":{"line":76,"column":66},"end":{"line":88,"column":3}}}},"branchMap":{"0":{"loc":{"start":{"line":12,"column":4},"end":{"line":19,"column":5}},"type":"if","locations":[{"start":{"line":12,"column":4},"end":{"line":19,"column":5}}]},"1":{"loc":{"start":{"line":12,"column":8},"end":{"line":12,"column":32}},"type":"binary-expr","locations":[{"start":{"line":12,"column":8},"end":{"line":12,"column":18}},{"start":{"line":12,"column":22},"end":{"line":12,"column":32}}]},"2":{"loc":{"start":{"line":13,"column":6},"end":{"line":15,"column":7}},"type":"if","locations":[{"start":{"line":13,"column":6},"end":{"line":15,"column":7}}]},"3":{"loc":{"start":{"line":24,"column":4},"end":{"line":34,"column":5}},"type":"if","locations":[{"start":{"line":24,"column":4},"end":{"line":34,"column":5}}]},"4":{"loc":{"start":{"line":27,"column":14},"end":{"line":27,"column":47}},"type":"cond-expr","locations":[{"start":{"line":27,"column":25},"end":{"line":27,"column":41}},{"start":{"line":27,"column":44},"end":{"line":27,"column":47}}]},"5":{"loc":{"start":{"line":48,"column":4},"end":{"line":51,"column":5}},"type":"if","locations":[{"start":{"line":48,"column":4},"end":{"line":51,"column":5}}]},"6":{"loc":{"start":{"line":57,"column":40},"end":{"line":57,"column":70}},"type":"binary-expr","locations":[{"start":{"line":57,"column":40},"end":{"line":57,"column":54}},{"start":{"line":57,"column":58},"end":{"line":57,"column":70}}]},"7":{"loc":{"start":{"line":64,"column":25},"end":{"line":64,"column":74}},"type":"binary-expr","locations":[{"start":{"line":64,"column":25},"end":{"line":64,"column":47}},{"start":{"line":64,"column":51},"end":{"line":64,"column":74}}]},"8":{"loc":{"start":{"line":78,"column":25},"end":{"line":78,"column":74}},"type":"binary-expr","locations":[{"start":{"line":78,"column":25},"end":{"line":78,"column":47}},{"start":{"line":78,"column":51},"end":{"line":78,"column":74}}]}},"s":{"0":1,"1":0,"2":0,"3":0,"4":0,"5":0,"6":0,"7":0,"8":0,"9":0,"10":0,"11":0,"12":0,"13":0,"14":0,"15":0,"16":0,"17":0,"18":0,"19":0,"20":0,"21":0,"22":1},"f":{"0":0,"1":0,"2":0,"3":0,"4":0},"b":{"0":[0],"1":[0,0],"2":[0],"3":[0],"4":[0,0],"5":[0],"6":[0,0],"7":[0,0],"8":[0,0]}}
,"C:\\Users\\ASUS\\OneDrive\\Escritorio\\Proyecto-transporte\\packages\\backend\\src\\shared\\services\\JWTService.ts": {"path":"C:\\Users\\ASUS\\OneDrive\\Escritorio\\Proyecto-transporte\\packages\\backend\\src\\shared\\services\\JWTService.ts","statementMap":{"0":{"start":{"line":10,"column":0},"end":{"line":10,"column":31}},"1":{"start":{"line":35,"column":24},"end":{"line":37,"column":13}},"2":{"start":{"line":39,"column":25},"end":{"line":41,"column":13}},"3":{"start":{"line":43,"column":4},"end":{"line":43,"column":41}},"4":{"start":{"line":50,"column":4},"end":{"line":55,"column":5}},"5":{"start":{"line":51,"column":22},"end":{"line":51,"column":73}},"6":{"start":{"line":52,"column":6},"end":{"line":52,"column":21}},"7":{"start":{"line":54,"column":6},"end":{"line":54,"column":57}},"8":{"start":{"line":62,"column":4},"end":{"line":67,"column":5}},"9":{"start":{"line":63,"column":22},"end":{"line":63,"column":74}},"10":{"start":{"line":64,"column":6},"end":{"line":64,"column":21}},"11":{"start":{"line":66,"column":6},"end":{"line":66,"column":58}},"12":{"start":{"line":74,"column":4},"end":{"line":76,"column":14}},"13":{"start":{"line":83,"column":4},"end":{"line":87,"column":5}},"14":{"start":{"line":84,"column":6},"end":{"line":84,"column":45}},"15":{"start":{"line":86,"column":6},"end":{"line":86,"column":18}},"16":{"start":{"line":25,"column":0},"end":{"line":25,"column":13}},"17":{"start":{"line":26,"column":26},"end":{"line":26,"column":128}},"18":{"start":{"line":27,"column":26},"end":{"line":27,"column":141}},"19":{"start":{"line":28,"column":26},"end":{"line":28,"column":98}},"20":{"start":{"line":29,"column":26},"end":{"line":29,"column":108}}},"fnMap":{"0":{"name":"(anonymous_1)","decl":{"start":{"line":34,"column":2},"end":{"line":34,"column":8}},"loc":{"start":{"line":34,"column":67},"end":{"line":44,"column":3}}},"1":{"name":"(anonymous_2)","decl":{"start":{"line":49,"column":2},"end":{"line":49,"column":8}},"loc":{"start":{"line":49,"column":42},"end":{"line":56,"column":3}}},"2":{"name":"(anonymous_3)","decl":{"start":{"line":61,"column":2},"end":{"line":61,"column":8}},"loc":{"start":{"line":61,"column":43},"end":{"line":68,"column":3}}},"3":{"name":"(anonymous_4)","decl":{"start":{"line":73,"column":2},"end":{"line":73,"column":8}},"loc":{"start":{"line":73,"column":69},"end":{"line":77,"column":3}}},"4":{"name":"(anonymous_5)","decl":{"start":{"line":82,"column":2},"end":{"line":82,"column":8}},"loc":{"start":{"line":82,"column":29},"end":{"line":88,"column":3}}}},"branchMap":{"0":{"loc":{"start":{"line":26,"column":51},"end":{"line":26,"column":116}},"type":"binary-expr","locations":[{"start":{"line":26,"column":51},"end":{"line":26,"column":73}},{"start":{"line":26,"column":77},"end":{"line":26,"column":116}}]},"1":{"loc":{"start":{"line":27,"column":52},"end":{"line":27,"column":129}},"type":"binary-expr","locations":[{"start":{"line":27,"column":52},"end":{"line":27,"column":82}},{"start":{"line":27,"column":86},"end":{"line":27,"column":129}}]},"2":{"loc":{"start":{"line":28,"column":52},"end":{"line":28,"column":86}},"type":"binary-expr","locations":[{"start":{"line":28,"column":52},"end":{"line":28,"column":78}},{"start":{"line":28,"column":82},"end":{"line":28,"column":86}}]},"3":{"loc":{"start":{"line":29,"column":53},"end":{"line":29,"column":96}},"type":"binary-expr","locations":[{"start":{"line":29,"column":53},"end":{"line":29,"column":87}},{"start":{"line":29,"column":91},"end":{"line":29,"column":96}}]}},"s":{"0":1,"1":0,"2":0,"3":0,"4":0,"5":0,"6":0,"7":0,"8":0,"9":0,"10":0,"11":0,"12":0,"13":0,"14":0,"15":0,"16":1,"17":1,"18":1,"19":1,"20":1},"f":{"0":0,"1":0,"2":0,"3":0,"4":0},"b":{"0":[1,1],"1":[1,1],"2":[1,1],"3":[1,1]}}
,"C:\\Users\\ASUS\\OneDrive\\Escritorio\\Proyecto-transporte\\packages\\backend\\src\\shared\\services\\PasswordService.ts": {"path":"C:\\Users\\ASUS\\OneDrive\\Escritorio\\Proyecto-transporte\\packages\\backend\\src\\shared\\services\\PasswordService.ts","statementMap":{"0":{"start":{"line":7,"column":0},"end":{"line":7,"column":30}},"1":{"start":{"line":9,"column":20},"end":{"line":9,"column":22}},"2":{"start":{"line":16,"column":4},"end":{"line":16,"column":46}},"3":{"start":{"line":23,"column":4},"end":{"line":23,"column":57}},"4":{"start":{"line":11,"column":0},"end":{"line":11,"column":13}}},"fnMap":{"0":{"name":"(anonymous_1)","decl":{"start":{"line":15,"column":2},"end":{"line":15,"column":8}},"loc":{"start":{"line":15,"column":36},"end":{"line":17,"column":3}}},"1":{"name":"(anonymous_2)","decl":{"start":{"line":22,"column":2},"end":{"line":22,"column":8}},"loc":{"start":{"line":22,"column":68},"end":{"line":24,"column":3}}}},"branchMap":{},"s":{"0":1,"1":1,"2":0,"3":0,"4":1},"f":{"0":0,"1":0},"b":{}}
,"C:\\Users\\ASUS\\OneDrive\\Escritorio\\Proyecto-transporte\\packages\\backend\\src\\shared\\services\\index.ts": {"path":"C:\\Users\\ASUS\\OneDrive\\Escritorio\\Proyecto-transporte\\packages\\backend\\src\\shared\\services\\index.ts","statementMap":{"0":{"start":{"line":5,"column":0},"end":{"line":5,"column":9}},"1":{"start":{"line":5,"column":9},"end":{"line":5,"column":42}},"2":{"start":{"line":7,"column":0},"end":{"line":7,"column":9}},"3":{"start":{"line":7,"column":9},"end":{"line":7,"column":52}}},"fnMap":{"0":{"name":"(anonymous_0)","decl":{"start":{"line":5,"column":9},"end":{"line":5,"column":19}},"loc":{"start":{"line":5,"column":9},"end":{"line":5,"column":42}}},"1":{"name":"(anonymous_1)","decl":{"start":{"line":7,"column":9},"end":{"line":7,"column":24}},"loc":{"start":{"line":7,"column":9},"end":{"line":7,"column":52}}}},"branchMap":{},"s":{"0":1,"1":2,"2":1,"3":3},"f":{"0":1,"1":2},"b":{}}
}
