TN:
SF:src\config\database.ts
FN:19,(anonymous_9)
FN:32,(anonymous_10)
FN:45,(anonymous_11)
FN:57,(anonymous_12)
FNF:4
FNH:0
FNDA:0,(anonymous_9)
FNDA:0,(anonymous_10)
FNDA:0,(anonymous_11)
FNDA:0,(anonymous_12)
DA:1,1
DA:2,1
DA:4,1
DA:20,0
DA:21,0
DA:29,0
DA:32,0
DA:33,0
DA:34,0
DA:37,0
DA:38,0
DA:39,0
DA:40,0
DA:41,0
DA:42,0
DA:46,0
DA:47,0
DA:48,0
DA:49,0
DA:50,0
DA:52,0
DA:53,0
DA:58,0
DA:59,0
DA:60,0
DA:64,1
LF:26
LH:4
BRDA:20,0,0,0
BRDA:22,1,0,0
BRDA:22,1,1,0
BRDA:23,2,0,0
BRDA:23,2,1,0
BRDA:24,3,0,0
BRDA:24,3,1,0
BRDA:25,4,0,0
BRDA:25,4,1,0
BRDA:26,5,0,0
BRDA:26,5,1,0
BRF:11
BRH:0
end_of_record
TN:
SF:src\modules\auth\application\dtos\LoginDTO.ts
FN:11,(anonymous_0)
FN:17,(anonymous_1)
FN:31,(anonymous_2)
FN:50,(anonymous_3)
FNF:4
FNH:4
FNDA:4,(anonymous_0)
FNDA:4,(anonymous_1)
FNDA:4,(anonymous_2)
FNDA:1,(anonymous_3)
DA:7,1
DA:12,4
DA:13,4
DA:14,4
DA:18,4
DA:19,0
DA:22,4
DA:23,0
DA:26,4
DA:27,0
DA:32,4
DA:33,4
DA:40,1
DA:58,1
DA:59,1
DA:60,1
LF:16
LH:13
BRDA:18,0,0,0
BRDA:18,1,0,4
BRDA:18,1,1,4
BRDA:22,2,0,0
BRDA:22,3,0,4
BRDA:22,3,1,4
BRDA:26,4,0,0
BRF:7
BRH:4
end_of_record
TN:
SF:src\modules\auth\application\dtos\RegisterDTO.ts
FN:10,(anonymous_0)
FN:17,(anonymous_1)
FN:35,(anonymous_2)
FN:39,(anonymous_3)
FN:53,(anonymous_4)
FNF:5
FNH:5
FNDA:13,(anonymous_0)
FNDA:13,(anonymous_1)
FNDA:9,(anonymous_2)
FNDA:13,(anonymous_3)
FNDA:6,(anonymous_4)
DA:5,1
DA:11,13
DA:12,13
DA:13,13
DA:14,13
DA:18,13
DA:19,0
DA:22,13
DA:23,2
DA:26,11
DA:27,2
DA:30,9
DA:31,1
DA:36,9
DA:40,13
DA:41,13
DA:45,1
DA:61,6
DA:62,6
DA:63,6
DA:64,6
DA:65,6
DA:66,6
LF:23
LH:22
BRDA:18,0,0,0
BRDA:18,1,0,13
BRDA:18,1,1,13
BRDA:22,2,0,2
BRDA:26,3,0,2
BRDA:26,4,0,11
BRDA:26,4,1,10
BRDA:30,5,0,1
BRDA:30,6,0,9
BRDA:30,6,1,9
BRF:10
BRH:9
end_of_record
TN:
SF:src\modules\auth\application\usecases\LoginUseCase.ts
FN:22,(anonymous_0)
FN:24,(anonymous_1)
FNF:2
FNH:2
FNDA:4,(anonymous_0)
FNDA:4,(anonymous_1)
DA:2,1
DA:4,1
DA:5,1
DA:21,1
DA:22,4
DA:26,4
DA:28,4
DA:30,1
DA:34,3
DA:35,1
DA:39,2
DA:41,2
DA:42,1
DA:46,1
DA:53,1
LF:15
LH:15
BRDA:28,0,0,1
BRDA:34,1,0,1
BRDA:41,2,0,1
BRF:3
BRH:3
end_of_record
TN:
SF:src\modules\auth\application\usecases\RegisterUseCase.ts
FN:15,(anonymous_0)
FN:17,(anonymous_1)
FN:32,(anonymous_2)
FNF:3
FNH:3
FNDA:13,(anonymous_0)
FNDA:8,(anonymous_1)
FNDA:8,(anonymous_2)
DA:7,1
DA:9,1
DA:10,1
DA:11,1
DA:12,1
DA:14,1
DA:15,13
DA:18,8
DA:19,8
DA:33,8
DA:36,8
DA:37,8
DA:38,8
DA:39,0
DA:43,8
DA:44,8
DA:45,1
DA:49,7
DA:52,7
DA:53,7
DA:56,7
DA:57,7
DA:73,7
DA:76,6
LF:24
LH:23
BRDA:38,0,0,0
BRDA:44,1,0,1
BRF:2
BRH:1
end_of_record
TN:
SF:src\modules\auth\application\usecases\RequestPasswordResetUseCase.ts
FN:19,(anonymous_1)
FN:21,(anonymous_2)
FN:35,(anonymous_3)
FN:39,(anonymous_4)
FN:43,(anonymous_5)
FNF:5
FNH:5
FNDA:2,(anonymous_1)
FNDA:2,(anonymous_2)
FNDA:1,(anonymous_3)
FNDA:1,(anonymous_4)
FNDA:2,(anonymous_5)
DA:1,1
DA:4,1
DA:5,1
DA:18,1
DA:19,2
DA:22,2
DA:23,2
DA:36,1
DA:40,1
DA:44,2
DA:46,2
DA:47,2
DA:49,2
DA:51,2
DA:52,1
DA:55,1
DA:56,1
DA:57,1
DA:59,1
DA:60,1
DA:73,1
DA:74,1
DA:76,1
DA:78,1
DA:83,1
DA:84,1
DA:85,1
DA:88,1
LF:28
LH:28
BRDA:51,0,0,1
BRDA:73,1,0,1
BRDA:73,1,1,0
BRDA:83,2,0,1
BRF:4
BRH:3
end_of_record
TN:
SF:src\shared\errors\AppError.ts
FN:9,(anonymous_0)
FN:26,(anonymous_1)
FN:32,(anonymous_2)
FN:39,(anonymous_3)
FN:45,(anonymous_4)
FN:51,(anonymous_5)
FN:57,(anonymous_6)
FN:63,(anonymous_7)
FN:69,(anonymous_8)
FNF:9
FNH:3
FNDA:4,(anonymous_0)
FNDA:0,(anonymous_1)
FNDA:3,(anonymous_2)
FNDA:0,(anonymous_3)
FNDA:0,(anonymous_4)
FNDA:0,(anonymous_5)
FNDA:1,(anonymous_6)
FNDA:0,(anonymous_7)
FNDA:0,(anonymous_8)
DA:5,2
DA:14,4
DA:15,4
DA:17,4
DA:18,4
DA:20,4
DA:25,2
DA:27,0
DA:31,2
DA:33,3
DA:38,2
DA:40,0
DA:44,2
DA:46,0
DA:50,2
DA:52,0
DA:56,2
DA:58,1
DA:62,2
DA:64,0
DA:68,2
DA:70,0
LF:22
LH:16
BRDA:11,0,0,0
BRDA:12,1,0,4
BRDA:32,2,0,0
BRDA:39,3,0,0
BRDA:45,4,0,0
BRDA:63,5,0,0
BRDA:69,6,0,0
BRF:7
BRH:1
end_of_record
TN:
SF:src\shared\services\EmailService.ts
FN:4,(anonymous_1)
FN:8,(anonymous_2)
FN:45,(anonymous_3)
FN:62,(anonymous_4)
FN:76,(anonymous_5)
FNF:5
FNH:0
FNDA:0,(anonymous_1)
FNDA:0,(anonymous_2)
FNDA:0,(anonymous_3)
FNDA:0,(anonymous_4)
FNDA:0,(anonymous_5)
DA:1,1
DA:3,1
DA:5,0
DA:9,0
DA:10,0
DA:12,0
DA:13,0
DA:14,0
DA:16,0
DA:21,0
DA:22,0
DA:24,0
DA:25,0
DA:36,0
DA:46,0
DA:48,0
DA:49,0
DA:50,0
DA:53,0
DA:54,0
DA:56,0
DA:63,0
DA:77,0
LF:23
LH:2
BRDA:12,0,0,0
BRDA:12,1,0,0
BRDA:12,1,1,0
BRDA:13,2,0,0
BRDA:24,3,0,0
BRDA:27,4,0,0
BRDA:27,4,1,0
BRDA:48,5,0,0
BRDA:57,6,0,0
BRDA:57,6,1,0
BRDA:64,7,0,0
BRDA:64,7,1,0
BRDA:78,8,0,0
BRDA:78,8,1,0
BRF:14
BRH:0
end_of_record
TN:
SF:src\shared\services\JWTService.ts
FN:34,(anonymous_1)
FN:49,(anonymous_2)
FN:61,(anonymous_3)
FN:73,(anonymous_4)
FN:82,(anonymous_5)
FNF:5
FNH:0
FNDA:0,(anonymous_1)
FNDA:0,(anonymous_2)
FNDA:0,(anonymous_3)
FNDA:0,(anonymous_4)
FNDA:0,(anonymous_5)
DA:10,1
DA:25,1
DA:26,1
DA:27,1
DA:28,1
DA:29,1
DA:35,0
DA:39,0
DA:43,0
DA:50,0
DA:51,0
DA:52,0
DA:54,0
DA:62,0
DA:63,0
DA:64,0
DA:66,0
DA:74,0
DA:83,0
DA:84,0
DA:86,0
LF:21
LH:6
BRDA:26,0,0,1
BRDA:26,0,1,1
BRDA:27,1,0,1
BRDA:27,1,1,1
BRDA:28,2,0,1
BRDA:28,2,1,1
BRDA:29,3,0,1
BRDA:29,3,1,1
BRF:8
BRH:8
end_of_record
TN:
SF:src\shared\services\PasswordService.ts
FN:15,(anonymous_1)
FN:22,(anonymous_2)
FNF:2
FNH:0
FNDA:0,(anonymous_1)
FNDA:0,(anonymous_2)
DA:7,1
DA:9,1
DA:11,1
DA:16,0
DA:23,0
LF:5
LH:3
BRF:0
BRH:0
end_of_record
TN:
SF:src\shared\services\index.ts
FN:5,(anonymous_0)
FN:7,(anonymous_1)
FNF:2
FNH:2
FNDA:1,(anonymous_0)
FNDA:2,(anonymous_1)
DA:5,2
DA:7,3
LF:2
LH:2
BRF:0
BRH:0
end_of_record
