{"numFailedTestSuites":1,"numFailedTests":3,"numPassedTestSuites":2,"numPassedTests":9,"numPendingTestSuites":0,"numPendingTests":0,"numRuntimeErrorTestSuites":0,"numTodoTests":0,"numTotalTestSuites":3,"numTotalTests":12,"openHandles":[],"snapshot":{"added":0,"didUpdate":false,"failure":false,"filesAdded":0,"filesRemoved":0,"filesRemovedList":[],"filesUnmatched":0,"filesUpdated":0,"matched":0,"total":0,"unchecked":0,"uncheckedKeysByFile":[],"unmatched":0,"updated":0},"startTime":1778093039786,"success":false,"testResults":[{"assertionResults":[{"ancestorTitles":["RF-003: Gestión de Perfil de Usuario (Pruebas de Integración)"],"duration":13,"failureDetails":[{"matcherResult":{"actual":404,"expected":200,"message":"\u001b[2mexpect(\u001b[22m\u001b[31mreceived\u001b[39m\u001b[2m).\u001b[22mtoBe\u001b[2m(\u001b[22m\u001b[32mexpected\u001b[39m\u001b[2m) // Object.is equality\u001b[22m\n\nExpected: \u001b[32m200\u001b[39m\nReceived: \u001b[31m404\u001b[39m","name":"toBe","pass":false}}],"failureMessages":["Error: \u001b[2mexpect(\u001b[22m\u001b[31mreceived\u001b[39m\u001b[2m).\u001b[22mtoBe\u001b[2m(\u001b[22m\u001b[32mexpected\u001b[39m\u001b[2m) // Object.is equality\u001b[22m\n\nExpected: \u001b[32m200\u001b[39m\nReceived: \u001b[31m404\u001b[39m\n    at Object.<anonymous> (C:\\Users\\ASUS\\OneDrive\\Escritorio\\Proyecto-transporte\\packages\\backend\\tests\\integration\\profile-api.test.ts:113:28)\n    at processTicksAndRejections (node:internal/process/task_queues:105:5)"],"fullName":"RF-003: Gestión de Perfil de Usuario (Pruebas de Integración) CF-RF003: Debe actualizar teléfono y zona, pero bloquear el correo institucional","invocations":1,"location":null,"numPassingAsserts":0,"retryReasons":[],"status":"failed","title":"CF-RF003: Debe actualizar teléfono y zona, pero bloquear el correo institucional"},{"ancestorTitles":["RF-003: Gestión de Perfil de Usuario (Pruebas de Integración)"],"duration":15,"failureDetails":[{"matcherResult":{"actual":404,"expected":200,"message":"\u001b[2mexpect(\u001b[22m\u001b[31mreceived\u001b[39m\u001b[2m).\u001b[22mtoBe\u001b[2m(\u001b[22m\u001b[32mexpected\u001b[39m\u001b[2m) // Object.is equality\u001b[22m\n\nExpected: \u001b[32m200\u001b[39m\nReceived: \u001b[31m404\u001b[39m","name":"toBe","pass":false}}],"failureMessages":["Error: \u001b[2mexpect(\u001b[22m\u001b[31mreceived\u001b[39m\u001b[2m).\u001b[22mtoBe\u001b[2m(\u001b[22m\u001b[32mexpected\u001b[39m\u001b[2m) // Object.is equality\u001b[22m\n\nExpected: \u001b[32m200\u001b[39m\nReceived: \u001b[31m404\u001b[39m\n    at Object.<anonymous> (C:\\Users\\ASUS\\OneDrive\\Escritorio\\Proyecto-transporte\\packages\\backend\\tests\\integration\\profile-api.test.ts:126:28)\n    at processTicksAndRejections (node:internal/process/task_queues:105:5)"],"fullName":"RF-003: Gestión de Perfil de Usuario (Pruebas de Integración) CF-RF003-03: El perfil debe cargar el historial de viajes y la calificación","invocations":1,"location":null,"numPassingAsserts":0,"retryReasons":[],"status":"failed","title":"CF-RF003-03: El perfil debe cargar el historial de viajes y la calificación"},{"ancestorTitles":["RF-003: Gestión de Perfil de Usuario (Pruebas de Integración)"],"duration":15,"failureDetails":[{"matcherResult":{"actual":404,"expected":200,"message":"\u001b[2mexpect(\u001b[22m\u001b[31mreceived\u001b[39m\u001b[2m).\u001b[22mtoBe\u001b[2m(\u001b[22m\u001b[32mexpected\u001b[39m\u001b[2m) // Object.is equality\u001b[22m\n\nExpected: \u001b[32m200\u001b[39m\nReceived: \u001b[31m404\u001b[39m","name":"toBe","pass":false}}],"failureMessages":["Error: \u001b[2mexpect(\u001b[22m\u001b[31mreceived\u001b[39m\u001b[2m).\u001b[22mtoBe\u001b[2m(\u001b[22m\u001b[32mexpected\u001b[39m\u001b[2m) // Object.is equality\u001b[22m\n\nExpected: \u001b[32m200\u001b[39m\nReceived: \u001b[31m404\u001b[39m\n    at Object.<anonymous> (C:\\Users\\ASUS\\OneDrive\\Escritorio\\Proyecto-transporte\\packages\\backend\\tests\\integration\\profile-api.test.ts:142:28)\n    at processTicksAndRejections (node:internal/process/task_queues:105:5)"],"fullName":"RF-003: Gestión de Perfil de Usuario (Pruebas de Integración) Enfoque Técnico: Los cambios deben mantenerse al recargar la página (Lectura DB)","invocations":1,"location":null,"numPassingAsserts":0,"retryReasons":[],"status":"failed","title":"Enfoque Técnico: Los cambios deben mantenerse al recargar la página (Lectura DB)"}],"endTime":1778093042733,"message":"\u001b[1m\u001b[31m  \u001b[1m● \u001b[22m\u001b[1mRF-003: Gestión de Perfil de Usuario (Pruebas de Integración) › CF-RF003: Debe actualizar teléfono y zona, pero bloquear el correo institucional\u001b[39m\u001b[22m\n\n    \u001b[2mexpect(\u001b[22m\u001b[31mreceived\u001b[39m\u001b[2m).\u001b[22mtoBe\u001b[2m(\u001b[22m\u001b[32mexpected\u001b[39m\u001b[2m) // Object.is equality\u001b[22m\n\n    Expected: \u001b[32m200\u001b[39m\n    Received: \u001b[31m404\u001b[39m\n\u001b[2m\u001b[22m\n\u001b[2m    \u001b[0m \u001b[90m 111 |\u001b[39m             \u001b[33m.\u001b[39msend(payload)\u001b[33m;\u001b[39m\u001b[22m\n\u001b[2m     \u001b[90m 112 |\u001b[39m\u001b[22m\n\u001b[2m    \u001b[31m\u001b[1m>\u001b[22m\u001b[2m\u001b[39m\u001b[90m 113 |\u001b[39m         expect(res\u001b[33m.\u001b[39mstatus)\u001b[33m.\u001b[39mtoBe(\u001b[35m200\u001b[39m)\u001b[33m;\u001b[39m\u001b[22m\n\u001b[2m     \u001b[90m     |\u001b[39m                            \u001b[31m\u001b[1m^\u001b[22m\u001b[2m\u001b[39m\u001b[22m\n\u001b[2m     \u001b[90m 114 |\u001b[39m         \u001b[36mconst\u001b[39m perfilActualizado \u001b[33m=\u001b[39m res\u001b[33m.\u001b[39mbody\u001b[33m.\u001b[39mdata\u001b[33m;\u001b[39m\u001b[22m\n\u001b[2m     \u001b[90m 115 |\u001b[39m         expect(perfilActualizado\u001b[33m.\u001b[39mphone)\u001b[33m.\u001b[39mtoBe(\u001b[32m'0987654321'\u001b[39m)\u001b[33m;\u001b[39m\u001b[22m\n\u001b[2m     \u001b[90m 116 |\u001b[39m         expect(perfilActualizado\u001b[33m.\u001b[39mzone)\u001b[33m.\u001b[39mtoBe(\u001b[32m'Izamba'\u001b[39m)\u001b[33m;\u001b[39m\u001b[0m\u001b[22m\n\u001b[2m\u001b[22m\n\u001b[2m      \u001b[2mat Object.<anonymous> (\u001b[22m\u001b[2m\u001b[0m\u001b[36mtests/integration/profile-api.test.ts\u001b[39m\u001b[0m\u001b[2m:113:28)\u001b[22m\u001b[2m\u001b[22m\n\n\u001b[1m\u001b[31m  \u001b[1m● \u001b[22m\u001b[1mRF-003: Gestión de Perfil de Usuario (Pruebas de Integración) › CF-RF003-03: El perfil debe cargar el historial de viajes y la calificación\u001b[39m\u001b[22m\n\n    \u001b[2mexpect(\u001b[22m\u001b[31mreceived\u001b[39m\u001b[2m).\u001b[22mtoBe\u001b[2m(\u001b[22m\u001b[32mexpected\u001b[39m\u001b[2m) // Object.is equality\u001b[22m\n\n    Expected: \u001b[32m200\u001b[39m\n    Received: \u001b[31m404\u001b[39m\n\u001b[2m\u001b[22m\n\u001b[2m    \u001b[0m \u001b[90m 124 |\u001b[39m             \u001b[33m.\u001b[39m\u001b[36mset\u001b[39m(\u001b[32m'Authorization'\u001b[39m\u001b[33m,\u001b[39m tokenDePrueba)\u001b[33m;\u001b[39m\u001b[22m\n\u001b[2m     \u001b[90m 125 |\u001b[39m\u001b[22m\n\u001b[2m    \u001b[31m\u001b[1m>\u001b[22m\u001b[2m\u001b[39m\u001b[90m 126 |\u001b[39m         expect(res\u001b[33m.\u001b[39mstatus)\u001b[33m.\u001b[39mtoBe(\u001b[35m200\u001b[39m)\u001b[33m;\u001b[39m\u001b[22m\n\u001b[2m     \u001b[90m     |\u001b[39m                            \u001b[31m\u001b[1m^\u001b[22m\u001b[2m\u001b[39m\u001b[22m\n\u001b[2m     \u001b[90m 127 |\u001b[39m         \u001b[36mconst\u001b[39m perfil \u001b[33m=\u001b[39m res\u001b[33m.\u001b[39mbody\u001b[33m.\u001b[39mdata\u001b[33m;\u001b[39m\u001b[22m\n\u001b[2m     \u001b[90m 128 |\u001b[39m         expect(perfil)\u001b[33m.\u001b[39mtoHaveProperty(\u001b[32m'totalRatings'\u001b[39m)\u001b[33m;\u001b[39m\u001b[22m\n\u001b[2m     \u001b[90m 129 |\u001b[39m         expect(perfil)\u001b[33m.\u001b[39mtoHaveProperty(\u001b[32m'reputation'\u001b[39m)\u001b[33m;\u001b[39m\u001b[0m\u001b[22m\n\u001b[2m\u001b[22m\n\u001b[2m      \u001b[2mat Object.<anonymous> (\u001b[22m\u001b[2m\u001b[0m\u001b[36mtests/integration/profile-api.test.ts\u001b[39m\u001b[0m\u001b[2m:126:28)\u001b[22m\u001b[2m\u001b[22m\n\n\u001b[1m\u001b[31m  \u001b[1m● \u001b[22m\u001b[1mRF-003: Gestión de Perfil de Usuario (Pruebas de Integración) › Enfoque Técnico: Los cambios deben mantenerse al recargar la página (Lectura DB)\u001b[39m\u001b[22m\n\n    \u001b[2mexpect(\u001b[22m\u001b[31mreceived\u001b[39m\u001b[2m).\u001b[22mtoBe\u001b[2m(\u001b[22m\u001b[32mexpected\u001b[39m\u001b[2m) // Object.is equality\u001b[22m\n\n    Expected: \u001b[32m200\u001b[39m\n    Received: \u001b[31m404\u001b[39m\n\u001b[2m\u001b[22m\n\u001b[2m    \u001b[0m \u001b[90m 140 |\u001b[39m             \u001b[33m.\u001b[39m\u001b[36mset\u001b[39m(\u001b[32m'Authorization'\u001b[39m\u001b[33m,\u001b[39m tokenDePrueba)\u001b[33m;\u001b[39m\u001b[22m\n\u001b[2m     \u001b[90m 141 |\u001b[39m\u001b[22m\n\u001b[2m    \u001b[31m\u001b[1m>\u001b[22m\u001b[2m\u001b[39m\u001b[90m 142 |\u001b[39m         expect(res\u001b[33m.\u001b[39mstatus)\u001b[33m.\u001b[39mtoBe(\u001b[35m200\u001b[39m)\u001b[33m;\u001b[39m\u001b[22m\n\u001b[2m     \u001b[90m     |\u001b[39m                            \u001b[31m\u001b[1m^\u001b[22m\u001b[2m\u001b[39m\u001b[22m\n\u001b[2m     \u001b[90m 143 |\u001b[39m         expect(res\u001b[33m.\u001b[39mbody\u001b[33m.\u001b[39mdata\u001b[33m.\u001b[39mzone)\u001b[33m.\u001b[39mtoBe(\u001b[32m'Huachi Chico'\u001b[39m)\u001b[33m;\u001b[39m\u001b[22m\n\u001b[2m     \u001b[90m 144 |\u001b[39m     })\u001b[33m;\u001b[39m\u001b[22m\n\u001b[2m     \u001b[90m 145 |\u001b[39m })\u001b[33m;\u001b[39m\u001b[0m\u001b[22m\n\u001b[2m\u001b[22m\n\u001b[2m      \u001b[2mat Object.<anonymous> (\u001b[22m\u001b[2m\u001b[0m\u001b[36mtests/integration/profile-api.test.ts\u001b[39m\u001b[0m\u001b[2m:142:28)\u001b[22m\u001b[2m\u001b[22m\n","name":"C:\\Users\\ASUS\\OneDrive\\Escritorio\\Proyecto-transporte\\packages\\backend\\tests\\integration\\profile-api.test.ts","startTime":1778093040102,"status":"failed","summary":""},{"assertionResults":[{"ancestorTitles":["Login - Integración"],"duration":86,"failureDetails":[],"failureMessages":[],"fullName":"Login - Integración debe iniciar sesión correctamente y devolver token","invocations":1,"location":null,"numPassingAsserts":4,"retryReasons":[],"status":"passed","title":"debe iniciar sesión correctamente y devolver token"},{"ancestorTitles":["Login - Integración"],"duration":84,"failureDetails":[],"failureMessages":[],"fullName":"Login - Integración debe rechazar login con contraseña incorrecta","invocations":1,"location":null,"numPassingAsserts":2,"retryReasons":[],"status":"passed","title":"debe rechazar login con contraseña incorrecta"},{"ancestorTitles":["Login - Integración"],"duration":8,"failureDetails":[],"failureMessages":[],"fullName":"Login - Integración debe rechazar login con usuario inexistente","invocations":1,"location":null,"numPassingAsserts":2,"retryReasons":[],"status":"passed","title":"debe rechazar login con usuario inexistente"},{"ancestorTitles":["Login - Integración"],"duration":107,"failureDetails":[],"failureMessages":[],"fullName":"Login - Integración debe permitir acceso a /me con JWT válido","invocations":1,"location":null,"numPassingAsserts":4,"retryReasons":[],"status":"passed","title":"debe permitir acceso a /me con JWT válido"},{"ancestorTitles":["Login - Integración"],"duration":20,"failureDetails":[],"failureMessages":[],"fullName":"Login - Integración debe rechazar acceso a /me sin token","invocations":1,"location":null,"numPassingAsserts":1,"retryReasons":[],"status":"passed","title":"debe rechazar acceso a /me sin token"}],"endTime":1778093043895,"message":"","name":"C:\\Users\\ASUS\\OneDrive\\Escritorio\\Proyecto-transporte\\packages\\backend\\tests\\integration\\auth.test.ts","startTime":1778093042785,"status":"passed","summary":""},{"assertionResults":[{"ancestorTitles":["Register Integration (API)"],"duration":154,"failureDetails":[],"failureMessages":[],"fullName":"Register Integration (API) registra usuario correctamente","invocations":1,"location":null,"numPassingAsserts":4,"retryReasons":[],"status":"passed","title":"registra usuario correctamente"},{"ancestorTitles":["Register Integration (API)"],"duration":12,"failureDetails":[],"failureMessages":[],"fullName":"Register Integration (API) rechaza correo no institucional","invocations":1,"location":null,"numPassingAsserts":1,"retryReasons":[],"status":"passed","title":"rechaza correo no institucional"},{"ancestorTitles":["Register Integration (API)"],"duration":28,"failureDetails":[],"failureMessages":[],"fullName":"Register Integration (API) rechaza usuario ya existente","invocations":1,"location":null,"numPassingAsserts":1,"retryReasons":[],"status":"passed","title":"rechaza usuario ya existente"},{"ancestorTitles":["Register Integration (API)"],"duration":112,"failureDetails":[],"failureMessages":[],"fullName":"Register Integration (API) guarda registro en tabla de pendientes","invocations":1,"location":null,"numPassingAsserts":1,"retryReasons":[],"status":"passed","title":"guarda registro en tabla de pendientes"}],"endTime":1778093044794,"message":"","name":"C:\\Users\\ASUS\\OneDrive\\Escritorio\\Proyecto-transporte\\packages\\backend\\tests\\integration\\register.test.ts","startTime":1778093043955,"status":"passed","summary":""}],"wasInterrupted":false}
