{"numFailedTestSuites":0,"numFailedTests":0,"numPassedTestSuites":1,"numPassedTests":3,"numPendingTestSuites":2,"numPendingTests":9,"numRuntimeErrorTestSuites":0,"numTodoTests":0,"numTotalTestSuites":3,"numTotalTests":12,"openHandles":[],"snapshot":{"added":0,"didUpdate":false,"failure":false,"filesAdded":0,"filesRemoved":0,"filesRemovedList":[],"filesUnmatched":0,"filesUpdated":0,"matched":0,"total":0,"unchecked":0,"uncheckedKeysByFile":[],"unmatched":0,"updated":0},"startTime":1778093568833,"success":true,"testResults":[{"assertionResults":[{"ancestorTitles":["RF-003: Gestión de Perfil de Usuario (Pruebas de Integración)"],"duration":17,"failureDetails":[],"failureMessages":[],"fullName":"RF-003: Gestión de Perfil de Usuario (Pruebas de Integración) CF-RF003: Debe actualizar teléfono y zona, pero bloquear el correo institucional","invocations":1,"location":null,"numPassingAsserts":5,"retryReasons":[],"status":"passed","title":"CF-RF003: Debe actualizar teléfono y zona, pero bloquear el correo institucional"},{"ancestorTitles":["RF-003: Gestión de Perfil de Usuario (Pruebas de Integración)"],"duration":8,"failureDetails":[],"failureMessages":[],"fullName":"RF-003: Gestión de Perfil de Usuario (Pruebas de Integración) CF-RF003-03: El perfil debe cargar el historial de viajes y la calificación","invocations":1,"location":null,"numPassingAsserts":3,"retryReasons":[],"status":"passed","title":"CF-RF003-03: El perfil debe cargar el historial de viajes y la calificación"},{"ancestorTitles":["RF-003: Gestión de Perfil de Usuario (Pruebas de Integración)"],"duration":14,"failureDetails":[],"failureMessages":[],"fullName":"RF-003: Gestión de Perfil de Usuario (Pruebas de Integración) Enfoque Técnico: Los cambios deben mantenerse al recargar la página (Lectura DB)","invocations":1,"location":null,"numPassingAsserts":2,"retryReasons":[],"status":"passed","title":"Enfoque Técnico: Los cambios deben mantenerse al recargar la página (Lectura DB)"}],"endTime":1778093571659,"message":"","name":"C:\\Users\\ASUS\\OneDrive\\Escritorio\\Proyecto-transporte\\packages\\backend\\tests\\integration\\profile-api.test.ts","startTime":1778093569091,"status":"passed","summary":""},{"assertionResults":[{"ancestorTitles":["Login - Integración"],"duration":null,"failureDetails":[],"failureMessages":[],"fullName":"Login - Integración debe iniciar sesión correctamente y devolver token","invocations":1,"location":null,"numPassingAsserts":0,"retryReasons":[],"status":"pending","title":"debe iniciar sesión correctamente y devolver token"},{"ancestorTitles":["Login - Integración"],"duration":null,"failureDetails":[],"failureMessages":[],"fullName":"Login - Integración debe rechazar login con contraseña incorrecta","invocations":1,"location":null,"numPassingAsserts":0,"retryReasons":[],"status":"pending","title":"debe rechazar login con contraseña incorrecta"},{"ancestorTitles":["Login - Integración"],"duration":null,"failureDetails":[],"failureMessages":[],"fullName":"Login - Integración debe rechazar login con usuario inexistente","invocations":1,"location":null,"numPassingAsserts":0,"retryReasons":[],"status":"pending","title":"debe rechazar login con usuario inexistente"},{"ancestorTitles":["Login - Integración"],"duration":null,"failureDetails":[],"failureMessages":[],"fullName":"Login - Integración debe permitir acceso a /me con JWT válido","invocations":1,"location":null,"numPassingAsserts":0,"retryReasons":[],"status":"pending","title":"debe permitir acceso a /me con JWT válido"},{"ancestorTitles":["Login - Integración"],"duration":null,"failureDetails":[],"failureMessages":[],"fullName":"Login - Integración debe rechazar acceso a /me sin token","invocations":1,"location":null,"numPassingAsserts":0,"retryReasons":[],"status":"pending","title":"debe rechazar acceso a /me sin token"}],"coverage":{},"endTime":1778093572215,"message":"","name":"C:\\Users\\ASUS\\OneDrive\\Escritorio\\Proyecto-transporte\\packages\\backend\\tests\\integration\\auth.test.ts","startTime":1778093572215,"status":"skipped","summary":""},{"assertionResults":[{"ancestorTitles":["Register Integration (API)"],"duration":null,"failureDetails":[],"failureMessages":[],"fullName":"Register Integration (API) registra usuario correctamente","invocations":1,"location":null,"numPassingAsserts":0,"retryReasons":[],"status":"pending","title":"registra usuario correctamente"},{"ancestorTitles":["Register Integration (API)"],"duration":null,"failureDetails":[],"failureMessages":[],"fullName":"Register Integration (API) rechaza correo no institucional","invocations":1,"location":null,"numPassingAsserts":0,"retryReasons":[],"status":"pending","title":"rechaza correo no institucional"},{"ancestorTitles":["Register Integration (API)"],"duration":null,"failureDetails":[],"failureMessages":[],"fullName":"Register Integration (API) rechaza usuario ya existente","invocations":1,"location":null,"numPassingAsserts":0,"retryReasons":[],"status":"pending","title":"rechaza usuario ya existente"},{"ancestorTitles":["Register Integration (API)"],"duration":null,"failureDetails":[],"failureMessages":[],"fullName":"Register Integration (API) guarda registro en tabla de pendientes","invocations":1,"location":null,"numPassingAsserts":0,"retryReasons":[],"status":"pending","title":"guarda registro en tabla de pendientes"}],"coverage":{},"endTime":1778093572215,"message":"","name":"C:\\Users\\ASUS\\OneDrive\\Escritorio\\Proyecto-transporte\\packages\\backend\\tests\\integration\\register.test.ts","startTime":1778093572215,"status":"skipped","summary":""}],"wasInterrupted":false}
