{"C:\\Users\\ASUS\\OneDrive\\Escritorio\\Proyecto-transporte\\packages\\backend\\src\\app.ts": {"path":"C:\\Users\\ASUS\\OneDrive\\Escritorio\\Proyecto-transporte\\packages\\backend\\src\\app.ts","statementMap":{"0":{"start":{"line":2,"column":0},"end":{"line":2,"column":76}},"1":{"start":{"line":3,"column":0},"end":{"line":3,"column":24}},"2":{"start":{"line":4,"column":0},"end":{"line":4,"column":28}},"3":{"start":{"line":5,"column":0},"end":{"line":5,"column":41}},"4":{"start":{"line":6,"column":0},"end":{"line":6,"column":73}},"5":{"start":{"line":7,"column":0},"end":{"line":7,"column":62}},"6":{"start":{"line":9,"column":15},"end":{"line":9,"column":27}},"7":{"start":{"line":15,"column":4},"end":{"line":15,"column":29}},"8":{"start":{"line":16,"column":4},"end":{"line":16,"column":28}},"9":{"start":{"line":17,"column":4},"end":{"line":17,"column":23}},"10":{"start":{"line":18,"column":4},"end":{"line":18,"column":30}},"11":{"start":{"line":22,"column":34},"end":{"line":22,"column":84}},"12":{"start":{"line":24,"column":4},"end":{"line":24,"column":31}},"13":{"start":{"line":26,"column":4},"end":{"line":31,"column":6}},"14":{"start":{"line":35,"column":4},"end":{"line":35,"column":53}},"15":{"start":{"line":36,"column":4},"end":{"line":36,"column":75}},"16":{"start":{"line":38,"column":4},"end":{"line":41,"column":7}},"17":{"start":{"line":39,"column":6},"end":{"line":39,"column":55}},"18":{"start":{"line":40,"column":6},"end":{"line":40,"column":13}},"19":{"start":{"line":43,"column":4},"end":{"line":49,"column":7}},"20":{"start":{"line":44,"column":6},"end":{"line":48,"column":9}},"21":{"start":{"line":53,"column":4},"end":{"line":53,"column":50}},"22":{"start":{"line":57,"column":4},"end":{"line":63,"column":7}},"23":{"start":{"line":58,"column":6},"end":{"line":62,"column":9}},"24":{"start":{"line":65,"column":4},"end":{"line":85,"column":7}},"25":{"start":{"line":66,"column":6},"end":{"line":66,"column":66}},"26":{"start":{"line":68,"column":6},"end":{"line":74,"column":7}},"27":{"start":{"line":69,"column":8},"end":{"line":73,"column":11}},"28":{"start":{"line":76,"column":28},"end":{"line":77,"column":null}},"29":{"start":{"line":80,"column":6},"end":{"line":84,"column":9}},"30":{"start":{"line":11,"column":0},"end":{"line":11,"column":13}},"31":{"start":{"line":89,"column":20},"end":{"line":89,"column":29}},"32":{"start":{"line":91,"column":0},"end":{"line":91,"column":35}}},"fnMap":{"0":{"name":"(anonymous_1)","decl":{"start":{"line":14,"column":2},"end":{"line":14,"column":null}},"loc":{"start":{"line":14,"column":2},"end":{"line":19,"column":3}}},"1":{"name":"(anonymous_2)","decl":{"start":{"line":21,"column":10},"end":{"line":21,"column":26}},"loc":{"start":{"line":21,"column":26},"end":{"line":50,"column":3}}},"2":{"name":"(anonymous_3)","decl":{"start":{"line":38,"column":21},"end":{"line":38,"column":22}},"loc":{"start":{"line":38,"column":73},"end":{"line":41,"column":5}}},"3":{"name":"(anonymous_4)","decl":{"start":{"line":43,"column":32},"end":{"line":43,"column":33}},"loc":{"start":{"line":43,"column":64},"end":{"line":49,"column":5}}},"4":{"name":"(anonymous_5)","decl":{"start":{"line":52,"column":10},"end":{"line":52,"column":21}},"loc":{"start":{"line":52,"column":21},"end":{"line":54,"column":3}}},"5":{"name":"(anonymous_6)","decl":{"start":{"line":56,"column":9},"end":{"line":56,"column":27}},"loc":{"start":{"line":56,"column":27},"end":{"line":86,"column":3}}},"6":{"name":"(anonymous_7)","decl":{"start":{"line":57,"column":21},"end":{"line":57,"column":22}},"loc":{"start":{"line":57,"column":53},"end":{"line":63,"column":5}}},"7":{"name":"(anonymous_8)","decl":{"start":{"line":65,"column":21},"end":{"line":65,"column":22}},"loc":{"start":{"line":65,"column":85},"end":{"line":85,"column":5}}}},"branchMap":{"0":{"loc":{"start":{"line":28,"column":16},"end":{"line":28,"column":76}},"type":"binary-expr","locations":[{"start":{"line":28,"column":16},"end":{"line":28,"column":51}},{"start":{"line":28,"column":55},"end":{"line":28,"column":76}}]},"1":{"loc":{"start":{"line":68,"column":6},"end":{"line":74,"column":7}},"type":"if","locations":[{"start":{"line":68,"column":6},"end":{"line":74,"column":7}}]},"2":{"loc":{"start":{"line":77,"column":8},"end":{"line":77,"column":53}},"type":"binary-expr","locations":[{"start":{"line":77,"column":8},"end":{"line":77,"column":19}},{"start":{"line":77,"column":23},"end":{"line":77,"column":53}}]}},"s":{"0":2,"1":2,"2":2,"3":2,"4":2,"5":2,"6":2,"7":3,"8":3,"9":3,"10":3,"11":3,"12":3,"13":3,"14":3,"15":3,"16":3,"17":5,"18":5,"19":3,"20":0,"21":3,"22":4,"23":1,"24":4,"25":0,"26":0,"27":0,"28":0,"29":0,"30":2,"31":2,"32":2},"f":{"0":3,"1":3,"2":5,"3":0,"4":3,"5":4,"6":1,"7":0},"b":{"0":[3,0],"1":[0],"2":[0,0]}}
,"C:\\Users\\ASUS\\OneDrive\\Escritorio\\Proyecto-transporte\\packages\\backend\\src\\config\\database.ts": {"path":"C:\\Users\\ASUS\\OneDrive\\Escritorio\\Proyecto-transporte\\packages\\backend\\src\\config\\database.ts","statementMap":{"0":{"start":{"line":1,"column":0},"end":{"line":1,"column":38}},"1":{"start":{"line":2,"column":0},"end":{"line":2,"column":33}},"2":{"start":{"line":4,"column":0},"end":{"line":4,"column":16}},"3":{"start":{"line":20,"column":4},"end":{"line":36,"column":5}},"4":{"start":{"line":21,"column":37},"end":{"line":27,"column":8}},"5":{"start":{"line":29,"column":6},"end":{"line":29,"column":39}},"6":{"start":{"line":32,"column":6},"end":{"line":35,"column":9}},"7":{"start":{"line":33,"column":8},"end":{"line":33,"column":62}},"8":{"start":{"line":34,"column":8},"end":{"line":34,"column":25}},"9":{"start":{"line":37,"column":4},"end":{"line":37,"column":33}},"10":{"start":{"line":38,"column":0},"end":{"line":38,"column":46}},"11":{"start":{"line":39,"column":0},"end":{"line":39,"column":46}},"12":{"start":{"line":40,"column":0},"end":{"line":40,"column":46}},"13":{"start":{"line":41,"column":0},"end":{"line":41,"column":46}},"14":{"start":{"line":42,"column":4},"end":{"line":42,"column":25}},"15":{"start":{"line":46,"column":17},"end":{"line":46,"column":35}},"16":{"start":{"line":47,"column":4},"end":{"line":54,"column":5}},"17":{"start":{"line":48,"column":21},"end":{"line":48,"column":41}},"18":{"start":{"line":49,"column":6},"end":{"line":49,"column":55}},"19":{"start":{"line":50,"column":6},"end":{"line":50,"column":23}},"20":{"start":{"line":52,"column":6},"end":{"line":52,"column":60}},"21":{"start":{"line":53,"column":6},"end":{"line":53,"column":18}},"22":{"start":{"line":58,"column":17},"end":{"line":58,"column":35}},"23":{"start":{"line":59,"column":4},"end":{"line":59,"column":21}},"24":{"start":{"line":60,"column":4},"end":{"line":60,"column":43}},"25":{"start":{"line":64,"column":9},"end":{"line":64,"column":27}}},"fnMap":{"0":{"name":"(anonymous_9)","decl":{"start":{"line":19,"column":2},"end":{"line":19,"column":8}},"loc":{"start":{"line":19,"column":20},"end":{"line":43,"column":3}}},"1":{"name":"(anonymous_10)","decl":{"start":{"line":32,"column":32},"end":{"line":32,"column":33}},"loc":{"start":{"line":32,"column":47},"end":{"line":35,"column":7}}},"2":{"name":"(anonymous_11)","decl":{"start":{"line":45,"column":2},"end":{"line":45,"column":8}},"loc":{"start":{"line":45,"column":22},"end":{"line":55,"column":3}}},"3":{"name":"(anonymous_12)","decl":{"start":{"line":57,"column":2},"end":{"line":57,"column":8}},"loc":{"start":{"line":57,"column":25},"end":{"line":61,"column":3}}}},"branchMap":{"0":{"loc":{"start":{"line":20,"column":4},"end":{"line":36,"column":5}},"type":"if","locations":[{"start":{"line":20,"column":4},"end":{"line":36,"column":5}}]},"1":{"loc":{"start":{"line":22,"column":14},"end":{"line":22,"column":50}},"type":"binary-expr","locations":[{"start":{"line":22,"column":14},"end":{"line":22,"column":33}},{"start":{"line":22,"column":37},"end":{"line":22,"column":50}}]},"2":{"loc":{"start":{"line":23,"column":18},"end":{"line":23,"column":66}},"type":"binary-expr","locations":[{"start":{"line":23,"column":18},"end":{"line":23,"column":41}},{"start":{"line":23,"column":45},"end":{"line":23,"column":66}}]},"3":{"loc":{"start":{"line":24,"column":14},"end":{"line":24,"column":48}},"type":"binary-expr","locations":[{"start":{"line":24,"column":14},"end":{"line":24,"column":33}},{"start":{"line":24,"column":37},"end":{"line":24,"column":48}}]},"4":{"loc":{"start":{"line":25,"column":23},"end":{"line":25,"column":52}},"type":"binary-expr","locations":[{"start":{"line":25,"column":23},"end":{"line":25,"column":42}},{"start":{"line":25,"column":46},"end":{"line":25,"column":52}}]},"5":{"loc":{"start":{"line":26,"column":18},"end":{"line":26,"column":53}},"type":"binary-expr","locations":[{"start":{"line":26,"column":18},"end":{"line":26,"column":37}},{"start":{"line":26,"column":41},"end":{"line":26,"column":53}}]}},"s":{"0":2,"1":2,"2":2,"3":14,"4":2,"5":2,"6":2,"7":0,"8":0,"9":14,"10":14,"11":14,"12":14,"13":14,"14":14,"15":1,"16":1,"17":1,"18":1,"19":1,"20":0,"21":0,"22":1,"23":1,"24":1,"25":2},"f":{"0":14,"1":0,"2":1,"3":1},"b":{"0":[2],"1":[2,0],"2":[2,0],"3":[2,0],"4":[2,0],"5":[2,0]}}
,"C:\\Users\\ASUS\\OneDrive\\Escritorio\\Proyecto-transporte\\packages\\backend\\src\\config\\logger.ts": {"path":"C:\\Users\\ASUS\\OneDrive\\Escritorio\\Proyecto-transporte\\packages\\backend\\src\\config\\logger.ts","statementMap":{"0":{"start":{"line":19,"column":4},"end":{"line":19,"column":68}},"1":{"start":{"line":23,"column":28},"end":{"line":29,"column":6}},"2":{"start":{"line":31,"column":22},"end":{"line":31,"column":113}},"3":{"start":{"line":33,"column":4},"end":{"line":46,"column":5}},"4":{"start":{"line":35,"column":8},"end":{"line":35,"column":45}},"5":{"start":{"line":36,"column":8},"end":{"line":36,"column":14}},"6":{"start":{"line":38,"column":8},"end":{"line":38,"column":44}},"7":{"start":{"line":39,"column":8},"end":{"line":39,"column":14}},"8":{"start":{"line":41,"column":8},"end":{"line":41,"column":44}},"9":{"start":{"line":42,"column":8},"end":{"line":42,"column":14}},"10":{"start":{"line":44,"column":8},"end":{"line":44,"column":45}},"11":{"start":{"line":45,"column":8},"end":{"line":45,"column":14}},"12":{"start":{"line":50,"column":4},"end":{"line":50,"column":46}},"13":{"start":{"line":54,"column":4},"end":{"line":54,"column":45}},"14":{"start":{"line":58,"column":4},"end":{"line":58,"column":45}},"15":{"start":{"line":62,"column":4},"end":{"line":62,"column":46}},"16":{"start":{"line":66,"column":9},"end":{"line":66,"column":15}}},"fnMap":{"0":{"name":"(anonymous_0)","decl":{"start":{"line":18,"column":2},"end":{"line":18,"column":14}},"loc":{"start":{"line":18,"column":42},"end":{"line":20,"column":3}}},"1":{"name":"(anonymous_1)","decl":{"start":{"line":22,"column":10},"end":{"line":22,"column":13}},"loc":{"start":{"line":22,"column":76},"end":{"line":47,"column":3}}},"2":{"name":"(anonymous_2)","decl":{"start":{"line":49,"column":2},"end":{"line":49,"column":7}},"loc":{"start":{"line":49,"column":53},"end":{"line":51,"column":3}}},"3":{"name":"(anonymous_3)","decl":{"start":{"line":53,"column":2},"end":{"line":53,"column":6}},"loc":{"start":{"line":53,"column":52},"end":{"line":55,"column":3}}},"4":{"name":"(anonymous_4)","decl":{"start":{"line":57,"column":2},"end":{"line":57,"column":6}},"loc":{"start":{"line":57,"column":52},"end":{"line":59,"column":3}}},"5":{"name":"(anonymous_5)","decl":{"start":{"line":61,"column":2},"end":{"line":61,"column":7}},"loc":{"start":{"line":61,"column":53},"end":{"line":63,"column":3}}}},"branchMap":{"0":{"loc":{"start":{"line":18,"column":14},"end":{"line":18,"column":42}},"type":"default-arg","locations":[{"start":{"line":18,"column":35},"end":{"line":18,"column":42}}]},"1":{"loc":{"start":{"line":19,"column":21},"end":{"line":19,"column":67}},"type":"binary-expr","locations":[{"start":{"line":19,"column":21},"end":{"line":19,"column":55}},{"start":{"line":19,"column":59},"end":{"line":19,"column":67}}]},"2":{"loc":{"start":{"line":31,"column":81},"end":{"line":31,"column":111}},"type":"cond-expr","locations":[{"start":{"line":31,"column":91},"end":{"line":31,"column":106}},{"start":{"line":31,"column":109},"end":{"line":31,"column":111}}]},"3":{"loc":{"start":{"line":33,"column":4},"end":{"line":46,"column":5}},"type":"switch","locations":[{"start":{"line":34,"column":6},"end":{"line":36,"column":14}},{"start":{"line":37,"column":6},"end":{"line":39,"column":14}},{"start":{"line":40,"column":6},"end":{"line":42,"column":14}},{"start":{"line":43,"column":6},"end":{"line":45,"column":14}}]},"4":{"loc":{"start":{"line":35,"column":33},"end":{"line":35,"column":43}},"type":"binary-expr","locations":[{"start":{"line":35,"column":33},"end":{"line":35,"column":37}},{"start":{"line":35,"column":41},"end":{"line":35,"column":43}}]},"5":{"loc":{"start":{"line":38,"column":32},"end":{"line":38,"column":42}},"type":"binary-expr","locations":[{"start":{"line":38,"column":32},"end":{"line":38,"column":36}},{"start":{"line":38,"column":40},"end":{"line":38,"column":42}}]},"6":{"loc":{"start":{"line":41,"column":32},"end":{"line":41,"column":42}},"type":"binary-expr","locations":[{"start":{"line":41,"column":32},"end":{"line":41,"column":36}},{"start":{"line":41,"column":40},"end":{"line":41,"column":42}}]},"7":{"loc":{"start":{"line":44,"column":33},"end":{"line":44,"column":43}},"type":"binary-expr","locations":[{"start":{"line":44,"column":33},"end":{"line":44,"column":37}},{"start":{"line":44,"column":41},"end":{"line":44,"column":43}}]}},"s":{"0":8,"1":9,"2":9,"3":9,"4":0,"5":0,"6":7,"7":7,"8":1,"9":1,"10":1,"11":1,"12":0,"13":7,"14":1,"15":1,"16":2},"f":{"0":8,"1":9,"2":0,"3":7,"4":1,"5":1},"b":{"0":[8],"1":[8,0],"2":[9,0],"3":[0,7,1,1],"4":[0,0],"5":[7,7],"6":[1,1],"7":[1,1]}}
,"C:\\Users\\ASUS\\OneDrive\\Escritorio\\Proyecto-transporte\\packages\\backend\\src\\modules\\auth\\auth.routes.ts": {"path":"C:\\Users\\ASUS\\OneDrive\\Escritorio\\Proyecto-transporte\\packages\\backend\\src\\modules\\auth\\auth.routes.ts","statementMap":{"0":{"start":{"line":15,"column":0},"end":{"line":15,"column":16}},"1":{"start":{"line":1,"column":0},"end":{"line":1,"column":33}},"2":{"start":{"line":2,"column":0},"end":{"line":2,"column":9}},"3":{"start":{"line":58,"column":2},"end":{"line":2,"column":78}},"4":{"start":{"line":3,"column":0},"end":{"line":3,"column":9}},"5":{"start":{"line":53,"column":2},"end":{"line":3,"column":67}},"6":{"start":{"line":4,"column":0},"end":{"line":4,"column":9}},"7":{"start":{"line":54,"column":2},"end":{"line":4,"column":73}},"8":{"start":{"line":5,"column":0},"end":{"line":5,"column":9}},"9":{"start":{"line":55,"column":2},"end":{"line":5,"column":79}},"10":{"start":{"line":6,"column":0},"end":{"line":6,"column":9}},"11":{"start":{"line":56,"column":2},"end":{"line":6,"column":97}},"12":{"start":{"line":7,"column":0},"end":{"line":7,"column":9}},"13":{"start":{"line":57,"column":2},"end":{"line":7,"column":83}},"14":{"start":{"line":8,"column":0},"end":{"line":8,"column":9}},"15":{"start":{"line":52,"column":2},"end":{"line":8,"column":77}},"16":{"start":{"line":9,"column":0},"end":{"line":9,"column":71}},"17":{"start":{"line":16,"column":17},"end":{"line":16,"column":25}},"18":{"start":{"line":19,"column":25},"end":{"line":19,"column":45}},"19":{"start":{"line":20,"column":23},"end":{"line":20,"column":55}},"20":{"start":{"line":21,"column":26},"end":{"line":21,"column":61}},"21":{"start":{"line":22,"column":29},"end":{"line":22,"column":67}},"22":{"start":{"line":23,"column":38},"end":{"line":23,"column":85}},"23":{"start":{"line":24,"column":31},"end":{"line":24,"column":71}},"24":{"start":{"line":25,"column":25},"end":{"line":30,"column":null}},"25":{"start":{"line":34,"column":2},"end":{"line":34,"column":76}},"26":{"start":{"line":34,"column":41},"end":{"line":34,"column":74}},"27":{"start":{"line":35,"column":2},"end":{"line":35,"column":83}},"28":{"start":{"line":35,"column":45},"end":{"line":35,"column":81}},"29":{"start":{"line":36,"column":2},"end":{"line":36,"column":70}},"30":{"start":{"line":36,"column":38},"end":{"line":36,"column":68}},"31":{"start":{"line":37,"column":2},"end":{"line":37,"column":79}},"32":{"start":{"line":37,"column":40},"end":{"line":37,"column":77}},"33":{"start":{"line":38,"column":2},"end":{"line":38,"column":95}},"34":{"start":{"line":38,"column":48},"end":{"line":38,"column":93}},"35":{"start":{"line":39,"column":2},"end":{"line":39,"column":87}},"36":{"start":{"line":39,"column":47},"end":{"line":39,"column":85}},"37":{"start":{"line":42,"column":2},"end":{"line":42,"column":94}},"38":{"start":{"line":42,"column":53},"end":{"line":42,"column":92}},"39":{"start":{"line":43,"column":2},"end":{"line":43,"column":91}},"40":{"start":{"line":43,"column":58},"end":{"line":43,"column":89}},"41":{"start":{"line":44,"column":0},"end":{"line":47,"column":3}},"42":{"start":{"line":45,"column":2},"end":{"line":45,"column":35}},"43":{"start":{"line":46,"column":2},"end":{"line":46,"column":25}},"44":{"start":{"line":48,"column":2},"end":{"line":48,"column":16}}},"fnMap":{"0":{"name":"(anonymous_0)","decl":{"start":{"line":58,"column":2},"end":{"line":58,"column":16}},"loc":{"start":{"line":58,"column":2},"end":{"line":2,"column":78}}},"1":{"name":"(anonymous_1)","decl":{"start":{"line":53,"column":2},"end":{"line":53,"column":14}},"loc":{"start":{"line":53,"column":2},"end":{"line":3,"column":67}}},"2":{"name":"(anonymous_2)","decl":{"start":{"line":54,"column":2},"end":{"line":54,"column":17}},"loc":{"start":{"line":54,"column":2},"end":{"line":4,"column":73}}},"3":{"name":"(anonymous_3)","decl":{"start":{"line":55,"column":2},"end":{"line":55,"column":20}},"loc":{"start":{"line":55,"column":2},"end":{"line":5,"column":79}}},"4":{"name":"(anonymous_4)","decl":{"start":{"line":56,"column":2},"end":{"line":56,"column":29}},"loc":{"start":{"line":56,"column":2},"end":{"line":6,"column":97}}},"5":{"name":"(anonymous_5)","decl":{"start":{"line":57,"column":2},"end":{"line":57,"column":22}},"loc":{"start":{"line":57,"column":2},"end":{"line":7,"column":83}}},"6":{"name":"(anonymous_6)","decl":{"start":{"line":52,"column":2},"end":{"line":52,"column":16}},"loc":{"start":{"line":52,"column":2},"end":{"line":8,"column":77}}},"7":{"name":"createAuthRoutes","decl":{"start":{"line":15,"column":16},"end":{"line":15,"column":32}},"loc":{"start":{"line":15,"column":32},"end":{"line":49,"column":1}}},"8":{"name":"(anonymous_8)","decl":{"start":{"line":34,"column":27},"end":{"line":34,"column":28}},"loc":{"start":{"line":34,"column":41},"end":{"line":34,"column":74}}},"9":{"name":"(anonymous_9)","decl":{"start":{"line":35,"column":31},"end":{"line":35,"column":32}},"loc":{"start":{"line":35,"column":45},"end":{"line":35,"column":81}}},"10":{"name":"(anonymous_10)","decl":{"start":{"line":36,"column":24},"end":{"line":36,"column":25}},"loc":{"start":{"line":36,"column":38},"end":{"line":36,"column":68}}},"11":{"name":"(anonymous_11)","decl":{"start":{"line":37,"column":26},"end":{"line":37,"column":27}},"loc":{"start":{"line":37,"column":40},"end":{"line":37,"column":77}}},"12":{"name":"(anonymous_12)","decl":{"start":{"line":38,"column":34},"end":{"line":38,"column":35}},"loc":{"start":{"line":38,"column":48},"end":{"line":38,"column":93}}},"13":{"name":"(anonymous_13)","decl":{"start":{"line":39,"column":33},"end":{"line":39,"column":34}},"loc":{"start":{"line":39,"column":47},"end":{"line":39,"column":85}}},"14":{"name":"(anonymous_14)","decl":{"start":{"line":42,"column":39},"end":{"line":42,"column":40}},"loc":{"start":{"line":42,"column":53},"end":{"line":42,"column":92}}},"15":{"name":"(anonymous_15)","decl":{"start":{"line":43,"column":44},"end":{"line":43,"column":45}},"loc":{"start":{"line":43,"column":58},"end":{"line":43,"column":89}}},"16":{"name":"(anonymous_16)","decl":{"start":{"line":44,"column":20},"end":{"line":44,"column":21}},"loc":{"start":{"line":44,"column":33},"end":{"line":47,"column":1}}}},"branchMap":{},"s":{"0":2,"1":2,"2":2,"3":2,"4":2,"5":2,"6":2,"7":2,"8":2,"9":2,"10":2,"11":2,"12":2,"13":2,"14":2,"15":2,"16":2,"17":4,"18":4,"19":4,"20":4,"21":4,"22":4,"23":4,"24":4,"25":4,"26":4,"27":4,"28":0,"29":4,"30":0,"31":4,"32":0,"33":4,"34":0,"35":4,"36":0,"37":4,"38":0,"39":4,"40":0,"41":4,"42":0,"43":0,"44":4},"f":{"0":0,"1":0,"2":0,"3":0,"4":0,"5":0,"6":0,"7":4,"8":4,"9":0,"10":0,"11":0,"12":0,"13":0,"14":0,"15":0,"16":0},"b":{}}
,"C:\\Users\\ASUS\\OneDrive\\Escritorio\\Proyecto-transporte\\packages\\backend\\src\\modules\\auth\\application\\dtos\\LoginDTO.ts": {"path":"C:\\Users\\ASUS\\OneDrive\\Escritorio\\Proyecto-transporte\\packages\\backend\\src\\modules\\auth\\application\\dtos\\LoginDTO.ts","statementMap":{"0":{"start":{"line":12,"column":4},"end":{"line":12,"column":23}},"1":{"start":{"line":13,"column":4},"end":{"line":13,"column":29}},"2":{"start":{"line":14,"column":4},"end":{"line":14,"column":20}},"3":{"start":{"line":18,"column":4},"end":{"line":20,"column":5}},"4":{"start":{"line":19,"column":6},"end":{"line":19,"column":64}},"5":{"start":{"line":22,"column":4},"end":{"line":24,"column":5}},"6":{"start":{"line":23,"column":6},"end":{"line":23,"column":80}},"7":{"start":{"line":26,"column":4},"end":{"line":28,"column":5}},"8":{"start":{"line":27,"column":6},"end":{"line":27,"column":46}},"9":{"start":{"line":32,"column":23},"end":{"line":32,"column":51}},"10":{"start":{"line":33,"column":4},"end":{"line":33,"column":34}},"11":{"start":{"line":7,"column":0},"end":{"line":7,"column":13}},"12":{"start":{"line":58,"column":4},"end":{"line":58,"column":23}},"13":{"start":{"line":59,"column":4},"end":{"line":59,"column":37}},"14":{"start":{"line":60,"column":4},"end":{"line":60,"column":50}},"15":{"start":{"line":40,"column":0},"end":{"line":40,"column":13}}},"fnMap":{"0":{"name":"(anonymous_0)","decl":{"start":{"line":11,"column":2},"end":{"line":11,"column":14}},"loc":{"start":{"line":11,"column":45},"end":{"line":15,"column":3}}},"1":{"name":"(anonymous_1)","decl":{"start":{"line":17,"column":10},"end":{"line":17,"column":18}},"loc":{"start":{"line":17,"column":18},"end":{"line":29,"column":3}}},"2":{"name":"(anonymous_2)","decl":{"start":{"line":31,"column":10},"end":{"line":31,"column":22}},"loc":{"start":{"line":31,"column":36},"end":{"line":34,"column":3}}},"3":{"name":"(anonymous_3)","decl":{"start":{"line":50,"column":2},"end":{"line":50,"column":null}},"loc":{"start":{"line":56,"column":16},"end":{"line":61,"column":3}}}},"branchMap":{"0":{"loc":{"start":{"line":18,"column":4},"end":{"line":20,"column":5}},"type":"if","locations":[{"start":{"line":18,"column":4},"end":{"line":20,"column":5}}]},"1":{"loc":{"start":{"line":18,"column":8},"end":{"line":18,"column":53}},"type":"binary-expr","locations":[{"start":{"line":18,"column":8},"end":{"line":18,"column":19}},{"start":{"line":18,"column":23},"end":{"line":18,"column":53}}]},"2":{"loc":{"start":{"line":22,"column":4},"end":{"line":24,"column":5}},"type":"if","locations":[{"start":{"line":22,"column":4},"end":{"line":24,"column":5}}]},"3":{"loc":{"start":{"line":22,"column":8},"end":{"line":22,"column":50}},"type":"binary-expr","locations":[{"start":{"line":22,"column":8},"end":{"line":22,"column":22}},{"start":{"line":22,"column":26},"end":{"line":22,"column":50}}]},"4":{"loc":{"start":{"line":26,"column":4},"end":{"line":28,"column":5}},"type":"if","locations":[{"start":{"line":26,"column":4},"end":{"line":28,"column":5}}]}},"s":{"0":0,"1":0,"2":0,"3":0,"4":0,"5":0,"6":0,"7":0,"8":0,"9":0,"10":0,"11":2,"12":0,"13":0,"14":0,"15":2},"f":{"0":0,"1":0,"2":0,"3":0},"b":{"0":[0],"1":[0,0],"2":[0],"3":[0,0],"4":[0]}}
,"C:\\Users\\ASUS\\OneDrive\\Escritorio\\Proyecto-transporte\\packages\\backend\\src\\modules\\auth\\application\\dtos\\RegisterDTO.ts": {"path":"C:\\Users\\ASUS\\OneDrive\\Escritorio\\Proyecto-transporte\\packages\\backend\\src\\modules\\auth\\application\\dtos\\RegisterDTO.ts","statementMap":{"0":{"start":{"line":11,"column":4},"end":{"line":11,"column":44}},"1":{"start":{"line":12,"column":4},"end":{"line":12,"column":21}},"2":{"start":{"line":13,"column":4},"end":{"line":13,"column":29}},"3":{"start":{"line":14,"column":4},"end":{"line":14,"column":20}},"4":{"start":{"line":18,"column":4},"end":{"line":20,"column":5}},"5":{"start":{"line":19,"column":6},"end":{"line":19,"column":62}},"6":{"start":{"line":22,"column":4},"end":{"line":24,"column":5}},"7":{"start":{"line":23,"column":6},"end":{"line":23,"column":78}},"8":{"start":{"line":26,"column":4},"end":{"line":28,"column":5}},"9":{"start":{"line":27,"column":6},"end":{"line":27,"column":68}},"10":{"start":{"line":30,"column":4},"end":{"line":32,"column":5}},"11":{"start":{"line":31,"column":6},"end":{"line":31,"column":112}},"12":{"start":{"line":36,"column":4},"end":{"line":36,"column":66}},"13":{"start":{"line":40,"column":23},"end":{"line":40,"column":54}},"14":{"start":{"line":41,"column":4},"end":{"line":41,"column":34}},"15":{"start":{"line":5,"column":0},"end":{"line":5,"column":13}},"16":{"start":{"line":61,"column":4},"end":{"line":61,"column":25}},"17":{"start":{"line":62,"column":4},"end":{"line":62,"column":23}},"18":{"start":{"line":63,"column":4},"end":{"line":63,"column":21}},"19":{"start":{"line":64,"column":4},"end":{"line":64,"column":45}},"20":{"start":{"line":65,"column":4},"end":{"line":65,"column":51}},"21":{"start":{"line":66,"column":4},"end":{"line":66,"column":45}},"22":{"start":{"line":45,"column":0},"end":{"line":45,"column":13}}},"fnMap":{"0":{"name":"(anonymous_0)","decl":{"start":{"line":10,"column":2},"end":{"line":10,"column":14}},"loc":{"start":{"line":10,"column":59},"end":{"line":15,"column":3}}},"1":{"name":"(anonymous_1)","decl":{"start":{"line":17,"column":10},"end":{"line":17,"column":18}},"loc":{"start":{"line":17,"column":18},"end":{"line":33,"column":3}}},"2":{"name":"(anonymous_2)","decl":{"start":{"line":35,"column":10},"end":{"line":35,"column":26}},"loc":{"start":{"line":35,"column":43},"end":{"line":37,"column":3}}},"3":{"name":"(anonymous_3)","decl":{"start":{"line":39,"column":10},"end":{"line":39,"column":35}},"loc":{"start":{"line":39,"column":49},"end":{"line":42,"column":3}}},"4":{"name":"(anonymous_4)","decl":{"start":{"line":53,"column":2},"end":{"line":53,"column":null}},"loc":{"start":{"line":59,"column":19},"end":{"line":67,"column":3}}}},"branchMap":{"0":{"loc":{"start":{"line":18,"column":4},"end":{"line":20,"column":5}},"type":"if","locations":[{"start":{"line":18,"column":4},"end":{"line":20,"column":5}}]},"1":{"loc":{"start":{"line":18,"column":8},"end":{"line":18,"column":53}},"type":"binary-expr","locations":[{"start":{"line":18,"column":8},"end":{"line":18,"column":19}},{"start":{"line":18,"column":23},"end":{"line":18,"column":53}}]},"2":{"loc":{"start":{"line":22,"column":4},"end":{"line":24,"column":5}},"type":"if","locations":[{"start":{"line":22,"column":4},"end":{"line":24,"column":5}}]},"3":{"loc":{"start":{"line":26,"column":4},"end":{"line":28,"column":5}},"type":"if","locations":[{"start":{"line":26,"column":4},"end":{"line":28,"column":5}}]},"4":{"loc":{"start":{"line":26,"column":8},"end":{"line":26,"column":49}},"type":"binary-expr","locations":[{"start":{"line":26,"column":8},"end":{"line":26,"column":18}},{"start":{"line":26,"column":22},"end":{"line":26,"column":49}}]},"5":{"loc":{"start":{"line":30,"column":4},"end":{"line":32,"column":5}},"type":"if","locations":[{"start":{"line":30,"column":4},"end":{"line":32,"column":5}}]},"6":{"loc":{"start":{"line":30,"column":8},"end":{"line":30,"column":63}},"type":"binary-expr","locations":[{"start":{"line":30,"column":8},"end":{"line":30,"column":22}},{"start":{"line":30,"column":26},"end":{"line":30,"column":63}}]}},"s":{"0":4,"1":4,"2":4,"3":4,"4":4,"5":0,"6":4,"7":1,"8":3,"9":0,"10":3,"11":0,"12":3,"13":4,"14":4,"15":2,"16":2,"17":2,"18":2,"19":2,"20":2,"21":2,"22":2},"f":{"0":4,"1":4,"2":3,"3":4,"4":2},"b":{"0":[0],"1":[4,4],"2":[1],"3":[0],"4":[3,3],"5":[0],"6":[3,3]}}
,"C:\\Users\\ASUS\\OneDrive\\Escritorio\\Proyecto-transporte\\packages\\backend\\src\\modules\\auth\\application\\usecases\\LoginUseCase.ts": {"path":"C:\\Users\\ASUS\\OneDrive\\Escritorio\\Proyecto-transporte\\packages\\backend\\src\\modules\\auth\\application\\usecases\\LoginUseCase.ts","statementMap":{"0":{"start":{"line":2,"column":0},"end":{"line":2,"column":62}},"1":{"start":{"line":4,"column":0},"end":{"line":4,"column":62}},"2":{"start":{"line":5,"column":0},"end":{"line":5,"column":63}},"3":{"start":{"line":22,"column":22},"end":{"line":22,"column":53}},"4":{"start":{"line":26,"column":17},"end":{"line":26,"column":67}},"5":{"start":{"line":28,"column":4},"end":{"line":31,"column":5}},"6":{"start":{"line":30,"column":6},"end":{"line":30,"column":65}},"7":{"start":{"line":34,"column":4},"end":{"line":36,"column":5}},"8":{"start":{"line":35,"column":6},"end":{"line":35,"column":84}},"9":{"start":{"line":39,"column":28},"end":{"line":39,"column":94}},"10":{"start":{"line":41,"column":4},"end":{"line":43,"column":5}},"11":{"start":{"line":42,"column":6},"end":{"line":42,"column":65}},"12":{"start":{"line":46,"column":42},"end":{"line":50,"column":6}},"13":{"start":{"line":53,"column":4},"end":{"line":53,"column":102}},"14":{"start":{"line":21,"column":0},"end":{"line":21,"column":13}}},"fnMap":{"0":{"name":"(anonymous_0)","decl":{"start":{"line":22,"column":2},"end":{"line":22,"column":22}},"loc":{"start":{"line":22,"column":53},"end":{"line":22,"column":57}}},"1":{"name":"(anonymous_1)","decl":{"start":{"line":24,"column":2},"end":{"line":24,"column":7}},"loc":{"start":{"line":24,"column":31},"end":{"line":54,"column":3}}}},"branchMap":{"0":{"loc":{"start":{"line":28,"column":4},"end":{"line":31,"column":5}},"type":"if","locations":[{"start":{"line":28,"column":4},"end":{"line":31,"column":5}}]},"1":{"loc":{"start":{"line":34,"column":4},"end":{"line":36,"column":5}},"type":"if","locations":[{"start":{"line":34,"column":4},"end":{"line":36,"column":5}}]},"2":{"loc":{"start":{"line":41,"column":4},"end":{"line":43,"column":5}},"type":"if","locations":[{"start":{"line":41,"column":4},"end":{"line":43,"column":5}}]}},"s":{"0":2,"1":2,"2":2,"3":4,"4":0,"5":0,"6":0,"7":0,"8":0,"9":0,"10":0,"11":0,"12":0,"13":0,"14":2},"f":{"0":4,"1":0},"b":{"0":[0],"1":[0],"2":[0]}}
,"C:\\Users\\ASUS\\OneDrive\\Escritorio\\Proyecto-transporte\\packages\\backend\\src\\modules\\auth\\application\\usecases\\RegisterUseCase.ts": {"path":"C:\\Users\\ASUS\\OneDrive\\Escritorio\\Proyecto-transporte\\packages\\backend\\src\\modules\\auth\\application\\usecases\\RegisterUseCase.ts","statementMap":{"0":{"start":{"line":7,"column":0},"end":{"line":7,"column":71}},"1":{"start":{"line":9,"column":0},"end":{"line":9,"column":56}},"2":{"start":{"line":10,"column":0},"end":{"line":10,"column":51}},"3":{"start":{"line":11,"column":0},"end":{"line":11,"column":54}},"4":{"start":{"line":12,"column":0},"end":{"line":12,"column":61}},"5":{"start":{"line":15,"column":22},"end":{"line":15,"column":53}},"6":{"start":{"line":18,"column":17},"end":{"line":18,"column":49}},"7":{"start":{"line":19,"column":4},"end":{"line":29,"column":7}},"8":{"start":{"line":33,"column":4},"end":{"line":33,"column":49}},"9":{"start":{"line":36,"column":28},"end":{"line":36,"column":60}},"10":{"start":{"line":37,"column":23},"end":{"line":37,"column":54}},"11":{"start":{"line":38,"column":4},"end":{"line":40,"column":5}},"12":{"start":{"line":39,"column":6},"end":{"line":39,"column":86}},"13":{"start":{"line":43,"column":25},"end":{"line":43,"column":79}},"14":{"start":{"line":44,"column":4},"end":{"line":46,"column":5}},"15":{"start":{"line":45,"column":6},"end":{"line":45,"column":71}},"16":{"start":{"line":49,"column":27},"end":{"line":49,"column":69}},"17":{"start":{"line":52,"column":29},"end":{"line":52,"column":83}},"18":{"start":{"line":53,"column":22},"end":{"line":53,"column":59}},"19":{"start":{"line":56,"column":17},"end":{"line":56,"column":49}},"20":{"start":{"line":57,"column":4},"end":{"line":70,"column":6}},"21":{"start":{"line":73,"column":4},"end":{"line":73,"column":80}},"22":{"start":{"line":76,"column":4},"end":{"line":82,"column":6}},"23":{"start":{"line":14,"column":0},"end":{"line":14,"column":13}}},"fnMap":{"0":{"name":"(anonymous_0)","decl":{"start":{"line":15,"column":2},"end":{"line":15,"column":22}},"loc":{"start":{"line":15,"column":53},"end":{"line":15,"column":57}}},"1":{"name":"(anonymous_1)","decl":{"start":{"line":17,"column":10},"end":{"line":17,"column":15}},"loc":{"start":{"line":17,"column":47},"end":{"line":30,"column":3}}},"2":{"name":"(anonymous_2)","decl":{"start":{"line":32,"column":2},"end":{"line":32,"column":7}},"loc":{"start":{"line":32,"column":34},"end":{"line":83,"column":3}}}},"branchMap":{"0":{"loc":{"start":{"line":38,"column":4},"end":{"line":40,"column":5}},"type":"if","locations":[{"start":{"line":38,"column":4},"end":{"line":40,"column":5}}]},"1":{"loc":{"start":{"line":44,"column":4},"end":{"line":46,"column":5}},"type":"if","locations":[{"start":{"line":44,"column":4},"end":{"line":46,"column":5}}]}},"s":{"0":2,"1":2,"2":2,"3":2,"4":2,"5":4,"6":3,"7":3,"8":3,"9":3,"10":3,"11":3,"12":0,"13":3,"14":3,"15":1,"16":2,"17":2,"18":2,"19":2,"20":2,"21":2,"22":2,"23":2},"f":{"0":4,"1":3,"2":3},"b":{"0":[0],"1":[1]}}
,"C:\\Users\\ASUS\\OneDrive\\Escritorio\\Proyecto-transporte\\packages\\backend\\src\\modules\\auth\\application\\usecases\\RequestPasswordResetUseCase.ts": {"path":"C:\\Users\\ASUS\\OneDrive\\Escritorio\\Proyecto-transporte\\packages\\backend\\src\\modules\\auth\\application\\usecases\\RequestPasswordResetUseCase.ts","statementMap":{"0":{"start":{"line":1,"column":0},"end":{"line":1,"column":28}},"1":{"start":{"line":4,"column":0},"end":{"line":4,"column":54}},"2":{"start":{"line":5,"column":0},"end":{"line":5,"column":61}},"3":{"start":{"line":19,"column":22},"end":{"line":19,"column":53}},"4":{"start":{"line":22,"column":17},"end":{"line":22,"column":49}},"5":{"start":{"line":23,"column":4},"end":{"line":32,"column":7}},"6":{"start":{"line":36,"column":4},"end":{"line":36,"column":49}},"7":{"start":{"line":40,"column":4},"end":{"line":40,"column":67}},"8":{"start":{"line":44,"column":4},"end":{"line":44,"column":42}},"9":{"start":{"line":46,"column":28},"end":{"line":46,"column":60}},"10":{"start":{"line":47,"column":17},"end":{"line":47,"column":71}},"11":{"start":{"line":49,"column":29},"end":{"line":49,"column":31}},"12":{"start":{"line":51,"column":4},"end":{"line":53,"column":5}},"13":{"start":{"line":52,"column":6},"end":{"line":52,"column":51}},"14":{"start":{"line":55,"column":23},"end":{"line":55,"column":61}},"15":{"start":{"line":56,"column":22},"end":{"line":56,"column":71}},"16":{"start":{"line":57,"column":22},"end":{"line":57,"column":73}},"17":{"start":{"line":59,"column":17},"end":{"line":59,"column":49}},"18":{"start":{"line":60,"column":4},"end":{"line":71,"column":6}},"19":{"start":{"line":73,"column":24},"end":{"line":73,"column":75}},"20":{"start":{"line":74,"column":21},"end":{"line":74,"column":72}},"21":{"start":{"line":76,"column":4},"end":{"line":76,"column":73}},"22":{"start":{"line":78,"column":47},"end":{"line":81,"column":6}},"23":{"start":{"line":83,"column":4},"end":{"line":86,"column":5}},"24":{"start":{"line":84,"column":6},"end":{"line":84,"column":37}},"25":{"start":{"line":85,"column":6},"end":{"line":85,"column":33}},"26":{"start":{"line":88,"column":4},"end":{"line":88,"column":18}},"27":{"start":{"line":18,"column":0},"end":{"line":18,"column":13}}},"fnMap":{"0":{"name":"(anonymous_1)","decl":{"start":{"line":19,"column":2},"end":{"line":19,"column":22}},"loc":{"start":{"line":19,"column":53},"end":{"line":19,"column":57}}},"1":{"name":"(anonymous_2)","decl":{"start":{"line":21,"column":10},"end":{"line":21,"column":15}},"loc":{"start":{"line":21,"column":40},"end":{"line":33,"column":3}}},"2":{"name":"(anonymous_3)","decl":{"start":{"line":35,"column":10},"end":{"line":35,"column":16}},"loc":{"start":{"line":35,"column":26},"end":{"line":37,"column":3}}},"3":{"name":"(anonymous_4)","decl":{"start":{"line":39,"column":10},"end":{"line":39,"column":16}},"loc":{"start":{"line":39,"column":40},"end":{"line":41,"column":3}}},"4":{"name":"(anonymous_5)","decl":{"start":{"line":43,"column":2},"end":{"line":43,"column":7}},"loc":{"start":{"line":43,"column":48},"end":{"line":89,"column":3}}}},"branchMap":{"0":{"loc":{"start":{"line":51,"column":4},"end":{"line":53,"column":5}},"type":"if","locations":[{"start":{"line":51,"column":4},"end":{"line":53,"column":5}}]},"1":{"loc":{"start":{"line":73,"column":24},"end":{"line":73,"column":75}},"type":"binary-expr","locations":[{"start":{"line":73,"column":24},"end":{"line":73,"column":48}},{"start":{"line":73,"column":52},"end":{"line":73,"column":75}}]},"2":{"loc":{"start":{"line":83,"column":4},"end":{"line":86,"column":5}},"type":"if","locations":[{"start":{"line":83,"column":4},"end":{"line":86,"column":5}}]}},"s":{"0":2,"1":2,"2":2,"3":4,"4":0,"5":0,"6":0,"7":0,"8":0,"9":0,"10":0,"11":0,"12":0,"13":0,"14":0,"15":0,"16":0,"17":0,"18":0,"19":0,"20":0,"21":0,"22":0,"23":0,"24":0,"25":0,"26":0,"27":2},"f":{"0":4,"1":0,"2":0,"3":0,"4":0},"b":{"0":[0],"1":[0,0],"2":[0]}}
,"C:\\Users\\ASUS\\OneDrive\\Escritorio\\Proyecto-transporte\\packages\\backend\\src\\modules\\auth\\application\\usecases\\ResetPasswordUseCase.ts": {"path":"C:\\Users\\ASUS\\OneDrive\\Escritorio\\Proyecto-transporte\\packages\\backend\\src\\modules\\auth\\application\\usecases\\ResetPasswordUseCase.ts","statementMap":{"0":{"start":{"line":1,"column":0},"end":{"line":1,"column":28}},"1":{"start":{"line":4,"column":0},"end":{"line":4,"column":54}},"2":{"start":{"line":5,"column":0},"end":{"line":5,"column":51}},"3":{"start":{"line":6,"column":0},"end":{"line":6,"column":73}},"4":{"start":{"line":19,"column":22},"end":{"line":19,"column":53}},"5":{"start":{"line":22,"column":17},"end":{"line":22,"column":49}},"6":{"start":{"line":23,"column":4},"end":{"line":32,"column":7}},"7":{"start":{"line":36,"column":4},"end":{"line":36,"column":67}},"8":{"start":{"line":40,"column":4},"end":{"line":40,"column":66}},"9":{"start":{"line":44,"column":4},"end":{"line":44,"column":42}},"10":{"start":{"line":46,"column":18},"end":{"line":46,"column":36}},"11":{"start":{"line":47,"column":24},"end":{"line":47,"column":41}},"12":{"start":{"line":49,"column":4},"end":{"line":51,"column":5}},"13":{"start":{"line":50,"column":6},"end":{"line":50,"column":75}},"14":{"start":{"line":53,"column":4},"end":{"line":55,"column":5}},"15":{"start":{"line":54,"column":6},"end":{"line":54,"column":122}},"16":{"start":{"line":57,"column":22},"end":{"line":57,"column":59}},"17":{"start":{"line":58,"column":17},"end":{"line":58,"column":49}},"18":{"start":{"line":60,"column":19},"end":{"line":65,"column":null}},"19":{"start":{"line":68,"column":4},"end":{"line":70,"column":5}},"20":{"start":{"line":69,"column":6},"end":{"line":69,"column":61}},"21":{"start":{"line":72,"column":19},"end":{"line":72,"column":33}},"22":{"start":{"line":74,"column":4},"end":{"line":76,"column":5}},"23":{"start":{"line":75,"column":6},"end":{"line":75,"column":64}},"24":{"start":{"line":78,"column":4},"end":{"line":84,"column":5}},"25":{"start":{"line":79,"column":6},"end":{"line":82,"column":8}},"26":{"start":{"line":83,"column":6},"end":{"line":83,"column":61}},"27":{"start":{"line":86,"column":17},"end":{"line":86,"column":69}},"28":{"start":{"line":87,"column":4},"end":{"line":89,"column":5}},"29":{"start":{"line":88,"column":6},"end":{"line":88,"column":55}},"30":{"start":{"line":91,"column":27},"end":{"line":91,"column":66}},"31":{"start":{"line":92,"column":4},"end":{"line":92,"column":73}},"32":{"start":{"line":94,"column":4},"end":{"line":99,"column":6}},"33":{"start":{"line":101,"column":4},"end":{"line":101,"column":76}},"34":{"start":{"line":18,"column":0},"end":{"line":18,"column":13}}},"fnMap":{"0":{"name":"(anonymous_1)","decl":{"start":{"line":19,"column":2},"end":{"line":19,"column":22}},"loc":{"start":{"line":19,"column":53},"end":{"line":19,"column":57}}},"1":{"name":"(anonymous_2)","decl":{"start":{"line":21,"column":10},"end":{"line":21,"column":15}},"loc":{"start":{"line":21,"column":40},"end":{"line":33,"column":3}}},"2":{"name":"(anonymous_3)","decl":{"start":{"line":35,"column":10},"end":{"line":35,"column":16}},"loc":{"start":{"line":35,"column":40},"end":{"line":37,"column":3}}},"3":{"name":"(anonymous_4)","decl":{"start":{"line":39,"column":10},"end":{"line":39,"column":16}},"loc":{"start":{"line":39,"column":50},"end":{"line":41,"column":3}}},"4":{"name":"(anonymous_5)","decl":{"start":{"line":43,"column":2},"end":{"line":43,"column":7}},"loc":{"start":{"line":43,"column":41},"end":{"line":102,"column":3}}}},"branchMap":{"0":{"loc":{"start":{"line":49,"column":4},"end":{"line":51,"column":5}},"type":"if","locations":[{"start":{"line":49,"column":4},"end":{"line":51,"column":5}}]},"1":{"loc":{"start":{"line":53,"column":4},"end":{"line":55,"column":5}},"type":"if","locations":[{"start":{"line":53,"column":4},"end":{"line":55,"column":5}}]},"2":{"loc":{"start":{"line":68,"column":4},"end":{"line":70,"column":5}},"type":"if","locations":[{"start":{"line":68,"column":4},"end":{"line":70,"column":5}}]},"3":{"loc":{"start":{"line":74,"column":4},"end":{"line":76,"column":5}},"type":"if","locations":[{"start":{"line":74,"column":4},"end":{"line":76,"column":5}}]},"4":{"loc":{"start":{"line":78,"column":4},"end":{"line":84,"column":5}},"type":"if","locations":[{"start":{"line":78,"column":4},"end":{"line":84,"column":5}}]},"5":{"loc":{"start":{"line":87,"column":4},"end":{"line":89,"column":5}},"type":"if","locations":[{"start":{"line":87,"column":4},"end":{"line":89,"column":5}}]}},"s":{"0":2,"1":2,"2":2,"3":2,"4":4,"5":0,"6":0,"7":0,"8":0,"9":0,"10":0,"11":0,"12":0,"13":0,"14":0,"15":0,"16":0,"17":0,"18":0,"19":0,"20":0,"21":0,"22":0,"23":0,"24":0,"25":0,"26":0,"27":0,"28":0,"29":0,"30":0,"31":0,"32":0,"33":0,"34":2},"f":{"0":4,"1":0,"2":0,"3":0,"4":0},"b":{"0":[0],"1":[0],"2":[0],"3":[0],"4":[0],"5":[0]}}
,"C:\\Users\\ASUS\\OneDrive\\Escritorio\\Proyecto-transporte\\packages\\backend\\src\\modules\\auth\\application\\usecases\\VerifyEmailUseCase.ts": {"path":"C:\\Users\\ASUS\\OneDrive\\Escritorio\\Proyecto-transporte\\packages\\backend\\src\\modules\\auth\\application\\usecases\\VerifyEmailUseCase.ts","statementMap":{"0":{"start":{"line":8,"column":0},"end":{"line":8,"column":73}},"1":{"start":{"line":9,"column":0},"end":{"line":9,"column":54}},"2":{"start":{"line":10,"column":0},"end":{"line":10,"column":50}},"3":{"start":{"line":23,"column":22},"end":{"line":23,"column":53}},"4":{"start":{"line":26,"column":17},"end":{"line":26,"column":49}},"5":{"start":{"line":27,"column":4},"end":{"line":37,"column":7}},"6":{"start":{"line":41,"column":17},"end":{"line":41,"column":49}},"7":{"start":{"line":42,"column":4},"end":{"line":42,"column":49}},"8":{"start":{"line":43,"column":28},"end":{"line":43,"column":60}},"9":{"start":{"line":44,"column":27},"end":{"line":44,"column":44}},"10":{"start":{"line":47,"column":25},"end":{"line":47,"column":79}},"11":{"start":{"line":48,"column":4},"end":{"line":50,"column":5}},"12":{"start":{"line":49,"column":6},"end":{"line":49,"column":70}},"13":{"start":{"line":53,"column":19},"end":{"line":58,"column":null}},"14":{"start":{"line":61,"column":4},"end":{"line":87,"column":5}},"15":{"start":{"line":62,"column":22},"end":{"line":67,"column":null}},"16":{"start":{"line":70,"column":6},"end":{"line":75,"column":7}},"17":{"start":{"line":71,"column":8},"end":{"line":73,"column":9}},"18":{"start":{"line":72,"column":10},"end":{"line":72,"column":76}},"19":{"start":{"line":74,"column":8},"end":{"line":74,"column":80}},"20":{"start":{"line":77,"column":22},"end":{"line":77,"column":71}},"21":{"start":{"line":78,"column":6},"end":{"line":84,"column":7}},"22":{"start":{"line":79,"column":8},"end":{"line":82,"column":10}},"23":{"start":{"line":83,"column":8},"end":{"line":83,"column":86}},"24":{"start":{"line":86,"column":6},"end":{"line":86,"column":72}},"25":{"start":{"line":89,"column":32},"end":{"line":89,"column":46}},"26":{"start":{"line":92,"column":15},"end":{"line":92,"column":27}},"27":{"start":{"line":93,"column":4},"end":{"line":105,"column":5}},"28":{"start":{"line":94,"column":22},"end":{"line":100,"column":null}},"29":{"start":{"line":102,"column":6},"end":{"line":102,"column":55}},"30":{"start":{"line":103,"column":11},"end":{"line":105,"column":5}},"31":{"start":{"line":104,"column":6},"end":{"line":104,"column":84}},"32":{"start":{"line":108,"column":4},"end":{"line":111,"column":6}},"33":{"start":{"line":114,"column":4},"end":{"line":117,"column":6}},"34":{"start":{"line":119,"column":4},"end":{"line":119,"column":70}},"35":{"start":{"line":22,"column":0},"end":{"line":22,"column":13}}},"fnMap":{"0":{"name":"(anonymous_0)","decl":{"start":{"line":23,"column":2},"end":{"line":23,"column":22}},"loc":{"start":{"line":23,"column":53},"end":{"line":23,"column":57}}},"1":{"name":"(anonymous_1)","decl":{"start":{"line":25,"column":10},"end":{"line":25,"column":15}},"loc":{"start":{"line":25,"column":47},"end":{"line":38,"column":3}}},"2":{"name":"(anonymous_2)","decl":{"start":{"line":40,"column":2},"end":{"line":40,"column":7}},"loc":{"start":{"line":40,"column":39},"end":{"line":120,"column":3}}}},"branchMap":{"0":{"loc":{"start":{"line":48,"column":4},"end":{"line":50,"column":5}},"type":"if","locations":[{"start":{"line":48,"column":4},"end":{"line":50,"column":5}}]},"1":{"loc":{"start":{"line":61,"column":4},"end":{"line":87,"column":5}},"type":"if","locations":[{"start":{"line":61,"column":4},"end":{"line":87,"column":5}}]},"2":{"loc":{"start":{"line":70,"column":6},"end":{"line":75,"column":7}},"type":"if","locations":[{"start":{"line":70,"column":6},"end":{"line":75,"column":7}}]},"3":{"loc":{"start":{"line":71,"column":8},"end":{"line":73,"column":9}},"type":"if","locations":[{"start":{"line":71,"column":8},"end":{"line":73,"column":9}}]},"4":{"loc":{"start":{"line":78,"column":6},"end":{"line":84,"column":7}},"type":"if","locations":[{"start":{"line":78,"column":6},"end":{"line":84,"column":7}}]},"5":{"loc":{"start":{"line":93,"column":4},"end":{"line":105,"column":5}},"type":"if","locations":[{"start":{"line":93,"column":4},"end":{"line":105,"column":5}},{"start":{"line":103,"column":11},"end":{"line":105,"column":5}}]},"6":{"loc":{"start":{"line":103,"column":11},"end":{"line":105,"column":5}},"type":"if","locations":[{"start":{"line":103,"column":11},"end":{"line":105,"column":5}}]}},"s":{"0":2,"1":2,"2":2,"3":4,"4":0,"5":0,"6":0,"7":0,"8":0,"9":0,"10":0,"11":0,"12":0,"13":0,"14":0,"15":0,"16":0,"17":0,"18":0,"19":0,"20":0,"21":0,"22":0,"23":0,"24":0,"25":0,"26":0,"27":0,"28":0,"29":0,"30":0,"31":0,"32":0,"33":0,"34":0,"35":2},"f":{"0":4,"1":0,"2":0},"b":{"0":[0],"1":[0],"2":[0],"3":[0],"4":[0],"5":[0,0],"6":[0]}}
,"C:\\Users\\ASUS\\OneDrive\\Escritorio\\Proyecto-transporte\\packages\\backend\\src\\modules\\auth\\domain\\entities\\User.ts": {"path":"C:\\Users\\ASUS\\OneDrive\\Escritorio\\Proyecto-transporte\\packages\\backend\\src\\modules\\auth\\domain\\entities\\User.ts","statementMap":{"0":{"start":{"line":1,"column":0},"end":{"line":1,"column":36}},"1":{"start":{"line":30,"column":4},"end":{"line":30,"column":17}},"2":{"start":{"line":31,"column":4},"end":{"line":31,"column":23}},"3":{"start":{"line":32,"column":4},"end":{"line":32,"column":21}},"4":{"start":{"line":33,"column":4},"end":{"line":33,"column":41}},"5":{"start":{"line":34,"column":4},"end":{"line":34,"column":21}},"6":{"start":{"line":35,"column":4},"end":{"line":35,"column":33}},"7":{"start":{"line":36,"column":4},"end":{"line":36,"column":33}},"8":{"start":{"line":37,"column":4},"end":{"line":37,"column":31}},"9":{"start":{"line":38,"column":4},"end":{"line":38,"column":31}},"10":{"start":{"line":45,"column":4},"end":{"line":45,"column":53}},"11":{"start":{"line":52,"column":4},"end":{"line":54,"column":5}},"12":{"start":{"line":53,"column":6},"end":{"line":53,"column":60}},"13":{"start":{"line":8,"column":0},"end":{"line":8,"column":13}}},"fnMap":{"0":{"name":"(anonymous_0)","decl":{"start":{"line":19,"column":2},"end":{"line":19,"column":null}},"loc":{"start":{"line":28,"column":32},"end":{"line":39,"column":3}}},"1":{"name":"(anonymous_1)","decl":{"start":{"line":44,"column":2},"end":{"line":44,"column":18}},"loc":{"start":{"line":44,"column":18},"end":{"line":46,"column":3}}},"2":{"name":"(anonymous_2)","decl":{"start":{"line":51,"column":2},"end":{"line":51,"column":18}},"loc":{"start":{"line":51,"column":36},"end":{"line":56,"column":3}}}},"branchMap":{"0":{"loc":{"start":{"line":23,"column":4},"end":{"line":23,"column":41}},"type":"default-arg","locations":[{"start":{"line":23,"column":32},"end":{"line":23,"column":41}}]},"1":{"loc":{"start":{"line":24,"column":4},"end":{"line":24,"column":31}},"type":"default-arg","locations":[{"start":{"line":24,"column":26},"end":{"line":24,"column":31}}]},"2":{"loc":{"start":{"line":25,"column":4},"end":{"line":25,"column":28}},"type":"default-arg","locations":[{"start":{"line":25,"column":25},"end":{"line":25,"column":28}}]},"3":{"loc":{"start":{"line":26,"column":4},"end":{"line":26,"column":25}},"type":"default-arg","locations":[{"start":{"line":26,"column":17},"end":{"line":26,"column":25}}]},"4":{"loc":{"start":{"line":27,"column":4},"end":{"line":27,"column":32}},"type":"default-arg","locations":[{"start":{"line":27,"column":22},"end":{"line":27,"column":32}}]},"5":{"loc":{"start":{"line":28,"column":4},"end":{"line":28,"column":32}},"type":"default-arg","locations":[{"start":{"line":28,"column":22},"end":{"line":28,"column":32}}]},"6":{"loc":{"start":{"line":45,"column":11},"end":{"line":45,"column":52}},"type":"binary-expr","locations":[{"start":{"line":45,"column":11},"end":{"line":45,"column":26}},{"start":{"line":45,"column":30},"end":{"line":45,"column":52}}]},"7":{"loc":{"start":{"line":52,"column":4},"end":{"line":54,"column":5}},"type":"if","locations":[{"start":{"line":52,"column":4},"end":{"line":54,"column":5}}]},"8":{"loc":{"start":{"line":52,"column":8},"end":{"line":52,"column":42}},"type":"binary-expr","locations":[{"start":{"line":52,"column":8},"end":{"line":52,"column":23}},{"start":{"line":52,"column":27},"end":{"line":52,"column":42}}]}},"s":{"0":2,"1":1,"2":1,"3":1,"4":1,"5":1,"6":1,"7":1,"8":1,"9":1,"10":0,"11":0,"12":0,"13":2},"f":{"0":1,"1":0,"2":0},"b":{"0":[0],"1":[0],"2":[0],"3":[0],"4":[0],"5":[0],"6":[0,0],"7":[0],"8":[0,0]}}
,"C:\\Users\\ASUS\\OneDrive\\Escritorio\\Proyecto-transporte\\packages\\backend\\src\\modules\\auth\\infrastructure\\controllers\\AuthController.ts": {"path":"C:\\Users\\ASUS\\OneDrive\\Escritorio\\Proyecto-transporte\\packages\\backend\\src\\modules\\auth\\infrastructure\\controllers\\AuthController.ts","statementMap":{"0":{"start":{"line":7,"column":0},"end":{"line":7,"column":59}},"1":{"start":{"line":8,"column":0},"end":{"line":8,"column":65}},"2":{"start":{"line":9,"column":0},"end":{"line":9,"column":68}},"3":{"start":{"line":10,"column":0},"end":{"line":10,"column":40}},"4":{"start":{"line":11,"column":0},"end":{"line":11,"column":46}},"5":{"start":{"line":21,"column":12},"end":{"line":21,"column":38}},"6":{"start":{"line":22,"column":12},"end":{"line":22,"column":44}},"7":{"start":{"line":23,"column":12},"end":{"line":23,"column":50}},"8":{"start":{"line":24,"column":12},"end":{"line":24,"column":68}},"9":{"start":{"line":25,"column":12},"end":{"line":25,"column":54}},"10":{"start":{"line":18,"column":10},"end":{"line":18,"column":32}},"11":{"start":{"line":29,"column":4},"end":{"line":47,"column":5}},"12":{"start":{"line":30,"column":40},"end":{"line":30,"column":48}},"13":{"start":{"line":32,"column":6},"end":{"line":34,"column":7}},"14":{"start":{"line":33,"column":8},"end":{"line":33,"column":75}},"15":{"start":{"line":36,"column":26},"end":{"line":36,"column":64}},"16":{"start":{"line":37,"column":21},"end":{"line":37,"column":68}},"17":{"start":{"line":39,"column":6},"end":{"line":39,"column":75}},"18":{"start":{"line":40,"column":6},"end":{"line":44,"column":9}},"19":{"start":{"line":46,"column":6},"end":{"line":46,"column":47}},"20":{"start":{"line":51,"column":4},"end":{"line":68,"column":5}},"21":{"start":{"line":52,"column":30},"end":{"line":52,"column":38}},"22":{"start":{"line":54,"column":6},"end":{"line":56,"column":7}},"23":{"start":{"line":55,"column":8},"end":{"line":55,"column":78}},"24":{"start":{"line":58,"column":21},"end":{"line":58,"column":75}},"25":{"start":{"line":60,"column":6},"end":{"line":60,"column":70}},"26":{"start":{"line":61,"column":6},"end":{"line":65,"column":9}},"27":{"start":{"line":67,"column":6},"end":{"line":67,"column":51}},"28":{"start":{"line":72,"column":4},"end":{"line":90,"column":5}},"29":{"start":{"line":73,"column":34},"end":{"line":73,"column":42}},"30":{"start":{"line":75,"column":6},"end":{"line":77,"column":7}},"31":{"start":{"line":76,"column":8},"end":{"line":76,"column":69}},"32":{"start":{"line":79,"column":23},"end":{"line":79,"column":52}},"33":{"start":{"line":80,"column":21},"end":{"line":80,"column":62}},"34":{"start":{"line":82,"column":6},"end":{"line":82,"column":70}},"35":{"start":{"line":83,"column":6},"end":{"line":87,"column":9}},"36":{"start":{"line":89,"column":6},"end":{"line":89,"column":44}},"37":{"start":{"line":94,"column":4},"end":{"line":111,"column":5}},"38":{"start":{"line":95,"column":24},"end":{"line":95,"column":32}},"39":{"start":{"line":97,"column":6},"end":{"line":99,"column":7}},"40":{"start":{"line":98,"column":8},"end":{"line":98,"column":55}},"41":{"start":{"line":101,"column":21},"end":{"line":101,"column":78}},"42":{"start":{"line":103,"column":6},"end":{"line":103,"column":80}},"43":{"start":{"line":104,"column":6},"end":{"line":108,"column":9}},"44":{"start":{"line":110,"column":6},"end":{"line":110,"column":61}},"45":{"start":{"line":115,"column":4},"end":{"line":132,"column":5}},"46":{"start":{"line":116,"column":37},"end":{"line":116,"column":45}},"47":{"start":{"line":118,"column":6},"end":{"line":120,"column":7}},"48":{"start":{"line":119,"column":8},"end":{"line":119,"column":73}},"49":{"start":{"line":122,"column":21},"end":{"line":122,"column":84}},"50":{"start":{"line":124,"column":6},"end":{"line":124,"column":70}},"51":{"start":{"line":125,"column":6},"end":{"line":129,"column":9}},"52":{"start":{"line":131,"column":6},"end":{"line":131,"column":53}},"53":{"start":{"line":136,"column":4},"end":{"line":158,"column":5}},"54":{"start":{"line":137,"column":31},"end":{"line":137,"column":39}},"55":{"start":{"line":139,"column":6},"end":{"line":141,"column":7}},"56":{"start":{"line":140,"column":8},"end":{"line":140,"column":63}},"57":{"start":{"line":143,"column":22},"end":{"line":143,"column":67}},"58":{"start":{"line":144,"column":29},"end":{"line":148,"column":8}},"59":{"start":{"line":150,"column":6},"end":{"line":150,"column":88}},"60":{"start":{"line":151,"column":6},"end":{"line":155,"column":9}},"61":{"start":{"line":157,"column":6},"end":{"line":157,"column":52}},"62":{"start":{"line":162,"column":4},"end":{"line":170,"column":5}},"63":{"start":{"line":163,"column":6},"end":{"line":163,"column":81}},"64":{"start":{"line":164,"column":6},"end":{"line":167,"column":9}},"65":{"start":{"line":169,"column":6},"end":{"line":169,"column":45}},"66":{"start":{"line":174,"column":4},"end":{"line":182,"column":5}},"67":{"start":{"line":175,"column":6},"end":{"line":179,"column":9}},"68":{"start":{"line":181,"column":6},"end":{"line":181,"column":55}},"69":{"start":{"line":186,"column":4},"end":{"line":204,"column":5}},"70":{"start":{"line":187,"column":6},"end":{"line":187,"column":81}},"71":{"start":{"line":188,"column":6},"end":{"line":191,"column":9}},"72":{"start":{"line":192,"column":11},"end":{"line":204,"column":5}},"73":{"start":{"line":193,"column":6},"end":{"line":193,"column":81}},"74":{"start":{"line":194,"column":6},"end":{"line":197,"column":9}},"75":{"start":{"line":199,"column":6},"end":{"line":199,"column":71}},"76":{"start":{"line":200,"column":6},"end":{"line":203,"column":9}},"77":{"start":{"line":17,"column":0},"end":{"line":17,"column":13}}},"fnMap":{"0":{"name":"(anonymous_0)","decl":{"start":{"line":20,"column":2},"end":{"line":20,"column":null}},"loc":{"start":{"line":25,"column":54},"end":{"line":26,"column":6}}},"1":{"name":"(anonymous_1)","decl":{"start":{"line":28,"column":2},"end":{"line":28,"column":7}},"loc":{"start":{"line":28,"column":44},"end":{"line":48,"column":3}}},"2":{"name":"(anonymous_2)","decl":{"start":{"line":50,"column":2},"end":{"line":50,"column":7}},"loc":{"start":{"line":50,"column":47},"end":{"line":69,"column":3}}},"3":{"name":"(anonymous_3)","decl":{"start":{"line":71,"column":2},"end":{"line":71,"column":7}},"loc":{"start":{"line":71,"column":41},"end":{"line":91,"column":3}}},"4":{"name":"(anonymous_4)","decl":{"start":{"line":93,"column":2},"end":{"line":93,"column":7}},"loc":{"start":{"line":93,"column":56},"end":{"line":112,"column":3}}},"5":{"name":"(anonymous_5)","decl":{"start":{"line":114,"column":2},"end":{"line":114,"column":7}},"loc":{"start":{"line":114,"column":49},"end":{"line":133,"column":3}}},"6":{"name":"(anonymous_6)","decl":{"start":{"line":135,"column":2},"end":{"line":135,"column":7}},"loc":{"start":{"line":135,"column":48},"end":{"line":159,"column":3}}},"7":{"name":"(anonymous_7)","decl":{"start":{"line":161,"column":2},"end":{"line":161,"column":7}},"loc":{"start":{"line":161,"column":42},"end":{"line":171,"column":3}}},"8":{"name":"(anonymous_8)","decl":{"start":{"line":173,"column":2},"end":{"line":173,"column":7}},"loc":{"start":{"line":173,"column":50},"end":{"line":183,"column":3}}},"9":{"name":"(anonymous_9)","decl":{"start":{"line":185,"column":10},"end":{"line":185,"column":21}},"loc":{"start":{"line":185,"column":68},"end":{"line":205,"column":3}}}},"branchMap":{"0":{"loc":{"start":{"line":32,"column":6},"end":{"line":34,"column":7}},"type":"if","locations":[{"start":{"line":32,"column":6},"end":{"line":34,"column":7}}]},"1":{"loc":{"start":{"line":32,"column":10},"end":{"line":32,"column":38}},"type":"binary-expr","locations":[{"start":{"line":32,"column":10},"end":{"line":32,"column":16}},{"start":{"line":32,"column":20},"end":{"line":32,"column":25}},{"start":{"line":32,"column":29},"end":{"line":32,"column":38}}]},"2":{"loc":{"start":{"line":54,"column":6},"end":{"line":56,"column":7}},"type":"if","locations":[{"start":{"line":54,"column":6},"end":{"line":56,"column":7}}]},"3":{"loc":{"start":{"line":54,"column":10},"end":{"line":54,"column":25}},"type":"binary-expr","locations":[{"start":{"line":54,"column":10},"end":{"line":54,"column":16}},{"start":{"line":54,"column":20},"end":{"line":54,"column":25}}]},"4":{"loc":{"start":{"line":75,"column":6},"end":{"line":77,"column":7}},"type":"if","locations":[{"start":{"line":75,"column":6},"end":{"line":77,"column":7}}]},"5":{"loc":{"start":{"line":75,"column":10},"end":{"line":75,"column":29}},"type":"binary-expr","locations":[{"start":{"line":75,"column":10},"end":{"line":75,"column":16}},{"start":{"line":75,"column":20},"end":{"line":75,"column":29}}]},"6":{"loc":{"start":{"line":97,"column":6},"end":{"line":99,"column":7}},"type":"if","locations":[{"start":{"line":97,"column":6},"end":{"line":99,"column":7}}]},"7":{"loc":{"start":{"line":118,"column":6},"end":{"line":120,"column":7}},"type":"if","locations":[{"start":{"line":118,"column":6},"end":{"line":120,"column":7}}]},"8":{"loc":{"start":{"line":118,"column":10},"end":{"line":118,"column":32}},"type":"binary-expr","locations":[{"start":{"line":118,"column":10},"end":{"line":118,"column":16}},{"start":{"line":118,"column":20},"end":{"line":118,"column":32}}]},"9":{"loc":{"start":{"line":139,"column":6},"end":{"line":141,"column":7}},"type":"if","locations":[{"start":{"line":139,"column":6},"end":{"line":141,"column":7}}]},"10":{"loc":{"start":{"line":186,"column":4},"end":{"line":204,"column":5}},"type":"if","locations":[{"start":{"line":186,"column":4},"end":{"line":204,"column":5}},{"start":{"line":192,"column":11},"end":{"line":204,"column":5}}]},"11":{"loc":{"start":{"line":192,"column":11},"end":{"line":204,"column":5}},"type":"if","locations":[{"start":{"line":192,"column":11},"end":{"line":204,"column":5}},{"start":{"line":198,"column":11},"end":{"line":204,"column":5}}]},"12":{"loc":{"start":{"line":196,"column":15},"end":{"line":196,"column":55}},"type":"binary-expr","locations":[{"start":{"line":196,"column":15},"end":{"line":196,"column":28}},{"start":{"line":196,"column":32},"end":{"line":196,"column":55}}]}},"s":{"0":2,"1":2,"2":2,"3":2,"4":2,"5":4,"6":4,"7":4,"8":4,"9":4,"10":4,"11":4,"12":4,"13":4,"14":0,"15":4,"16":3,"17":2,"18":2,"19":2,"20":0,"21":0,"22":0,"23":0,"24":0,"25":0,"26":0,"27":0,"28":0,"29":0,"30":0,"31":0,"32":0,"33":0,"34":0,"35":0,"36":0,"37":0,"38":0,"39":0,"40":0,"41":0,"42":0,"43":0,"44":0,"45":0,"46":0,"47":0,"48":0,"49":0,"50":0,"51":0,"52":0,"53":0,"54":0,"55":0,"56":0,"57":0,"58":0,"59":0,"60":0,"61":0,"62":0,"63":0,"64":0,"65":0,"66":0,"67":0,"68":0,"69":2,"70":1,"71":1,"72":1,"73":1,"74":1,"75":0,"76":0,"77":2},"f":{"0":4,"1":4,"2":0,"3":0,"4":0,"5":0,"6":0,"7":0,"8":0,"9":2},"b":{"0":[0],"1":[4,4,4],"2":[0],"3":[0,0],"4":[0],"5":[0,0],"6":[0],"7":[0],"8":[0,0],"9":[0],"10":[1,1],"11":[1,0],"12":[1,0]}}
,"C:\\Users\\ASUS\\OneDrive\\Escritorio\\Proyecto-transporte\\packages\\backend\\src\\modules\\auth\\infrastructure\\repositories\\UserRepository.ts": {"path":"C:\\Users\\ASUS\\OneDrive\\Escritorio\\Proyecto-transporte\\packages\\backend\\src\\modules\\auth\\infrastructure\\repositories\\UserRepository.ts","statementMap":{"0":{"start":{"line":1,"column":0},"end":{"line":1,"column":54}},"1":{"start":{"line":2,"column":0},"end":{"line":2,"column":50}},"2":{"start":{"line":4,"column":0},"end":{"line":4,"column":56}},"3":{"start":{"line":22,"column":19},"end":{"line":22,"column":59}},"4":{"start":{"line":25,"column":18},"end":{"line":31,"column":6}},"5":{"start":{"line":33,"column":19},"end":{"line":43,"column":6}},"6":{"start":{"line":45,"column":4},"end":{"line":53,"column":5}},"7":{"start":{"line":46,"column":21},"end":{"line":46,"column":57}},"8":{"start":{"line":47,"column":6},"end":{"line":47,"column":47}},"9":{"start":{"line":49,"column":6},"end":{"line":51,"column":7}},"10":{"start":{"line":50,"column":8},"end":{"line":50,"column":72}},"11":{"start":{"line":52,"column":6},"end":{"line":52,"column":18}},"12":{"start":{"line":57,"column":18},"end":{"line":57,"column":57}},"13":{"start":{"line":58,"column":19},"end":{"line":58,"column":53}},"14":{"start":{"line":59,"column":4},"end":{"line":59,"column":69}},"15":{"start":{"line":63,"column":18},"end":{"line":63,"column":61}},"16":{"start":{"line":64,"column":19},"end":{"line":64,"column":56}},"17":{"start":{"line":65,"column":4},"end":{"line":65,"column":69}},"18":{"start":{"line":69,"column":18},"end":{"line":69,"column":67}},"19":{"start":{"line":70,"column":19},"end":{"line":70,"column":47}},"20":{"start":{"line":71,"column":4},"end":{"line":71,"column":69}},"21":{"start":{"line":71,"column":45},"end":{"line":71,"column":67}},"22":{"start":{"line":75,"column":17},"end":{"line":75,"column":40}},"23":{"start":{"line":76,"column":4},"end":{"line":78,"column":5}},"24":{"start":{"line":77,"column":6},"end":{"line":77,"column":54}},"25":{"start":{"line":80,"column":30},"end":{"line":80,"column":32}},"26":{"start":{"line":81,"column":26},"end":{"line":81,"column":28}},"27":{"start":{"line":82,"column":21},"end":{"line":82,"column":22}},"28":{"start":{"line":84,"column":4},"end":{"line":87,"column":5}},"29":{"start":{"line":85,"column":6},"end":{"line":85,"column":48}},"30":{"start":{"line":86,"column":6},"end":{"line":86,"column":33}},"31":{"start":{"line":88,"column":4},"end":{"line":91,"column":5}},"32":{"start":{"line":89,"column":6},"end":{"line":89,"column":52}},"33":{"start":{"line":90,"column":6},"end":{"line":90,"column":39}},"34":{"start":{"line":92,"column":4},"end":{"line":95,"column":5}},"35":{"start":{"line":93,"column":6},"end":{"line":93,"column":57}},"36":{"start":{"line":94,"column":6},"end":{"line":94,"column":39}},"37":{"start":{"line":96,"column":4},"end":{"line":99,"column":5}},"38":{"start":{"line":97,"column":6},"end":{"line":97,"column":57}},"39":{"start":{"line":98,"column":6},"end":{"line":98,"column":52}},"40":{"start":{"line":101,"column":4},"end":{"line":101,"column":54}},"41":{"start":{"line":102,"column":4},"end":{"line":102,"column":28}},"42":{"start":{"line":104,"column":4},"end":{"line":104,"column":20}},"43":{"start":{"line":106,"column":18},"end":{"line":106,"column":100}},"44":{"start":{"line":107,"column":19},"end":{"line":107,"column":55}},"45":{"start":{"line":109,"column":4},"end":{"line":109,"column":45}},"46":{"start":{"line":113,"column":18},"end":{"line":113,"column":55}},"47":{"start":{"line":114,"column":4},"end":{"line":114,"column":39}},"48":{"start":{"line":118,"column":18},"end":{"line":118,"column":82}},"49":{"start":{"line":119,"column":19},"end":{"line":119,"column":55}},"50":{"start":{"line":120,"column":4},"end":{"line":120,"column":69}},"51":{"start":{"line":120,"column":45},"end":{"line":120,"column":67}},"52":{"start":{"line":124,"column":18},"end":{"line":124,"column":96}},"53":{"start":{"line":125,"column":19},"end":{"line":125,"column":47}},"54":{"start":{"line":126,"column":4},"end":{"line":126,"column":69}},"55":{"start":{"line":126,"column":45},"end":{"line":126,"column":67}},"56":{"start":{"line":130,"column":4},"end":{"line":140,"column":6}},"57":{"start":{"line":21,"column":0},"end":{"line":21,"column":13}}},"fnMap":{"0":{"name":"(anonymous_0)","decl":{"start":{"line":21,"column":0},"end":{"line":21,"column":13}},"loc":{"start":{"line":21,"column":0},"end":{"line":142,"column":1}}},"1":{"name":"(anonymous_1)","decl":{"start":{"line":24,"column":2},"end":{"line":24,"column":7}},"loc":{"start":{"line":24,"column":25},"end":{"line":54,"column":3}}},"2":{"name":"(anonymous_2)","decl":{"start":{"line":56,"column":2},"end":{"line":56,"column":7}},"loc":{"start":{"line":56,"column":27},"end":{"line":60,"column":3}}},"3":{"name":"(anonymous_3)","decl":{"start":{"line":62,"column":2},"end":{"line":62,"column":7}},"loc":{"start":{"line":62,"column":33},"end":{"line":66,"column":3}}},"4":{"name":"(anonymous_4)","decl":{"start":{"line":68,"column":2},"end":{"line":68,"column":7}},"loc":{"start":{"line":68,"column":15},"end":{"line":72,"column":3}}},"5":{"name":"(anonymous_5)","decl":{"start":{"line":71,"column":27},"end":{"line":71,"column":28}},"loc":{"start":{"line":71,"column":45},"end":{"line":71,"column":67}}},"6":{"name":"(anonymous_6)","decl":{"start":{"line":74,"column":2},"end":{"line":74,"column":7}},"loc":{"start":{"line":74,"column":50},"end":{"line":110,"column":3}}},"7":{"name":"(anonymous_7)","decl":{"start":{"line":112,"column":2},"end":{"line":112,"column":7}},"loc":{"start":{"line":112,"column":25},"end":{"line":115,"column":3}}},"8":{"name":"(anonymous_8)","decl":{"start":{"line":117,"column":2},"end":{"line":117,"column":7}},"loc":{"start":{"line":117,"column":44},"end":{"line":121,"column":3}}},"9":{"name":"(anonymous_9)","decl":{"start":{"line":120,"column":27},"end":{"line":120,"column":28}},"loc":{"start":{"line":120,"column":45},"end":{"line":120,"column":67}}},"10":{"name":"(anonymous_10)","decl":{"start":{"line":123,"column":2},"end":{"line":123,"column":7}},"loc":{"start":{"line":123,"column":25},"end":{"line":127,"column":3}}},"11":{"name":"(anonymous_11)","decl":{"start":{"line":126,"column":27},"end":{"line":126,"column":28}},"loc":{"start":{"line":126,"column":45},"end":{"line":126,"column":67}}},"12":{"name":"(anonymous_12)","decl":{"start":{"line":129,"column":10},"end":{"line":129,"column":22}},"loc":{"start":{"line":129,"column":35},"end":{"line":141,"column":3}}}},"branchMap":{"0":{"loc":{"start":{"line":49,"column":6},"end":{"line":51,"column":7}},"type":"if","locations":[{"start":{"line":49,"column":6},"end":{"line":51,"column":7}}]},"1":{"loc":{"start":{"line":49,"column":10},"end":{"line":49,"column":71}},"type":"binary-expr","locations":[{"start":{"line":49,"column":10},"end":{"line":49,"column":32}},{"start":{"line":49,"column":36},"end":{"line":49,"column":71}}]},"2":{"loc":{"start":{"line":59,"column":11},"end":{"line":59,"column":68}},"type":"cond-expr","locations":[{"start":{"line":59,"column":28},"end":{"line":59,"column":61}},{"start":{"line":59,"column":64},"end":{"line":59,"column":68}}]},"3":{"loc":{"start":{"line":65,"column":11},"end":{"line":65,"column":68}},"type":"cond-expr","locations":[{"start":{"line":65,"column":28},"end":{"line":65,"column":61}},{"start":{"line":65,"column":64},"end":{"line":65,"column":68}}]},"4":{"loc":{"start":{"line":76,"column":4},"end":{"line":78,"column":5}},"type":"if","locations":[{"start":{"line":76,"column":4},"end":{"line":78,"column":5}}]},"5":{"loc":{"start":{"line":84,"column":4},"end":{"line":87,"column":5}},"type":"if","locations":[{"start":{"line":84,"column":4},"end":{"line":87,"column":5}}]},"6":{"loc":{"start":{"line":88,"column":4},"end":{"line":91,"column":5}},"type":"if","locations":[{"start":{"line":88,"column":4},"end":{"line":91,"column":5}}]},"7":{"loc":{"start":{"line":92,"column":4},"end":{"line":95,"column":5}},"type":"if","locations":[{"start":{"line":92,"column":4},"end":{"line":95,"column":5}}]},"8":{"loc":{"start":{"line":96,"column":4},"end":{"line":99,"column":5}},"type":"if","locations":[{"start":{"line":96,"column":4},"end":{"line":99,"column":5}}]}},"s":{"0":2,"1":2,"2":2,"3":4,"4":0,"5":0,"6":0,"7":0,"8":0,"9":0,"10":0,"11":0,"12":0,"13":0,"14":0,"15":3,"16":3,"17":3,"18":0,"19":0,"20":0,"21":0,"22":0,"23":0,"24":0,"25":0,"26":0,"27":0,"28":0,"29":0,"30":0,"31":0,"32":0,"33":0,"34":0,"35":0,"36":0,"37":0,"38":0,"39":0,"40":0,"41":0,"42":0,"43":0,"44":0,"45":0,"46":0,"47":0,"48":0,"49":0,"50":0,"51":0,"52":0,"53":0,"54":0,"55":0,"56":1,"57":2},"f":{"0":4,"1":0,"2":0,"3":3,"4":0,"5":0,"6":0,"7":0,"8":0,"9":0,"10":0,"11":0,"12":1},"b":{"0":[0],"1":[0,0],"2":[0,0],"3":[1,2],"4":[0],"5":[0],"6":[0],"7":[0],"8":[0]}}
,"C:\\Users\\ASUS\\OneDrive\\Escritorio\\Proyecto-transporte\\packages\\backend\\src\\shared\\errors\\AppError.ts": {"path":"C:\\Users\\ASUS\\OneDrive\\Escritorio\\Proyecto-transporte\\packages\\backend\\src\\shared\\errors\\AppError.ts","statementMap":{"0":{"start":{"line":14,"column":4},"end":{"line":14,"column":19}},"1":{"start":{"line":15,"column":4},"end":{"line":15,"column":54}},"2":{"start":{"line":17,"column":4},"end":{"line":17,"column":33}},"3":{"start":{"line":18,"column":4},"end":{"line":18,"column":39}},"4":{"start":{"line":20,"column":4},"end":{"line":20,"column":52}},"5":{"start":{"line":5,"column":0},"end":{"line":5,"column":13}},"6":{"start":{"line":27,"column":4},"end":{"line":27,"column":24}},"7":{"start":{"line":25,"column":0},"end":{"line":25,"column":13}},"8":{"start":{"line":33,"column":4},"end":{"line":33,"column":24}},"9":{"start":{"line":31,"column":0},"end":{"line":31,"column":13}},"10":{"start":{"line":40,"column":4},"end":{"line":40,"column":19}},"11":{"start":{"line":38,"column":0},"end":{"line":38,"column":13}},"12":{"start":{"line":46,"column":4},"end":{"line":46,"column":24}},"13":{"start":{"line":44,"column":0},"end":{"line":44,"column":13}},"14":{"start":{"line":52,"column":4},"end":{"line":52,"column":24}},"15":{"start":{"line":50,"column":0},"end":{"line":50,"column":13}},"16":{"start":{"line":58,"column":4},"end":{"line":58,"column":24}},"17":{"start":{"line":56,"column":0},"end":{"line":56,"column":13}},"18":{"start":{"line":64,"column":4},"end":{"line":64,"column":31}},"19":{"start":{"line":62,"column":0},"end":{"line":62,"column":13}},"20":{"start":{"line":70,"column":4},"end":{"line":70,"column":24}},"21":{"start":{"line":68,"column":0},"end":{"line":68,"column":13}}},"fnMap":{"0":{"name":"(anonymous_0)","decl":{"start":{"line":9,"column":2},"end":{"line":9,"column":null}},"loc":{"start":{"line":12,"column":33},"end":{"line":21,"column":3}}},"1":{"name":"(anonymous_1)","decl":{"start":{"line":26,"column":2},"end":{"line":26,"column":14}},"loc":{"start":{"line":26,"column":29},"end":{"line":28,"column":3}}},"2":{"name":"(anonymous_2)","decl":{"start":{"line":32,"column":2},"end":{"line":32,"column":14}},"loc":{"start":{"line":32,"column":55},"end":{"line":34,"column":3}}},"3":{"name":"(anonymous_3)","decl":{"start":{"line":39,"column":2},"end":{"line":39,"column":14}},"loc":{"start":{"line":39,"column":46},"end":{"line":41,"column":3}}},"4":{"name":"(anonymous_4)","decl":{"start":{"line":45,"column":2},"end":{"line":45,"column":14}},"loc":{"start":{"line":45,"column":47},"end":{"line":47,"column":3}}},"5":{"name":"(anonymous_5)","decl":{"start":{"line":51,"column":2},"end":{"line":51,"column":14}},"loc":{"start":{"line":51,"column":29},"end":{"line":53,"column":3}}},"6":{"name":"(anonymous_6)","decl":{"start":{"line":57,"column":2},"end":{"line":57,"column":14}},"loc":{"start":{"line":57,"column":29},"end":{"line":59,"column":3}}},"7":{"name":"(anonymous_7)","decl":{"start":{"line":63,"column":2},"end":{"line":63,"column":14}},"loc":{"start":{"line":63,"column":55},"end":{"line":65,"column":3}}},"8":{"name":"(anonymous_8)","decl":{"start":{"line":69,"column":2},"end":{"line":69,"column":14}},"loc":{"start":{"line":69,"column":43},"end":{"line":71,"column":3}}}},"branchMap":{"0":{"loc":{"start":{"line":11,"column":4},"end":{"line":11,"column":28}},"type":"default-arg","locations":[{"start":{"line":11,"column":25},"end":{"line":11,"column":28}}]},"1":{"loc":{"start":{"line":12,"column":4},"end":{"line":12,"column":33}},"type":"default-arg","locations":[{"start":{"line":12,"column":29},"end":{"line":12,"column":33}}]},"2":{"loc":{"start":{"line":32,"column":14},"end":{"line":32,"column":55}},"type":"default-arg","locations":[{"start":{"line":32,"column":32},"end":{"line":32,"column":55}}]},"3":{"loc":{"start":{"line":39,"column":14},"end":{"line":39,"column":46}},"type":"default-arg","locations":[{"start":{"line":39,"column":32},"end":{"line":39,"column":46}}]},"4":{"loc":{"start":{"line":45,"column":14},"end":{"line":45,"column":47}},"type":"default-arg","locations":[{"start":{"line":45,"column":32},"end":{"line":45,"column":47}}]},"5":{"loc":{"start":{"line":63,"column":14},"end":{"line":63,"column":55}},"type":"default-arg","locations":[{"start":{"line":63,"column":32},"end":{"line":63,"column":55}}]},"6":{"loc":{"start":{"line":69,"column":14},"end":{"line":69,"column":43}},"type":"default-arg","locations":[{"start":{"line":69,"column":32},"end":{"line":69,"column":43}}]}},"s":{"0":1,"1":1,"2":1,"3":1,"4":1,"5":2,"6":0,"7":2,"8":0,"9":2,"10":0,"11":2,"12":0,"13":2,"14":0,"15":2,"16":1,"17":2,"18":0,"19":2,"20":0,"21":2},"f":{"0":1,"1":0,"2":0,"3":0,"4":0,"5":0,"6":1,"7":0,"8":0},"b":{"0":[0],"1":[1],"2":[0],"3":[0],"4":[0],"5":[0],"6":[0]}}
,"C:\\Users\\ASUS\\OneDrive\\Escritorio\\Proyecto-transporte\\packages\\backend\\src\\shared\\middlewares\\AuthMiddleware.ts": {"path":"C:\\Users\\ASUS\\OneDrive\\Escritorio\\Proyecto-transporte\\packages\\backend\\src\\shared\\middlewares\\AuthMiddleware.ts","statementMap":{"0":{"start":{"line":13,"column":0},"end":{"line":13,"column":58}},"1":{"start":{"line":14,"column":0},"end":{"line":14,"column":60}},"2":{"start":{"line":15,"column":0},"end":{"line":15,"column":40}},"3":{"start":{"line":17,"column":15},"end":{"line":17,"column":27}},"4":{"start":{"line":33,"column":33},"end":{"line":67,"column":1}},"5":{"start":{"line":34,"column":2},"end":{"line":66,"column":3}},"6":{"start":{"line":36,"column":23},"end":{"line":36,"column":51}},"7":{"start":{"line":37,"column":18},"end":{"line":37,"column":80}},"8":{"start":{"line":39,"column":4},"end":{"line":42,"column":5}},"9":{"start":{"line":40,"column":6},"end":{"line":40,"column":68}},"10":{"start":{"line":41,"column":6},"end":{"line":41,"column":65}},"11":{"start":{"line":45,"column":20},"end":{"line":45,"column":57}},"12":{"start":{"line":48,"column":4},"end":{"line":48,"column":23}},"13":{"start":{"line":51,"column":4},"end":{"line":51,"column":11}},"14":{"start":{"line":53,"column":4},"end":{"line":53,"column":121}},"15":{"start":{"line":55,"column":4},"end":{"line":65,"column":5}},"16":{"start":{"line":56,"column":6},"end":{"line":59,"column":9}},"17":{"start":{"line":61,"column":6},"end":{"line":64,"column":9}},"18":{"start":{"line":33,"column":13},"end":{"line":33,"column":33}},"19":{"start":{"line":73,"column":2},"end":{"line":96,"column":3}},"20":{"start":{"line":74,"column":2},"end":{"line":96,"column":3}},"21":{"start":{"line":75,"column":4},"end":{"line":81,"column":5}},"22":{"start":{"line":76,"column":6},"end":{"line":79,"column":9}},"23":{"start":{"line":80,"column":6},"end":{"line":80,"column":13}},"24":{"start":{"line":83,"column":4},"end":{"line":93,"column":5}},"25":{"start":{"line":84,"column":6},"end":{"line":87,"column":8}},"26":{"start":{"line":88,"column":6},"end":{"line":91,"column":9}},"27":{"start":{"line":92,"column":6},"end":{"line":92,"column":13}},"28":{"start":{"line":95,"column":4},"end":{"line":95,"column":11}},"29":{"start":{"line":72,"column":13},"end":{"line":72,"column":null}}},"fnMap":{"0":{"name":"(anonymous_0)","decl":{"start":{"line":33,"column":33},"end":{"line":33,"column":34}},"loc":{"start":{"line":33,"column":91},"end":{"line":67,"column":1}}},"1":{"name":"(anonymous_1)","decl":{"start":{"line":73,"column":2},"end":{"line":73,"column":3}},"loc":{"start":{"line":74,"column":2},"end":{"line":96,"column":3}}},"2":{"name":"(anonymous_2)","decl":{"start":{"line":74,"column":2},"end":{"line":74,"column":3}},"loc":{"start":{"line":74,"column":60},"end":{"line":96,"column":3}}}},"branchMap":{"0":{"loc":{"start":{"line":37,"column":18},"end":{"line":37,"column":80}},"type":"cond-expr","locations":[{"start":{"line":37,"column":54},"end":{"line":37,"column":73}},{"start":{"line":37,"column":76},"end":{"line":37,"column":80}}]},"1":{"loc":{"start":{"line":39,"column":4},"end":{"line":42,"column":5}},"type":"if","locations":[{"start":{"line":39,"column":4},"end":{"line":42,"column":5}}]},"2":{"loc":{"start":{"line":53,"column":42},"end":{"line":53,"column":98}},"type":"cond-expr","locations":[{"start":{"line":53,"column":67},"end":{"line":53,"column":80}},{"start":{"line":53,"column":83},"end":{"line":53,"column":98}}]},"3":{"loc":{"start":{"line":55,"column":4},"end":{"line":65,"column":5}},"type":"if","locations":[{"start":{"line":55,"column":4},"end":{"line":65,"column":5}},{"start":{"line":60,"column":11},"end":{"line":65,"column":5}}]},"4":{"loc":{"start":{"line":75,"column":4},"end":{"line":81,"column":5}},"type":"if","locations":[{"start":{"line":75,"column":4},"end":{"line":81,"column":5}}]},"5":{"loc":{"start":{"line":83,"column":4},"end":{"line":93,"column":5}},"type":"if","locations":[{"start":{"line":83,"column":4},"end":{"line":93,"column":5}}]}},"s":{"0":2,"1":2,"2":2,"3":2,"4":2,"5":0,"6":0,"7":0,"8":0,"9":0,"10":0,"11":0,"12":0,"13":0,"14":0,"15":0,"16":0,"17":0,"18":2,"19":2,"20":0,"21":0,"22":0,"23":0,"24":0,"25":0,"26":0,"27":0,"28":0,"29":2},"f":{"0":0,"1":0,"2":0},"b":{"0":[0,0],"1":[0],"2":[0,0],"3":[0,0],"4":[0],"5":[0]}}
,"C:\\Users\\ASUS\\OneDrive\\Escritorio\\Proyecto-transporte\\packages\\backend\\src\\shared\\services\\JWTService.ts": {"path":"C:\\Users\\ASUS\\OneDrive\\Escritorio\\Proyecto-transporte\\packages\\backend\\src\\shared\\services\\JWTService.ts","statementMap":{"0":{"start":{"line":10,"column":0},"end":{"line":10,"column":31}},"1":{"start":{"line":35,"column":24},"end":{"line":37,"column":13}},"2":{"start":{"line":39,"column":25},"end":{"line":41,"column":13}},"3":{"start":{"line":43,"column":4},"end":{"line":43,"column":41}},"4":{"start":{"line":50,"column":4},"end":{"line":55,"column":5}},"5":{"start":{"line":51,"column":22},"end":{"line":51,"column":73}},"6":{"start":{"line":52,"column":6},"end":{"line":52,"column":21}},"7":{"start":{"line":54,"column":6},"end":{"line":54,"column":57}},"8":{"start":{"line":62,"column":4},"end":{"line":67,"column":5}},"9":{"start":{"line":63,"column":22},"end":{"line":63,"column":74}},"10":{"start":{"line":64,"column":6},"end":{"line":64,"column":21}},"11":{"start":{"line":66,"column":6},"end":{"line":66,"column":58}},"12":{"start":{"line":74,"column":4},"end":{"line":76,"column":14}},"13":{"start":{"line":83,"column":4},"end":{"line":87,"column":5}},"14":{"start":{"line":84,"column":6},"end":{"line":84,"column":45}},"15":{"start":{"line":86,"column":6},"end":{"line":86,"column":18}},"16":{"start":{"line":25,"column":0},"end":{"line":25,"column":13}},"17":{"start":{"line":26,"column":26},"end":{"line":26,"column":128}},"18":{"start":{"line":27,"column":26},"end":{"line":27,"column":141}},"19":{"start":{"line":28,"column":26},"end":{"line":28,"column":98}},"20":{"start":{"line":29,"column":26},"end":{"line":29,"column":108}}},"fnMap":{"0":{"name":"(anonymous_1)","decl":{"start":{"line":34,"column":2},"end":{"line":34,"column":8}},"loc":{"start":{"line":34,"column":67},"end":{"line":44,"column":3}}},"1":{"name":"(anonymous_2)","decl":{"start":{"line":49,"column":2},"end":{"line":49,"column":8}},"loc":{"start":{"line":49,"column":42},"end":{"line":56,"column":3}}},"2":{"name":"(anonymous_3)","decl":{"start":{"line":61,"column":2},"end":{"line":61,"column":8}},"loc":{"start":{"line":61,"column":43},"end":{"line":68,"column":3}}},"3":{"name":"(anonymous_4)","decl":{"start":{"line":73,"column":2},"end":{"line":73,"column":8}},"loc":{"start":{"line":73,"column":69},"end":{"line":77,"column":3}}},"4":{"name":"(anonymous_5)","decl":{"start":{"line":82,"column":2},"end":{"line":82,"column":8}},"loc":{"start":{"line":82,"column":29},"end":{"line":88,"column":3}}}},"branchMap":{"0":{"loc":{"start":{"line":26,"column":51},"end":{"line":26,"column":116}},"type":"binary-expr","locations":[{"start":{"line":26,"column":51},"end":{"line":26,"column":73}},{"start":{"line":26,"column":77},"end":{"line":26,"column":116}}]},"1":{"loc":{"start":{"line":27,"column":52},"end":{"line":27,"column":129}},"type":"binary-expr","locations":[{"start":{"line":27,"column":52},"end":{"line":27,"column":82}},{"start":{"line":27,"column":86},"end":{"line":27,"column":129}}]},"2":{"loc":{"start":{"line":28,"column":52},"end":{"line":28,"column":86}},"type":"binary-expr","locations":[{"start":{"line":28,"column":52},"end":{"line":28,"column":78}},{"start":{"line":28,"column":82},"end":{"line":28,"column":86}}]},"3":{"loc":{"start":{"line":29,"column":53},"end":{"line":29,"column":96}},"type":"binary-expr","locations":[{"start":{"line":29,"column":53},"end":{"line":29,"column":87}},{"start":{"line":29,"column":91},"end":{"line":29,"column":96}}]}},"s":{"0":2,"1":0,"2":0,"3":0,"4":0,"5":0,"6":0,"7":0,"8":0,"9":0,"10":0,"11":0,"12":0,"13":0,"14":0,"15":0,"16":2,"17":2,"18":2,"19":2,"20":2},"f":{"0":0,"1":0,"2":0,"3":0,"4":0},"b":{"0":[2,0],"1":[2,0],"2":[2,0],"3":[2,0]}}
,"C:\\Users\\ASUS\\OneDrive\\Escritorio\\Proyecto-transporte\\packages\\backend\\src\\shared\\services\\PasswordService.ts": {"path":"C:\\Users\\ASUS\\OneDrive\\Escritorio\\Proyecto-transporte\\packages\\backend\\src\\shared\\services\\PasswordService.ts","statementMap":{"0":{"start":{"line":7,"column":0},"end":{"line":7,"column":30}},"1":{"start":{"line":9,"column":20},"end":{"line":9,"column":22}},"2":{"start":{"line":16,"column":4},"end":{"line":16,"column":46}},"3":{"start":{"line":23,"column":4},"end":{"line":23,"column":57}},"4":{"start":{"line":11,"column":0},"end":{"line":11,"column":13}}},"fnMap":{"0":{"name":"(anonymous_1)","decl":{"start":{"line":15,"column":2},"end":{"line":15,"column":8}},"loc":{"start":{"line":15,"column":36},"end":{"line":17,"column":3}}},"1":{"name":"(anonymous_2)","decl":{"start":{"line":22,"column":2},"end":{"line":22,"column":8}},"loc":{"start":{"line":22,"column":68},"end":{"line":24,"column":3}}}},"branchMap":{},"s":{"0":2,"1":2,"2":2,"3":0,"4":2},"f":{"0":2,"1":0},"b":{}}
,"C:\\Users\\ASUS\\OneDrive\\Escritorio\\Proyecto-transporte\\packages\\backend\\src\\shared\\services\\index.ts": {"path":"C:\\Users\\ASUS\\OneDrive\\Escritorio\\Proyecto-transporte\\packages\\backend\\src\\shared\\services\\index.ts","statementMap":{"0":{"start":{"line":5,"column":0},"end":{"line":5,"column":9}},"1":{"start":{"line":5,"column":9},"end":{"line":5,"column":42}},"2":{"start":{"line":7,"column":0},"end":{"line":7,"column":9}},"3":{"start":{"line":7,"column":9},"end":{"line":7,"column":52}}},"fnMap":{"0":{"name":"(anonymous_0)","decl":{"start":{"line":5,"column":9},"end":{"line":5,"column":19}},"loc":{"start":{"line":5,"column":9},"end":{"line":5,"column":42}}},"1":{"name":"(anonymous_1)","decl":{"start":{"line":7,"column":9},"end":{"line":7,"column":24}},"loc":{"start":{"line":7,"column":9},"end":{"line":7,"column":52}}}},"branchMap":{},"s":{"0":2,"1":2,"2":2,"3":4},"f":{"0":0,"1":2},"b":{}}
}
