TN:
SF:src\app.ts
FN:14,(anonymous_1)
FN:21,(anonymous_2)
FN:38,(anonymous_3)
FN:43,(anonymous_4)
FN:52,(anonymous_5)
FN:56,(anonymous_6)
FN:57,(anonymous_7)
FN:65,(anonymous_8)
FNF:8
FNH:6
FNDA:3,(anonymous_1)
FNDA:3,(anonymous_2)
FNDA:5,(anonymous_3)
FNDA:0,(anonymous_4)
FNDA:3,(anonymous_5)
FNDA:4,(anonymous_6)
FNDA:1,(anonymous_7)
FNDA:0,(anonymous_8)
DA:2,2
DA:3,2
DA:4,2
DA:5,2
DA:6,2
DA:7,2
DA:9,2
DA:11,2
DA:15,3
DA:16,3
DA:17,3
DA:18,3
DA:22,3
DA:24,3
DA:26,3
DA:35,3
DA:36,3
DA:38,3
DA:39,5
DA:40,5
DA:43,3
DA:44,0
DA:53,3
DA:57,4
DA:58,1
DA:65,4
DA:66,0
DA:68,0
DA:69,0
DA:76,0
DA:80,0
DA:89,2
DA:91,2
LF:33
LH:27
BRDA:28,0,0,3
BRDA:28,0,1,0
BRDA:68,1,0,0
BRDA:77,2,0,0
BRDA:77,2,1,0
BRF:5
BRH:1
end_of_record
TN:
SF:src\config\database.ts
FN:19,(anonymous_9)
FN:32,(anonymous_10)
FN:45,(anonymous_11)
FN:57,(anonymous_12)
FNF:4
FNH:3
FNDA:14,(anonymous_9)
FNDA:0,(anonymous_10)
FNDA:1,(anonymous_11)
FNDA:1,(anonymous_12)
DA:1,2
DA:2,2
DA:4,2
DA:20,14
DA:21,2
DA:29,2
DA:32,2
DA:33,0
DA:34,0
DA:37,14
DA:38,14
DA:39,14
DA:40,14
DA:41,14
DA:42,14
DA:46,1
DA:47,1
DA:48,1
DA:49,1
DA:50,1
DA:52,0
DA:53,0
DA:58,1
DA:59,1
DA:60,1
DA:64,2
LF:26
LH:22
BRDA:20,0,0,2
BRDA:22,1,0,2
BRDA:22,1,1,0
BRDA:23,2,0,2
BRDA:23,2,1,0
BRDA:24,3,0,2
BRDA:24,3,1,0
BRDA:25,4,0,2
BRDA:25,4,1,0
BRDA:26,5,0,2
BRDA:26,5,1,0
BRF:11
BRH:6
end_of_record
TN:
SF:src\config\logger.ts
FN:18,(anonymous_0)
FN:22,(anonymous_1)
FN:49,(anonymous_2)
FN:53,(anonymous_3)
FN:57,(anonymous_4)
FN:61,(anonymous_5)
FNF:6
FNH:5
FNDA:8,(anonymous_0)
FNDA:9,(anonymous_1)
FNDA:0,(anonymous_2)
FNDA:7,(anonymous_3)
FNDA:1,(anonymous_4)
FNDA:1,(anonymous_5)
DA:19,8
DA:23,9
DA:31,9
DA:33,9
DA:35,0
DA:36,0
DA:38,7
DA:39,7
DA:41,1
DA:42,1
DA:44,1
DA:45,1
DA:50,0
DA:54,7
DA:58,1
DA:62,1
DA:66,2
LF:17
LH:14
BRDA:18,0,0,8
BRDA:19,1,0,8
BRDA:19,1,1,0
BRDA:31,2,0,9
BRDA:31,2,1,0
BRDA:33,3,0,0
BRDA:33,3,1,7
BRDA:33,3,2,1
BRDA:33,3,3,1
BRDA:35,4,0,0
BRDA:35,4,1,0
BRDA:38,5,0,7
BRDA:38,5,1,7
BRDA:41,6,0,1
BRDA:41,6,1,1
BRDA:44,7,0,1
BRDA:44,7,1,1
BRF:17
BRH:12
end_of_record
TN:
SF:src\modules\auth\auth.routes.ts
FN:58,(anonymous_0)
FN:53,(anonymous_1)
FN:54,(anonymous_2)
FN:55,(anonymous_3)
FN:56,(anonymous_4)
FN:57,(anonymous_5)
FN:52,(anonymous_6)
FN:15,createAuthRoutes
FN:34,(anonymous_8)
FN:35,(anonymous_9)
FN:36,(anonymous_10)
FN:37,(anonymous_11)
FN:38,(anonymous_12)
FN:39,(anonymous_13)
FN:42,(anonymous_14)
FN:43,(anonymous_15)
FN:44,(anonymous_16)
FNF:17
FNH:2
FNDA:0,(anonymous_0)
FNDA:0,(anonymous_1)
FNDA:0,(anonymous_2)
FNDA:0,(anonymous_3)
FNDA:0,(anonymous_4)
FNDA:0,(anonymous_5)
FNDA:0,(anonymous_6)
FNDA:4,createAuthRoutes
FNDA:4,(anonymous_8)
FNDA:0,(anonymous_9)
FNDA:0,(anonymous_10)
FNDA:0,(anonymous_11)
FNDA:0,(anonymous_12)
FNDA:0,(anonymous_13)
FNDA:0,(anonymous_14)
FNDA:0,(anonymous_15)
FNDA:0,(anonymous_16)
DA:1,2
DA:2,2
DA:3,2
DA:4,2
DA:5,2
DA:6,2
DA:7,2
DA:8,2
DA:9,2
DA:15,2
DA:16,4
DA:19,4
DA:20,4
DA:21,4
DA:22,4
DA:23,4
DA:24,4
DA:25,4
DA:34,4
DA:35,4
DA:36,4
DA:37,4
DA:38,4
DA:39,4
DA:42,4
DA:43,4
DA:44,4
DA:45,0
DA:46,0
DA:48,4
DA:52,2
DA:53,2
DA:54,2
DA:55,2
DA:56,2
DA:57,2
DA:58,2
LF:37
LH:35
BRF:0
BRH:0
end_of_record
TN:
SF:src\modules\auth\application\dtos\LoginDTO.ts
FN:11,(anonymous_0)
FN:17,(anonymous_1)
FN:31,(anonymous_2)
FN:50,(anonymous_3)
FNF:4
FNH:0
FNDA:0,(anonymous_0)
FNDA:0,(anonymous_1)
FNDA:0,(anonymous_2)
FNDA:0,(anonymous_3)
DA:7,2
DA:12,0
DA:13,0
DA:14,0
DA:18,0
DA:19,0
DA:22,0
DA:23,0
DA:26,0
DA:27,0
DA:32,0
DA:33,0
DA:40,2
DA:58,0
DA:59,0
DA:60,0
LF:16
LH:2
BRDA:18,0,0,0
BRDA:18,1,0,0
BRDA:18,1,1,0
BRDA:22,2,0,0
BRDA:22,3,0,0
BRDA:22,3,1,0
BRDA:26,4,0,0
BRF:7
BRH:0
end_of_record
TN:
SF:src\modules\auth\application\dtos\RegisterDTO.ts
FN:10,(anonymous_0)
FN:17,(anonymous_1)
FN:35,(anonymous_2)
FN:39,(anonymous_3)
FN:53,(anonymous_4)
FNF:5
FNH:5
FNDA:4,(anonymous_0)
FNDA:4,(anonymous_1)
FNDA:3,(anonymous_2)
FNDA:4,(anonymous_3)
FNDA:2,(anonymous_4)
DA:5,2
DA:11,4
DA:12,4
DA:13,4
DA:14,4
DA:18,4
DA:19,0
DA:22,4
DA:23,1
DA:26,3
DA:27,0
DA:30,3
DA:31,0
DA:36,3
DA:40,4
DA:41,4
DA:45,2
DA:61,2
DA:62,2
DA:63,2
DA:64,2
DA:65,2
DA:66,2
LF:23
LH:20
BRDA:18,0,0,0
BRDA:18,1,0,4
BRDA:18,1,1,4
BRDA:22,2,0,1
BRDA:26,3,0,0
BRDA:26,4,0,3
BRDA:26,4,1,3
BRDA:30,5,0,0
BRDA:30,6,0,3
BRDA:30,6,1,3
BRF:10
BRH:7
end_of_record
TN:
SF:src\modules\auth\application\usecases\LoginUseCase.ts
FN:22,(anonymous_0)
FN:24,(anonymous_1)
FNF:2
FNH:1
FNDA:4,(anonymous_0)
FNDA:0,(anonymous_1)
DA:2,2
DA:4,2
DA:5,2
DA:21,2
DA:22,4
DA:26,0
DA:28,0
DA:30,0
DA:34,0
DA:35,0
DA:39,0
DA:41,0
DA:42,0
DA:46,0
DA:53,0
LF:15
LH:5
BRDA:28,0,0,0
BRDA:34,1,0,0
BRDA:41,2,0,0
BRF:3
BRH:0
end_of_record
TN:
SF:src\modules\auth\application\usecases\RegisterUseCase.ts
FN:15,(anonymous_0)
FN:17,(anonymous_1)
FN:32,(anonymous_2)
FNF:3
FNH:3
FNDA:4,(anonymous_0)
FNDA:3,(anonymous_1)
FNDA:3,(anonymous_2)
DA:7,2
DA:9,2
DA:10,2
DA:11,2
DA:12,2
DA:14,2
DA:15,4
DA:18,3
DA:19,3
DA:33,3
DA:36,3
DA:37,3
DA:38,3
DA:39,0
DA:43,3
DA:44,3
DA:45,1
DA:49,2
DA:52,2
DA:53,2
DA:56,2
DA:57,2
DA:73,2
DA:76,2
LF:24
LH:23
BRDA:38,0,0,0
BRDA:44,1,0,1
BRF:2
BRH:1
end_of_record
TN:
SF:src\modules\auth\application\usecases\RequestPasswordResetUseCase.ts
FN:19,(anonymous_1)
FN:21,(anonymous_2)
FN:35,(anonymous_3)
FN:39,(anonymous_4)
FN:43,(anonymous_5)
FNF:5
FNH:1
FNDA:4,(anonymous_1)
FNDA:0,(anonymous_2)
FNDA:0,(anonymous_3)
FNDA:0,(anonymous_4)
FNDA:0,(anonymous_5)
DA:1,2
DA:4,2
DA:5,2
DA:18,2
DA:19,4
DA:22,0
DA:23,0
DA:36,0
DA:40,0
DA:44,0
DA:46,0
DA:47,0
DA:49,0
DA:51,0
DA:52,0
DA:55,0
DA:56,0
DA:57,0
DA:59,0
DA:60,0
DA:73,0
DA:74,0
DA:76,0
DA:78,0
DA:83,0
DA:84,0
DA:85,0
DA:88,0
LF:28
LH:5
BRDA:51,0,0,0
BRDA:73,1,0,0
BRDA:73,1,1,0
BRDA:83,2,0,0
BRF:4
BRH:0
end_of_record
TN:
SF:src\modules\auth\application\usecases\ResetPasswordUseCase.ts
FN:19,(anonymous_1)
FN:21,(anonymous_2)
FN:35,(anonymous_3)
FN:39,(anonymous_4)
FN:43,(anonymous_5)
FNF:5
FNH:1
FNDA:4,(anonymous_1)
FNDA:0,(anonymous_2)
FNDA:0,(anonymous_3)
FNDA:0,(anonymous_4)
FNDA:0,(anonymous_5)
DA:1,2
DA:4,2
DA:5,2
DA:6,2
DA:18,2
DA:19,4
DA:22,0
DA:23,0
DA:36,0
DA:40,0
DA:44,0
DA:46,0
DA:47,0
DA:49,0
DA:50,0
DA:53,0
DA:54,0
DA:57,0
DA:58,0
DA:60,0
DA:68,0
DA:69,0
DA:72,0
DA:74,0
DA:75,0
DA:78,0
DA:79,0
DA:83,0
DA:86,0
DA:87,0
DA:88,0
DA:91,0
DA:92,0
DA:94,0
DA:101,0
LF:35
LH:6
BRDA:49,0,0,0
BRDA:53,1,0,0
BRDA:68,2,0,0
BRDA:74,3,0,0
BRDA:78,4,0,0
BRDA:87,5,0,0
BRF:6
BRH:0
end_of_record
TN:
SF:src\modules\auth\application\usecases\VerifyEmailUseCase.ts
FN:23,(anonymous_0)
FN:25,(anonymous_1)
FN:40,(anonymous_2)
FNF:3
FNH:1
FNDA:4,(anonymous_0)
FNDA:0,(anonymous_1)
FNDA:0,(anonymous_2)
DA:8,2
DA:9,2
DA:10,2
DA:22,2
DA:23,4
DA:26,0
DA:27,0
DA:41,0
DA:42,0
DA:43,0
DA:44,0
DA:47,0
DA:48,0
DA:49,0
DA:53,0
DA:61,0
DA:62,0
DA:70,0
DA:71,0
DA:72,0
DA:74,0
DA:77,0
DA:78,0
DA:79,0
DA:83,0
DA:86,0
DA:89,0
DA:92,0
DA:93,0
DA:94,0
DA:102,0
DA:103,0
DA:104,0
DA:108,0
DA:114,0
DA:119,0
LF:36
LH:5
BRDA:48,0,0,0
BRDA:61,1,0,0
BRDA:70,2,0,0
BRDA:71,3,0,0
BRDA:78,4,0,0
BRDA:93,5,0,0
BRDA:93,5,1,0
BRDA:103,6,0,0
BRF:8
BRH:0
end_of_record
TN:
SF:src\modules\auth\domain\entities\User.ts
FN:19,(anonymous_0)
FN:44,(anonymous_1)
FN:51,(anonymous_2)
FNF:3
FNH:1
FNDA:1,(anonymous_0)
FNDA:0,(anonymous_1)
FNDA:0,(anonymous_2)
DA:1,2
DA:8,2
DA:30,1
DA:31,1
DA:32,1
DA:33,1
DA:34,1
DA:35,1
DA:36,1
DA:37,1
DA:38,1
DA:45,0
DA:52,0
DA:53,0
LF:14
LH:11
BRDA:23,0,0,0
BRDA:24,1,0,0
BRDA:25,2,0,0
BRDA:26,3,0,0
BRDA:27,4,0,0
BRDA:28,5,0,0
BRDA:45,6,0,0
BRDA:45,6,1,0
BRDA:52,7,0,0
BRDA:52,8,0,0
BRDA:52,8,1,0
BRF:11
BRH:0
end_of_record
TN:
SF:src\modules\auth\infrastructure\controllers\AuthController.ts
FN:20,(anonymous_0)
FN:28,(anonymous_1)
FN:50,(anonymous_2)
FN:71,(anonymous_3)
FN:93,(anonymous_4)
FN:114,(anonymous_5)
FN:135,(anonymous_6)
FN:161,(anonymous_7)
FN:173,(anonymous_8)
FN:185,(anonymous_9)
FNF:10
FNH:3
FNDA:4,(anonymous_0)
FNDA:4,(anonymous_1)
FNDA:0,(anonymous_2)
FNDA:0,(anonymous_3)
FNDA:0,(anonymous_4)
FNDA:0,(anonymous_5)
FNDA:0,(anonymous_6)
FNDA:0,(anonymous_7)
FNDA:0,(anonymous_8)
FNDA:2,(anonymous_9)
DA:7,2
DA:8,2
DA:9,2
DA:10,2
DA:11,2
DA:17,2
DA:18,4
DA:21,4
DA:22,4
DA:23,4
DA:24,4
DA:25,4
DA:29,4
DA:30,4
DA:32,4
DA:33,0
DA:36,4
DA:37,3
DA:39,2
DA:40,2
DA:46,2
DA:51,0
DA:52,0
DA:54,0
DA:55,0
DA:58,0
DA:60,0
DA:61,0
DA:67,0
DA:72,0
DA:73,0
DA:75,0
DA:76,0
DA:79,0
DA:80,0
DA:82,0
DA:83,0
DA:89,0
DA:94,0
DA:95,0
DA:97,0
DA:98,0
DA:101,0
DA:103,0
DA:104,0
DA:110,0
DA:115,0
DA:116,0
DA:118,0
DA:119,0
DA:122,0
DA:124,0
DA:125,0
DA:131,0
DA:136,0
DA:137,0
DA:139,0
DA:140,0
DA:143,0
DA:144,0
DA:150,0
DA:151,0
DA:157,0
DA:162,0
DA:163,0
DA:164,0
DA:169,0
DA:174,0
DA:175,0
DA:181,0
DA:186,2
DA:187,1
DA:188,1
DA:192,1
DA:193,1
DA:194,1
DA:199,0
DA:200,0
LF:78
LH:26
BRDA:32,0,0,0
BRDA:32,1,0,4
BRDA:32,1,1,4
BRDA:32,1,2,4
BRDA:54,2,0,0
BRDA:54,3,0,0
BRDA:54,3,1,0
BRDA:75,4,0,0
BRDA:75,5,0,0
BRDA:75,5,1,0
BRDA:97,6,0,0
BRDA:118,7,0,0
BRDA:118,8,0,0
BRDA:118,8,1,0
BRDA:139,9,0,0
BRDA:186,10,0,1
BRDA:186,10,1,1
BRDA:192,11,0,1
BRDA:192,11,1,0
BRDA:196,12,0,1
BRDA:196,12,1,0
BRF:21
BRH:7
end_of_record
TN:
SF:src\modules\auth\infrastructure\repositories\UserRepository.ts
FN:21,(anonymous_0)
FN:24,(anonymous_1)
FN:56,(anonymous_2)
FN:62,(anonymous_3)
FN:68,(anonymous_4)
FN:71,(anonymous_5)
FN:74,(anonymous_6)
FN:112,(anonymous_7)
FN:117,(anonymous_8)
FN:120,(anonymous_9)
FN:123,(anonymous_10)
FN:126,(anonymous_11)
FN:129,(anonymous_12)
FNF:13
FNH:3
FNDA:4,(anonymous_0)
FNDA:0,(anonymous_1)
FNDA:0,(anonymous_2)
FNDA:3,(anonymous_3)
FNDA:0,(anonymous_4)
FNDA:0,(anonymous_5)
FNDA:0,(anonymous_6)
FNDA:0,(anonymous_7)
FNDA:0,(anonymous_8)
FNDA:0,(anonymous_9)
FNDA:0,(anonymous_10)
FNDA:0,(anonymous_11)
FNDA:1,(anonymous_12)
DA:1,2
DA:2,2
DA:4,2
DA:21,2
DA:22,4
DA:25,0
DA:33,0
DA:45,0
DA:46,0
DA:47,0
DA:49,0
DA:50,0
DA:52,0
DA:57,0
DA:58,0
DA:59,0
DA:63,3
DA:64,3
DA:65,3
DA:69,0
DA:70,0
DA:71,0
DA:75,0
DA:76,0
DA:77,0
DA:80,0
DA:81,0
DA:82,0
DA:84,0
DA:85,0
DA:86,0
DA:88,0
DA:89,0
DA:90,0
DA:92,0
DA:93,0
DA:94,0
DA:96,0
DA:97,0
DA:98,0
DA:101,0
DA:102,0
DA:104,0
DA:106,0
DA:107,0
DA:109,0
DA:113,0
DA:114,0
DA:118,0
DA:119,0
DA:120,0
DA:124,0
DA:125,0
DA:126,0
DA:130,1
LF:55
LH:9
BRDA:49,0,0,0
BRDA:49,1,0,0
BRDA:49,1,1,0
BRDA:59,2,0,0
BRDA:59,2,1,0
BRDA:65,3,0,1
BRDA:65,3,1,2
BRDA:76,4,0,0
BRDA:84,5,0,0
BRDA:88,6,0,0
BRDA:92,7,0,0
BRDA:96,8,0,0
BRF:12
BRH:2
end_of_record
TN:
SF:src\shared\errors\AppError.ts
FN:9,(anonymous_0)
FN:26,(anonymous_1)
FN:32,(anonymous_2)
FN:39,(anonymous_3)
FN:45,(anonymous_4)
FN:51,(anonymous_5)
FN:57,(anonymous_6)
FN:63,(anonymous_7)
FN:69,(anonymous_8)
FNF:9
FNH:2
FNDA:1,(anonymous_0)
FNDA:0,(anonymous_1)
FNDA:0,(anonymous_2)
FNDA:0,(anonymous_3)
FNDA:0,(anonymous_4)
FNDA:0,(anonymous_5)
FNDA:1,(anonymous_6)
FNDA:0,(anonymous_7)
FNDA:0,(anonymous_8)
DA:5,2
DA:14,1
DA:15,1
DA:17,1
DA:18,1
DA:20,1
DA:25,2
DA:27,0
DA:31,2
DA:33,0
DA:38,2
DA:40,0
DA:44,2
DA:46,0
DA:50,2
DA:52,0
DA:56,2
DA:58,1
DA:62,2
DA:64,0
DA:68,2
DA:70,0
LF:22
LH:15
BRDA:11,0,0,0
BRDA:12,1,0,1
BRDA:32,2,0,0
BRDA:39,3,0,0
BRDA:45,4,0,0
BRDA:63,5,0,0
BRDA:69,6,0,0
BRF:7
BRH:1
end_of_record
TN:
SF:src\shared\middlewares\AuthMiddleware.ts
FN:33,(anonymous_0)
FN:73,(anonymous_1)
FN:74,(anonymous_2)
FNF:3
FNH:0
FNDA:0,(anonymous_0)
FNDA:0,(anonymous_1)
FNDA:0,(anonymous_2)
DA:13,2
DA:14,2
DA:15,2
DA:17,2
DA:33,2
DA:34,0
DA:36,0
DA:37,0
DA:39,0
DA:40,0
DA:41,0
DA:45,0
DA:48,0
DA:51,0
DA:53,0
DA:55,0
DA:56,0
DA:61,0
DA:72,2
DA:73,2
DA:74,0
DA:75,0
DA:76,0
DA:80,0
DA:83,0
DA:84,0
DA:88,0
DA:92,0
DA:95,0
LF:29
LH:7
BRDA:37,0,0,0
BRDA:37,0,1,0
BRDA:39,1,0,0
BRDA:53,2,0,0
BRDA:53,2,1,0
BRDA:55,3,0,0
BRDA:55,3,1,0
BRDA:75,4,0,0
BRDA:83,5,0,0
BRF:9
BRH:0
end_of_record
TN:
SF:src\shared\services\JWTService.ts
FN:34,(anonymous_1)
FN:49,(anonymous_2)
FN:61,(anonymous_3)
FN:73,(anonymous_4)
FN:82,(anonymous_5)
FNF:5
FNH:0
FNDA:0,(anonymous_1)
FNDA:0,(anonymous_2)
FNDA:0,(anonymous_3)
FNDA:0,(anonymous_4)
FNDA:0,(anonymous_5)
DA:10,2
DA:25,2
DA:26,2
DA:27,2
DA:28,2
DA:29,2
DA:35,0
DA:39,0
DA:43,0
DA:50,0
DA:51,0
DA:52,0
DA:54,0
DA:62,0
DA:63,0
DA:64,0
DA:66,0
DA:74,0
DA:83,0
DA:84,0
DA:86,0
LF:21
LH:6
BRDA:26,0,0,2
BRDA:26,0,1,0
BRDA:27,1,0,2
BRDA:27,1,1,0
BRDA:28,2,0,2
BRDA:28,2,1,0
BRDA:29,3,0,2
BRDA:29,3,1,0
BRF:8
BRH:4
end_of_record
TN:
SF:src\shared\services\PasswordService.ts
FN:15,(anonymous_1)
FN:22,(anonymous_2)
FNF:2
FNH:1
FNDA:2,(anonymous_1)
FNDA:0,(anonymous_2)
DA:7,2
DA:9,2
DA:11,2
DA:16,2
DA:23,0
LF:5
LH:4
BRF:0
BRH:0
end_of_record
TN:
SF:src\shared\services\index.ts
FN:5,(anonymous_0)
FN:7,(anonymous_1)
FNF:2
FNH:1
FNDA:0,(anonymous_0)
FNDA:2,(anonymous_1)
DA:5,2
DA:7,4
LF:2
LH:2
BRF:0
BRH:0
end_of_record
