TN:
SF:src\app.ts
FN:14,(anonymous_1)
FN:20,(anonymous_2)
FN:41,(anonymous_3)
FN:46,(anonymous_4)
FN:55,(anonymous_5)
FN:61,(anonymous_6)
FN:62,(anonymous_7)
FN:70,(anonymous_8)
FNF:8
FNH:3
FNDA:1,(anonymous_1)
FNDA:1,(anonymous_2)
FNDA:0,(anonymous_3)
FNDA:0,(anonymous_4)
FNDA:1,(anonymous_5)
FNDA:0,(anonymous_6)
FNDA:0,(anonymous_7)
FNDA:0,(anonymous_8)
DA:2,1
DA:3,1
DA:4,1
DA:5,1
DA:6,1
DA:7,1
DA:9,1
DA:11,1
DA:15,1
DA:16,1
DA:17,1
DA:21,1
DA:23,1
DA:25,1
DA:38,1
DA:39,1
DA:41,1
DA:42,0
DA:43,0
DA:46,1
DA:47,0
DA:56,1
DA:58,1
DA:62,0
DA:63,0
DA:70,0
DA:71,0
DA:73,0
DA:74,0
DA:81,0
DA:85,0
DA:94,1
DA:96,1
LF:33
LH:22
BRDA:73,0,0,0
BRDA:82,1,0,0
BRDA:82,1,1,0
BRF:3
BRH:0
end_of_record
TN:
SF:src\config\database.ts
FN:19,(anonymous_9)
FN:32,(anonymous_10)
FN:45,(anonymous_11)
FN:73,(anonymous_12)
FNF:4
FNH:3
FNDA:17,(anonymous_9)
FNDA:0,(anonymous_10)
FNDA:1,(anonymous_11)
FNDA:1,(anonymous_12)
DA:1,7
DA:2,7
DA:4,7
DA:20,17
DA:21,4
DA:29,4
DA:32,4
DA:33,0
DA:34,0
DA:37,17
DA:38,17
DA:39,17
DA:40,17
DA:41,17
DA:42,17
DA:46,1
DA:47,1
DA:48,1
DA:49,1
DA:52,1
DA:53,1
DA:54,1
DA:56,0
DA:59,1
DA:60,1
DA:61,1
DA:63,0
DA:66,1
DA:68,0
DA:69,0
DA:74,1
DA:75,1
DA:76,1
DA:80,7
LF:34
LH:28
BRDA:20,0,0,4
BRDA:22,1,0,4
BRDA:22,1,1,0
BRDA:23,2,0,4
BRDA:23,2,1,0
BRDA:24,3,0,4
BRDA:24,3,1,0
BRDA:25,4,0,4
BRDA:25,4,1,0
BRDA:26,5,0,4
BRDA:26,5,1,0
BRF:11
BRH:6
end_of_record
TN:
SF:src\config\logger.ts
FN:18,(anonymous_0)
FN:22,(anonymous_1)
FN:49,(anonymous_2)
FN:53,(anonymous_3)
FN:57,(anonymous_4)
FN:61,(anonymous_5)
FNF:6
FNH:4
FNDA:20,(anonymous_0)
FNDA:6,(anonymous_1)
FNDA:0,(anonymous_2)
FNDA:4,(anonymous_3)
FNDA:2,(anonymous_4)
FNDA:0,(anonymous_5)
DA:19,20
DA:23,6
DA:31,6
DA:33,6
DA:35,0
DA:36,0
DA:38,4
DA:39,4
DA:41,2
DA:42,2
DA:44,0
DA:45,0
DA:50,0
DA:54,4
DA:58,2
DA:62,0
DA:66,4
LF:17
LH:11
BRDA:18,0,0,20
BRDA:19,1,0,20
BRDA:19,1,1,13
BRDA:31,2,0,6
BRDA:31,2,1,0
BRDA:33,3,0,0
BRDA:33,3,1,4
BRDA:33,3,2,2
BRDA:33,3,3,0
BRDA:35,4,0,0
BRDA:35,4,1,0
BRDA:38,5,0,4
BRDA:38,5,1,4
BRDA:41,6,0,2
BRDA:41,6,1,2
BRDA:44,7,0,0
BRDA:44,7,1,0
BRF:17
BRH:10
end_of_record
TN:
SF:src\modules\auth\auth.routes.ts
FN:58,(anonymous_0)
FN:53,(anonymous_1)
FN:54,(anonymous_2)
FN:55,(anonymous_3)
FN:56,(anonymous_4)
FN:57,(anonymous_5)
FN:52,(anonymous_6)
FN:15,createAuthRoutes
FN:34,(anonymous_8)
FN:35,(anonymous_9)
FN:36,(anonymous_10)
FN:37,(anonymous_11)
FN:38,(anonymous_12)
FN:39,(anonymous_13)
FN:42,(anonymous_14)
FN:43,(anonymous_15)
FN:44,(anonymous_16)
FNF:17
FNH:2
FNDA:0,(anonymous_0)
FNDA:0,(anonymous_1)
FNDA:0,(anonymous_2)
FNDA:0,(anonymous_3)
FNDA:0,(anonymous_4)
FNDA:0,(anonymous_5)
FNDA:0,(anonymous_6)
FNDA:3,createAuthRoutes
FNDA:1,(anonymous_8)
FNDA:0,(anonymous_9)
FNDA:0,(anonymous_10)
FNDA:0,(anonymous_11)
FNDA:0,(anonymous_12)
FNDA:0,(anonymous_13)
FNDA:0,(anonymous_14)
FNDA:0,(anonymous_15)
FNDA:0,(anonymous_16)
DA:1,2
DA:2,2
DA:3,2
DA:4,2
DA:5,2
DA:6,2
DA:7,2
DA:8,2
DA:9,2
DA:15,2
DA:16,3
DA:19,3
DA:20,3
DA:21,3
DA:22,3
DA:23,3
DA:24,3
DA:25,3
DA:34,3
DA:35,3
DA:36,3
DA:37,3
DA:38,3
DA:39,3
DA:42,3
DA:43,3
DA:44,3
DA:45,0
DA:46,0
DA:48,3
DA:52,2
DA:53,2
DA:54,2
DA:55,2
DA:56,2
DA:57,2
DA:58,2
LF:37
LH:35
BRF:0
BRH:0
end_of_record
TN:
SF:src\modules\auth\application\dtos\LoginDTO.ts
FN:11,(anonymous_0)
FN:17,(anonymous_1)
FN:31,(anonymous_2)
FN:50,(anonymous_3)
FNF:4
FNH:4
FNDA:6,(anonymous_0)
FNDA:6,(anonymous_1)
FNDA:6,(anonymous_2)
FNDA:1,(anonymous_3)
DA:7,4
DA:12,6
DA:13,6
DA:14,6
DA:18,6
DA:19,0
DA:22,6
DA:23,0
DA:26,6
DA:27,0
DA:32,6
DA:33,6
DA:40,4
DA:58,1
DA:59,1
DA:60,1
LF:16
LH:13
BRDA:18,0,0,0
BRDA:18,1,0,6
BRDA:18,1,1,6
BRDA:22,2,0,0
BRDA:22,3,0,6
BRDA:22,3,1,6
BRDA:26,4,0,0
BRF:7
BRH:4
end_of_record
TN:
SF:src\modules\auth\application\dtos\RegisterDTO.ts
FN:10,(anonymous_0)
FN:17,(anonymous_1)
FN:35,(anonymous_2)
FN:39,(anonymous_3)
FN:53,(anonymous_4)
FNF:5
FNH:5
FNDA:2,(anonymous_0)
FNDA:2,(anonymous_1)
FNDA:2,(anonymous_2)
FNDA:2,(anonymous_3)
FNDA:1,(anonymous_4)
DA:5,3
DA:11,2
DA:12,2
DA:13,2
DA:14,2
DA:18,2
DA:19,0
DA:22,2
DA:23,0
DA:26,2
DA:27,0
DA:30,2
DA:31,0
DA:36,2
DA:40,2
DA:41,2
DA:45,3
DA:61,1
DA:62,1
DA:63,1
DA:64,1
DA:65,1
DA:66,1
LF:23
LH:19
BRDA:18,0,0,0
BRDA:18,1,0,2
BRDA:18,1,1,2
BRDA:22,2,0,0
BRDA:26,3,0,0
BRDA:26,4,0,2
BRDA:26,4,1,2
BRDA:30,5,0,0
BRDA:30,6,0,2
BRDA:30,6,1,2
BRF:10
BRH:6
end_of_record
TN:
SF:src\modules\auth\application\usecases\LoginUseCase.ts
FN:22,(anonymous_0)
FN:24,(anonymous_1)
FNF:2
FNH:2
FNDA:8,(anonymous_0)
FNDA:5,(anonymous_1)
DA:2,3
DA:4,3
DA:5,3
DA:21,3
DA:22,8
DA:26,5
DA:28,5
DA:30,1
DA:34,4
DA:35,1
DA:38,1
DA:42,3
DA:43,1
DA:47,2
DA:49,2
DA:50,1
DA:54,1
DA:61,1
LF:18
LH:18
BRDA:28,0,0,1
BRDA:34,1,0,1
BRDA:34,2,0,4
BRDA:34,2,1,1
BRDA:34,2,2,1
BRDA:38,3,0,1
BRDA:38,3,1,0
BRDA:42,4,0,1
BRDA:49,5,0,1
BRF:9
BRH:8
end_of_record
TN:
SF:src\modules\auth\application\usecases\RegisterUseCase.ts
FN:15,(anonymous_0)
FN:17,(anonymous_1)
FN:32,(anonymous_2)
FNF:3
FNH:3
FNDA:3,(anonymous_0)
FNDA:1,(anonymous_1)
FNDA:1,(anonymous_2)
DA:7,2
DA:9,2
DA:10,2
DA:11,2
DA:12,2
DA:14,2
DA:15,3
DA:18,1
DA:19,1
DA:33,1
DA:36,1
DA:37,1
DA:38,1
DA:39,0
DA:43,1
DA:44,1
DA:45,0
DA:49,1
DA:52,1
DA:53,1
DA:56,1
DA:57,1
DA:73,1
DA:76,1
LF:24
LH:22
BRDA:38,0,0,0
BRDA:44,1,0,0
BRF:2
BRH:0
end_of_record
TN:
SF:src\modules\auth\application\usecases\RequestPasswordResetUseCase.ts
FN:18,(anonymous_0)
FN:20,(anonymous_1)
FN:35,(anonymous_2)
FN:39,(anonymous_3)
FN:43,(anonymous_4)
FNF:5
FNH:5
FNDA:6,(anonymous_0)
FNDA:3,(anonymous_1)
FNDA:2,(anonymous_2)
FNDA:2,(anonymous_3)
FNDA:3,(anonymous_4)
DA:4,3
DA:5,3
DA:17,3
DA:18,6
DA:21,3
DA:22,3
DA:36,2
DA:40,2
DA:44,3
DA:46,3
DA:47,3
DA:49,3
DA:51,3
DA:52,1
DA:55,2
DA:56,2
DA:58,2
DA:59,2
DA:73,2
DA:75,2
DA:80,2
DA:81,1
DA:84,2
LF:23
LH:23
BRDA:51,0,0,1
BRDA:80,1,0,1
BRF:2
BRH:2
end_of_record
TN:
SF:src\modules\auth\application\usecases\ResetPasswordUseCase.ts
FN:19,(anonymous_0)
FN:21,(anonymous_1)
FN:36,(anonymous_2)
FN:40,(anonymous_3)
FNF:4
FNH:4
FNDA:8,(anonymous_0)
FNDA:5,(anonymous_1)
FNDA:5,(anonymous_2)
FNDA:5,(anonymous_3)
DA:3,3
DA:4,3
DA:5,3
DA:18,3
DA:19,8
DA:22,5
DA:23,5
DA:37,5
DA:41,5
DA:43,5
DA:44,5
DA:45,5
DA:47,5
DA:48,0
DA:51,5
DA:52,0
DA:55,5
DA:56,0
DA:59,5
DA:62,5
DA:70,5
DA:71,1
DA:74,4
DA:77,4
DA:78,0
DA:79,0
DA:80,0
DA:81,0
DA:82,0
DA:87,4
DA:88,1
DA:92,1
DA:96,3
DA:97,1
DA:98,1
DA:101,1
DA:102,0
DA:105,1
DA:112,1
DA:113,1
DA:114,1
DA:116,0
DA:121,2
DA:122,2
DA:123,1
DA:127,1
DA:128,1
DA:131,1
DA:136,1
LF:49
LH:39
BRDA:47,0,0,0
BRDA:51,1,0,0
BRDA:55,2,0,0
BRDA:70,3,0,1
BRDA:77,4,0,0
BRDA:80,5,0,0
BRDA:87,6,0,1
BRDA:96,7,0,1
BRDA:101,8,0,0
BRDA:113,9,0,1
BRDA:113,9,1,0
BRDA:122,10,0,1
BRF:12
BRH:5
end_of_record
TN:
SF:src\modules\auth\application\usecases\VerifyEmailUseCase.ts
FN:23,(anonymous_0)
FN:25,(anonymous_1)
FN:40,(anonymous_2)
FNF:3
FNH:3
FNDA:9,(anonymous_0)
FNDA:6,(anonymous_1)
FNDA:6,(anonymous_2)
DA:8,3
DA:9,3
DA:10,3
DA:22,3
DA:23,9
DA:26,6
DA:27,6
DA:41,6
DA:42,6
DA:44,6
DA:45,6
DA:48,6
DA:49,6
DA:50,1
DA:54,5
DA:62,5
DA:63,1
DA:64,0
DA:66,1
DA:69,4
DA:72,4
DA:73,1
DA:77,3
DA:78,3
DA:80,3
DA:81,1
DA:85,1
DA:89,2
DA:91,2
DA:92,1
DA:101,1
DA:102,1
DA:103,1
DA:107,2
DA:115,2
DA:120,2
LF:36
LH:35
BRDA:49,0,0,1
BRDA:62,1,0,1
BRDA:63,2,0,0
BRDA:72,3,0,1
BRDA:80,4,0,1
BRDA:91,5,0,1
BRDA:91,5,1,1
BRDA:102,6,0,1
BRF:8
BRH:7
end_of_record
TN:
SF:src\modules\auth\domain\entities\User.ts
FN:22,(anonymous_0)
FN:53,(anonymous_1)
FN:60,(anonymous_2)
FNF:3
FNH:1
FNDA:7,(anonymous_0)
FNDA:0,(anonymous_1)
FNDA:0,(anonymous_2)
DA:1,4
DA:8,4
DA:36,7
DA:37,7
DA:38,7
DA:39,7
DA:40,7
DA:41,7
DA:42,7
DA:43,7
DA:44,7
DA:45,7
DA:46,7
DA:47,7
DA:54,0
DA:61,0
DA:62,0
LF:17
LH:14
BRDA:26,0,0,0
BRDA:27,1,0,0
BRDA:28,2,0,0
BRDA:29,3,0,1
BRDA:30,4,0,1
BRDA:31,5,0,1
BRDA:32,6,0,7
BRDA:33,7,0,7
BRDA:34,8,0,1
BRDA:54,9,0,0
BRDA:54,9,1,0
BRDA:61,10,0,0
BRDA:61,11,0,0
BRDA:61,11,1,0
BRF:14
BRH:6
end_of_record
TN:
SF:src\modules\auth\infrastructure\controllers\AuthController.ts
FN:20,(anonymous_0)
FN:28,(anonymous_1)
FN:50,(anonymous_2)
FN:71,(anonymous_3)
FN:93,(anonymous_4)
FN:114,(anonymous_5)
FN:135,(anonymous_6)
FN:161,(anonymous_7)
FN:173,(anonymous_8)
FN:185,(anonymous_9)
FNF:10
FNH:5
FNDA:8,(anonymous_0)
FNDA:3,(anonymous_1)
FNDA:1,(anonymous_2)
FNDA:2,(anonymous_3)
FNDA:0,(anonymous_4)
FNDA:0,(anonymous_5)
FNDA:0,(anonymous_6)
FNDA:0,(anonymous_7)
FNDA:0,(anonymous_8)
FNDA:2,(anonymous_9)
DA:7,3
DA:8,3
DA:9,3
DA:10,3
DA:11,3
DA:17,3
DA:18,8
DA:21,8
DA:22,8
DA:23,8
DA:24,8
DA:25,8
DA:29,3
DA:30,3
DA:32,3
DA:33,1
DA:36,2
DA:37,2
DA:39,2
DA:40,2
DA:46,1
DA:51,1
DA:52,1
DA:54,1
DA:55,0
DA:58,1
DA:60,1
DA:61,1
DA:67,0
DA:72,2
DA:73,2
DA:75,2
DA:76,1
DA:79,1
DA:80,1
DA:82,1
DA:83,1
DA:89,1
DA:94,0
DA:95,0
DA:97,0
DA:98,0
DA:101,0
DA:103,0
DA:104,0
DA:110,0
DA:115,0
DA:116,0
DA:118,0
DA:119,0
DA:122,0
DA:124,0
DA:125,0
DA:131,0
DA:136,0
DA:137,0
DA:139,0
DA:140,0
DA:143,0
DA:144,0
DA:150,0
DA:151,0
DA:157,0
DA:162,0
DA:163,0
DA:164,0
DA:169,0
DA:174,0
DA:175,0
DA:181,0
DA:186,2
DA:187,2
DA:188,2
DA:192,0
DA:193,0
DA:194,0
DA:199,0
DA:200,0
LF:78
LH:39
BRDA:32,0,0,1
BRDA:32,1,0,3
BRDA:32,1,1,2
BRDA:32,1,2,2
BRDA:54,2,0,0
BRDA:54,3,0,1
BRDA:54,3,1,1
BRDA:75,4,0,1
BRDA:75,5,0,2
BRDA:75,5,1,2
BRDA:97,6,0,0
BRDA:118,7,0,0
BRDA:118,8,0,0
BRDA:118,8,1,0
BRDA:118,8,2,0
BRDA:139,9,0,0
BRDA:186,10,0,2
BRDA:186,10,1,0
BRDA:192,11,0,0
BRDA:192,11,1,0
BRDA:196,12,0,0
BRDA:196,12,1,0
BRF:22
BRH:10
end_of_record
TN:
SF:src\modules\auth\infrastructure\repositories\UserRepository.ts
FN:21,(anonymous_0)
FN:24,(anonymous_1)
FN:56,(anonymous_2)
FN:62,(anonymous_3)
FN:68,(anonymous_4)
FN:71,(anonymous_5)
FN:74,(anonymous_6)
FN:112,(anonymous_7)
FN:117,(anonymous_8)
FN:120,(anonymous_9)
FN:123,(anonymous_10)
FN:126,(anonymous_11)
FN:129,(anonymous_12)
FNF:13
FNH:9
FNDA:5,(anonymous_0)
FNDA:1,(anonymous_1)
FNDA:3,(anonymous_2)
FNDA:2,(anonymous_3)
FNDA:1,(anonymous_4)
FNDA:1,(anonymous_5)
FNDA:1,(anonymous_6)
FNDA:1,(anonymous_7)
FNDA:0,(anonymous_8)
FNDA:0,(anonymous_9)
FNDA:0,(anonymous_10)
FNDA:0,(anonymous_11)
FNDA:6,(anonymous_12)
DA:1,3
DA:2,3
DA:4,3
DA:21,3
DA:22,5
DA:25,1
DA:33,1
DA:45,1
DA:46,1
DA:47,1
DA:49,0
DA:50,0
DA:52,0
DA:57,3
DA:58,3
DA:59,3
DA:63,2
DA:64,2
DA:65,2
DA:69,1
DA:70,1
DA:71,1
DA:75,1
DA:76,1
DA:77,0
DA:80,1
DA:81,1
DA:82,1
DA:84,1
DA:85,1
DA:86,1
DA:88,1
DA:89,0
DA:90,0
DA:92,1
DA:93,1
DA:94,1
DA:96,1
DA:97,0
DA:98,0
DA:101,1
DA:102,1
DA:104,1
DA:106,1
DA:107,1
DA:109,1
DA:113,1
DA:114,1
DA:118,0
DA:119,0
DA:120,0
DA:124,0
DA:125,0
DA:126,0
DA:130,6
LF:55
LH:41
BRDA:49,0,0,0
BRDA:49,1,0,0
BRDA:49,1,1,0
BRDA:59,2,0,2
BRDA:59,2,1,1
BRDA:65,3,0,1
BRDA:65,3,1,1
BRDA:76,4,0,0
BRDA:84,5,0,1
BRDA:88,6,0,0
BRDA:92,7,0,1
BRDA:96,8,0,0
BRDA:142,9,0,0
BRDA:142,9,1,6
BRF:14
BRH:7
end_of_record
TN:
SF:src\modules\users\user.routes.ts
FN:14,createUserRoutes
FN:36,(anonymous_1)
FN:37,(anonymous_2)
FN:38,(anonymous_3)
FN:41,(anonymous_4)
FN:42,(anonymous_5)
FN:43,(anonymous_6)
FN:44,(anonymous_7)
FNF:8
FNH:1
FNDA:1,createUserRoutes
FNDA:0,(anonymous_1)
FNDA:0,(anonymous_2)
FNDA:0,(anonymous_3)
FNDA:0,(anonymous_4)
FNDA:0,(anonymous_5)
FNDA:0,(anonymous_6)
FNDA:0,(anonymous_7)
DA:1,1
DA:2,1
DA:3,1
DA:4,1
DA:5,1
DA:6,1
DA:7,1
DA:8,1
DA:9,1
DA:10,1
DA:11,1
DA:12,1
DA:14,1
DA:15,1
DA:18,1
DA:19,1
DA:20,1
DA:22,1
DA:23,1
DA:24,1
DA:25,1
DA:26,1
DA:27,1
DA:29,1
DA:36,1
DA:37,1
DA:38,1
DA:41,1
DA:42,1
DA:43,1
DA:44,1
DA:46,1
LF:32
LH:32
BRF:0
BRH:0
end_of_record
TN:
SF:src\modules\users\application\dtos\UserProfileDTO.ts
FN:16,(anonymous_0)
FN:39,(anonymous_1)
FNF:2
FNH:1
FNDA:1,(anonymous_0)
FNDA:0,(anonymous_1)
DA:5,2
DA:17,1
DA:21,2
DA:40,0
DA:41,0
DA:42,0
DA:43,0
DA:44,0
DA:45,0
DA:46,0
DA:47,0
DA:48,0
DA:49,0
DA:50,0
DA:51,0
DA:52,0
DA:53,0
DA:54,0
DA:55,0
LF:19
LH:3
BRDA:45,0,0,0
BRDA:45,0,1,0
BRF:2
BRH:0
end_of_record
TN:
SF:src\modules\users\application\dtos\VehicleDTO.ts
FN:14,(anonymous_0)
FN:25,(anonymous_1)
FN:44,(anonymous_2)
FNF:3
FNH:3
FNDA:5,(anonymous_0)
FNDA:5,(anonymous_1)
FNDA:6,(anonymous_2)
DA:5,4
DA:15,5
DA:16,5
DA:17,5
DA:18,5
DA:19,5
DA:20,5
DA:21,5
DA:22,5
DA:26,5
DA:27,1
DA:29,4
DA:30,1
DA:35,4
DA:45,6
DA:46,6
DA:47,6
DA:48,6
DA:49,6
DA:50,6
DA:51,6
LF:21
LH:21
BRDA:20,0,0,5
BRDA:20,0,1,1
BRDA:26,1,0,1
BRDA:26,2,0,5
BRDA:26,2,1,4
BRDA:26,2,2,4
BRDA:26,2,3,4
BRDA:29,3,0,1
BRDA:29,4,0,4
BRDA:29,4,1,4
BRDA:45,5,0,5
BRDA:46,6,0,2
BRDA:47,7,0,0
BRDA:48,8,0,0
BRDA:49,9,0,0
BRDA:50,10,0,1
BRDA:51,11,0,0
BRF:17
BRH:13
end_of_record
TN:
SF:src\modules\users\application\usecases\CreateVehicleUseCase.ts
FN:12,(anonymous_0)
FN:14,(anonymous_1)
FNF:2
FNH:1
FNDA:1,(anonymous_0)
FNDA:0,(anonymous_1)
DA:3,1
DA:11,1
DA:12,1
DA:15,0
DA:26,0
LF:5
LH:3
BRDA:22,0,0,0
BRDA:22,0,1,0
BRDA:23,1,0,0
BRDA:23,1,1,0
BRF:4
BRH:0
end_of_record
TN:
SF:src\modules\users\application\usecases\DeleteVehicleUseCase.ts
FN:11,(anonymous_0)
FN:13,(anonymous_1)
FNF:2
FNH:2
FNDA:4,(anonymous_0)
FNDA:3,(anonymous_1)
DA:3,2
DA:10,2
DA:11,4
DA:14,3
DA:15,3
DA:16,1
DA:18,2
DA:19,1
DA:21,1
LF:9
LH:9
BRDA:15,0,0,1
BRDA:18,1,0,1
BRF:2
BRH:2
end_of_record
TN:
SF:src\modules\users\application\usecases\GetProfileUseCase.ts
FN:8,(anonymous_0)
FN:13,(anonymous_1)
FNF:2
FNH:1
FNDA:1,(anonymous_0)
FNDA:0,(anonymous_1)
DA:4,1
DA:5,1
DA:7,1
DA:9,1
DA:10,1
DA:14,0
DA:15,0
DA:16,0
DA:19,0
DA:21,0
LF:10
LH:5
BRDA:15,0,0,0
BRDA:27,1,0,0
BRDA:27,1,1,0
BRDA:29,2,0,0
BRDA:29,2,1,0
BRDA:30,3,0,0
BRDA:30,3,1,0
BRDA:31,4,0,0
BRDA:31,4,1,0
BRDA:32,5,0,0
BRDA:32,5,1,0
BRDA:33,6,0,0
BRDA:33,6,1,0
BRDA:34,7,0,0
BRDA:34,7,1,0
BRDA:35,8,0,0
BRDA:35,8,1,0
BRDA:36,9,0,0
BRDA:36,9,1,0
BRDA:37,10,0,0
BRDA:37,10,1,0
BRF:21
BRH:0
end_of_record
TN:
SF:src\modules\users\application\usecases\GetUserVehiclesUseCase.ts
FN:6,(anonymous_0)
FN:8,(anonymous_1)
FNF:2
FNH:1
FNDA:1,(anonymous_0)
FNDA:0,(anonymous_1)
DA:5,1
DA:6,1
DA:9,0
LF:3
LH:2
BRF:0
BRH:0
end_of_record
TN:
SF:src\modules\users\application\usecases\UpdateProfileUseCase.ts
FN:13,(anonymous_9)
FN:18,(anonymous_10)
FN:32,(anonymous_11)
FNF:3
FNH:1
FNDA:1,(anonymous_9)
FNDA:0,(anonymous_10)
FNDA:0,(anonymous_11)
DA:3,1
DA:5,1
DA:12,1
DA:14,1
DA:15,1
DA:19,0
DA:20,0
DA:21,0
DA:25,0
DA:26,0
DA:30,0
DA:31,0
DA:32,0
DA:33,0
DA:38,0
DA:40,0
DA:42,0
LF:17
LH:5
BRDA:20,0,0,0
BRDA:25,1,0,0
BRDA:31,2,0,0
BRDA:48,3,0,0
BRDA:48,3,1,0
BRDA:50,4,0,0
BRDA:50,4,1,0
BRDA:51,5,0,0
BRDA:51,5,1,0
BRDA:52,6,0,0
BRDA:52,6,1,0
BRDA:53,7,0,0
BRDA:53,7,1,0
BRDA:54,8,0,0
BRDA:54,8,1,0
BRDA:55,9,0,0
BRDA:55,9,1,0
BRDA:56,10,0,0
BRDA:56,10,1,0
BRDA:57,11,0,0
BRDA:57,11,1,0
BRDA:58,12,0,0
BRDA:58,12,1,0
BRF:23
BRH:0
end_of_record
TN:
SF:src\modules\users\application\usecases\UpdateVehicleUseCase.ts
FN:7,(anonymous_0)
FN:9,(anonymous_1)
FNF:2
FNH:2
FNDA:4,(anonymous_0)
FNDA:3,(anonymous_1)
DA:4,2
DA:6,2
DA:7,4
DA:10,3
DA:11,3
DA:12,1
DA:14,2
DA:15,1
DA:17,1
LF:9
LH:9
BRDA:11,0,0,1
BRDA:14,1,0,1
BRF:2
BRH:2
end_of_record
TN:
SF:src\modules\users\domain\entities\UserProfile.ts
FN:22,(anonymous_0)
FNF:1
FNH:0
FNDA:0,(anonymous_0)
DA:1,1
DA:7,1
DA:37,0
DA:38,0
DA:39,0
DA:40,0
DA:41,0
DA:42,0
DA:43,0
DA:44,0
DA:45,0
DA:46,0
DA:47,0
DA:48,0
DA:49,0
LF:15
LH:2
BRDA:24,0,0,0
BRDA:25,1,0,0
BRDA:26,2,0,0
BRDA:27,3,0,0
BRDA:28,4,0,0
BRDA:29,5,0,0
BRDA:30,6,0,0
BRDA:31,7,0,0
BRDA:32,8,0,0
BRDA:33,9,0,0
BRDA:34,10,0,0
BRDA:35,11,0,0
BRF:12
BRH:0
end_of_record
TN:
SF:src\modules\users\domain\entities\Vehicle.ts
FN:20,(anonymous_0)
FNF:1
FNH:1
FNDA:6,(anonymous_0)
DA:1,2
DA:6,2
DA:34,6
DA:35,6
DA:36,6
DA:37,6
DA:38,6
DA:39,6
DA:40,6
DA:41,6
DA:42,6
DA:43,6
DA:44,6
DA:45,6
LF:14
LH:14
BRDA:26,0,0,0
BRDA:27,1,0,0
BRDA:28,2,0,0
BRDA:29,3,0,0
BRDA:30,4,0,0
BRDA:31,5,0,0
BRDA:32,6,0,0
BRF:7
BRH:0
end_of_record
TN:
SF:src\modules\users\infrastructure\controllers\UserController.ts
FN:16,(anonymous_0)
FN:26,(anonymous_1)
FN:36,(anonymous_2)
FN:48,(anonymous_3)
FN:59,(anonymous_4)
FN:69,(anonymous_5)
FN:81,(anonymous_6)
FN:94,(anonymous_7)
FNF:8
FNH:7
FNDA:9,(anonymous_0)
FNDA:1,(anonymous_1)
FNDA:1,(anonymous_2)
FNDA:1,(anonymous_3)
FNDA:1,(anonymous_4)
FNDA:1,(anonymous_5)
FNDA:1,(anonymous_6)
FNDA:0,(anonymous_7)
DA:8,2
DA:9,2
DA:10,2
DA:11,2
DA:13,2
DA:14,9
DA:17,9
DA:18,9
DA:19,9
DA:20,9
DA:21,9
DA:22,9
DA:27,1
DA:28,1
DA:29,1
DA:30,1
DA:32,0
DA:37,1
DA:38,1
DA:39,1
DA:40,1
DA:41,1
DA:43,0
DA:49,1
DA:50,1
DA:51,1
DA:52,1
DA:53,1
DA:55,0
DA:60,1
DA:61,1
DA:62,1
DA:63,1
DA:65,0
DA:70,1
DA:71,1
DA:72,1
DA:73,1
DA:74,1
DA:75,1
DA:77,0
DA:82,1
DA:83,1
DA:84,1
DA:85,1
DA:86,1
DA:87,1
DA:88,1
DA:90,0
DA:95,0
DA:96,0
DA:97,0
DA:98,0
DA:99,0
DA:100,0
DA:102,0
LF:56
LH:43
BRDA:28,0,0,1
BRDA:28,0,1,0
BRDA:73,1,0,0
BRDA:85,2,0,0
BRDA:95,3,0,0
BRDA:95,3,1,0
BRDA:98,4,0,0
BRDA:98,4,1,0
BRF:8
BRH:1
end_of_record
TN:
SF:src\modules\users\infrastructure\repositories\UserProfileRepository.ts
FN:21,(anonymous_0)
FN:24,(anonymous_1)
FN:32,(anonymous_2)
FN:47,(anonymous_3)
FN:85,(anonymous_4)
FNF:5
FNH:1
FNDA:1,(anonymous_0)
FNDA:0,(anonymous_1)
FNDA:0,(anonymous_2)
FNDA:0,(anonymous_3)
FNDA:0,(anonymous_4)
DA:1,1
DA:2,1
DA:21,1
DA:22,1
DA:25,0
DA:29,0
DA:33,0
DA:38,0
DA:43,0
DA:44,0
DA:48,0
DA:49,0
DA:50,0
DA:52,0
DA:64,0
DA:65,0
DA:66,0
DA:67,0
DA:71,0
DA:72,0
DA:73,0
DA:76,0
DA:77,0
DA:78,0
DA:80,0
DA:81,0
DA:82,0
DA:86,0
LF:28
LH:4
BRDA:29,0,0,0
BRDA:29,0,1,0
BRDA:65,1,0,0
BRDA:71,2,0,0
BRF:4
BRH:0
end_of_record
TN:
SF:src\modules\users\infrastructure\repositories\VehicleRepository.ts
FN:21,(anonymous_0)
FN:24,(anonymous_1)
FN:39,(anonymous_2)
FN:44,(anonymous_3)
FN:49,(anonymous_4)
FN:52,(anonymous_5)
FN:81,(anonymous_6)
FN:85,(anonymous_7)
FNF:8
FNH:8
FNDA:2,(anonymous_0)
FNDA:1,(anonymous_1)
FNDA:3,(anonymous_2)
FNDA:1,(anonymous_3)
FNDA:1,(anonymous_4)
FNDA:1,(anonymous_5)
FNDA:1,(anonymous_6)
FNDA:6,(anonymous_7)
DA:1,2
DA:2,2
DA:4,2
DA:21,2
DA:22,2
DA:25,1
DA:30,1
DA:35,1
DA:36,1
DA:40,3
DA:41,3
DA:45,1
DA:49,1
DA:53,1
DA:54,1
DA:56,1
DA:57,1
DA:58,1
DA:60,1
DA:65,1
DA:66,8
DA:67,2
DA:68,2
DA:72,1
DA:73,1
DA:74,1
DA:76,1
DA:77,1
DA:78,1
DA:82,1
DA:86,6
LF:31
LH:31
BRDA:41,0,0,3
BRDA:41,0,1,0
BRDA:54,1,0,0
BRDA:66,2,0,2
BRF:4
BRH:2
end_of_record
TN:
SF:src\shared\errors\AppError.ts
FN:9,(anonymous_0)
FN:26,(anonymous_1)
FN:32,(anonymous_2)
FN:39,(anonymous_3)
FN:45,(anonymous_4)
FN:51,(anonymous_5)
FN:57,(anonymous_6)
FN:63,(anonymous_7)
FN:69,(anonymous_8)
FNF:9
FNH:5
FNDA:17,(anonymous_0)
FNDA:7,(anonymous_1)
FNDA:4,(anonymous_2)
FNDA:0,(anonymous_3)
FNDA:2,(anonymous_4)
FNDA:4,(anonymous_5)
FNDA:0,(anonymous_6)
FNDA:0,(anonymous_7)
FNDA:0,(anonymous_8)
DA:5,11
DA:14,17
DA:15,17
DA:17,17
DA:18,17
DA:20,17
DA:25,11
DA:27,7
DA:31,11
DA:33,4
DA:38,11
DA:40,0
DA:44,11
DA:46,2
DA:50,11
DA:52,4
DA:56,11
DA:58,0
DA:62,11
DA:64,0
DA:68,11
DA:70,0
LF:22
LH:18
BRDA:11,0,0,0
BRDA:12,1,0,17
BRDA:32,2,0,0
BRDA:39,3,0,0
BRDA:45,4,0,0
BRDA:63,5,0,0
BRDA:69,6,0,0
BRF:7
BRH:1
end_of_record
TN:
SF:src\shared\middlewares\AuthMiddleware.ts
FN:33,(anonymous_0)
FN:73,(anonymous_1)
FN:74,(anonymous_2)
FNF:3
FNH:1
FNDA:0,(anonymous_0)
FNDA:4,(anonymous_1)
FNDA:0,(anonymous_2)
DA:13,2
DA:14,2
DA:15,2
DA:17,2
DA:33,2
DA:34,0
DA:36,0
DA:37,0
DA:39,0
DA:40,0
DA:41,0
DA:45,0
DA:48,0
DA:51,0
DA:53,0
DA:55,0
DA:56,0
DA:61,0
DA:72,2
DA:73,2
DA:74,4
DA:75,0
DA:76,0
DA:80,0
DA:83,0
DA:84,0
DA:88,0
DA:92,0
DA:95,0
LF:29
LH:8
BRDA:37,0,0,0
BRDA:37,0,1,0
BRDA:39,1,0,0
BRDA:53,2,0,0
BRDA:53,2,1,0
BRDA:55,3,0,0
BRDA:55,3,1,0
BRDA:75,4,0,0
BRDA:83,5,0,0
BRF:9
BRH:0
end_of_record
TN:
SF:src\shared\services\EmailService.ts
FN:4,(anonymous_1)
FN:8,(anonymous_2)
FN:45,(anonymous_3)
FN:62,(anonymous_4)
FN:76,(anonymous_5)
FN:90,(anonymous_6)
FN:105,(anonymous_7)
FN:124,(anonymous_8)
FN:143,(anonymous_9)
FN:163,(anonymous_10)
FN:182,(anonymous_11)
FNF:11
FNH:6
FNDA:1,(anonymous_1)
FNDA:6,(anonymous_2)
FNDA:6,(anonymous_3)
FNDA:4,(anonymous_4)
FNDA:1,(anonymous_5)
FNDA:0,(anonymous_6)
FNDA:1,(anonymous_7)
FNDA:0,(anonymous_8)
FNDA:0,(anonymous_9)
FNDA:0,(anonymous_10)
FNDA:0,(anonymous_11)
DA:1,3
DA:3,3
DA:5,1
DA:9,6
DA:10,6
DA:12,6
DA:13,1
DA:14,1
DA:16,0
DA:21,5
DA:22,5
DA:24,5
DA:25,0
DA:36,5
DA:46,6
DA:48,6
DA:49,1
DA:50,1
DA:53,5
DA:54,5
DA:56,1
DA:63,4
DA:77,1
DA:91,0
DA:106,1
DA:125,0
DA:144,0
DA:164,0
DA:183,0
LF:29
LH:22
BRDA:12,0,0,1
BRDA:12,1,0,6
BRDA:12,1,1,5
BRDA:13,2,0,1
BRDA:24,3,0,0
BRDA:27,4,0,0
BRDA:27,4,1,0
BRDA:48,5,0,1
BRDA:57,6,0,1
BRDA:57,6,1,0
BRDA:64,7,0,4
BRDA:64,7,1,1
BRDA:78,8,0,1
BRDA:78,8,1,0
BRDA:92,9,0,0
BRDA:92,9,1,0
BRDA:107,10,0,1
BRDA:107,10,1,0
BRDA:126,11,0,0
BRDA:126,11,1,0
BRDA:145,12,0,0
BRDA:145,12,1,0
BRDA:157,13,0,0
BRDA:157,13,1,0
BRDA:165,14,0,0
BRDA:165,14,1,0
BRDA:170,15,0,0
BRDA:170,15,1,0
BRDA:184,16,0,0
BRDA:184,16,1,0
BRF:30
BRH:10
end_of_record
TN:
SF:src\shared\services\JWTService.ts
FN:34,(anonymous_1)
FN:49,(anonymous_2)
FN:61,(anonymous_3)
FN:73,(anonymous_4)
FN:82,(anonymous_5)
FNF:5
FNH:0
FNDA:0,(anonymous_1)
FNDA:0,(anonymous_2)
FNDA:0,(anonymous_3)
FNDA:0,(anonymous_4)
FNDA:0,(anonymous_5)
DA:10,4
DA:25,4
DA:26,4
DA:27,4
DA:28,4
DA:29,4
DA:35,0
DA:39,0
DA:43,0
DA:50,0
DA:51,0
DA:52,0
DA:54,0
DA:62,0
DA:63,0
DA:64,0
DA:66,0
DA:74,0
DA:83,0
DA:84,0
DA:86,0
LF:21
LH:6
BRDA:26,0,0,4
BRDA:26,0,1,1
BRDA:27,1,0,4
BRDA:27,1,1,1
BRDA:28,2,0,4
BRDA:28,2,1,1
BRDA:29,3,0,4
BRDA:29,3,1,1
BRF:8
BRH:8
end_of_record
TN:
SF:src\shared\services\PasswordService.ts
FN:15,(anonymous_1)
FN:22,(anonymous_2)
FNF:2
FNH:1
FNDA:1,(anonymous_1)
FNDA:0,(anonymous_2)
DA:7,4
DA:9,4
DA:11,4
DA:16,1
DA:23,0
LF:5
LH:4
BRF:0
BRH:0
end_of_record
TN:
SF:src\shared\services\index.ts
FN:5,(anonymous_0)
FN:7,(anonymous_1)
FNF:2
FNH:2
FNDA:1,(anonymous_0)
FNDA:2,(anonymous_1)
DA:5,5
DA:7,6
LF:2
LH:2
BRF:0
BRH:0
end_of_record
